Test results:
Module:- Overlord
Comment: Nothing happened when i ran the utf.py file
sandeepermasmbp:test_target sandeepverma$ python utf.py -a
sandeepermasmbp:test_target sandeepverma$ 


Module:- experimentmanager
Comment: Nothing happened when i ran the utf.py file
sandeepermasmbp:test_target sandeepverma$ python utf.py -a
sandeepermasmbp:test_target sandeepverma$ ls

Module:- clearinghouse
python utf.py -a 
Testing module: seattlelib
	Running: ut_seattlelib_advertisepipe_works.r2py             [ FAIL ]
--------------------------------------------------------------------------------
Standard error :
..............................Produced..............................
Internal Error
---
Uncaught exception!
---
Following is a full traceback, and a user traceback.
The user traceback excludes non-user modules. The most recent call is displayed last.

Full debugging traceback:
  "/Users/sandeepverma/Desktop/seattle_project/test_build/clearinghouse/scripts/test_target/namespace.py", line 1207, in wrapped_function
  "/Users/sandeepverma/Desktop/seattle_project/test_build/clearinghouse/scripts/test_target/emulcomm.py", line 886, in sendmessage

User traceback:

Exception (with class 'socket.error'): [Errno 1] Operation not permitted
---

..............................Expected..............................
None
--------------------------------------------------------------------------------
	Running: ut_seattlelib_centralizeadvertise.py               [ PASS ]
	Running: ut_seattlelib_centralizeadvertise_v2.py            [ FAIL ]
--------------------------------------------------------------------------------
Standard error :
..............................Produced..............................
Traceback (most recent call last):
  File "ut_seattlelib_centralizeadvertise_v2.py", line 19, in <module>
    v2centralizedadvertise_announce("test", "234389459", 10)
  File "/Users/sandeepverma/Desktop/seattle_project/test_build/clearinghouse/scripts/test_target/centralizedadvertise_v2.r2py", line 79, in v2centralizedadvertise_announce
    session.session_sendmessage(sockobj, datastringtosend)
  File "sockettimeout.r2py", line 301, in timeout_openconnection
    break
  File "/Users/sandeepverma/Desktop/seattle_project/test_build/clearinghouse/scripts/test_target/emulcomm.py", line 1304, in openconnection
    sock = _timed_conn_initialize(localip,localport,destip,destport, timeout)
  File "/Users/sandeepverma/Desktop/seattle_project/test_build/clearinghouse/scripts/test_target/emulcomm.py", line 1159, in _timed_conn_initialize
    raise ConnectionRefusedError("The connection was refused!") 
exception_hierarchy.ConnectionRefusedError: The connection was refused!

..............................Expected..............................
None
--------------------------------------------------------------------------------
	Running: ut_seattlelib_dylink_catch_nestedimport_exception.r2py [ PASS ]
	Running: ut_seattlelib_dylinkcircularimport1.r2py           [ PASS ]
	Running: ut_seattlelib_dylinkcircularimport2.r2py           [ PASS ]
	Running: ut_seattlelib_dylinkcircularimportsymbols1.r2py    [ PASS ]
	Running: ut_seattlelib_dylinkcircularimportsymbols2.r2py    [ PASS ]
	Running: ut_seattlelib_dylinkdispatch.r2py                  [ PASS ]
	Running: ut_seattlelib_dylinkimportmodule.r2py              [ PASS ]
	Running: ut_seattlelib_dylinkimportmodulesymbols.r2py       [ PASS ]
	Running: ut_seattlelib_dylinkoverwritesymbols.r2py          [ PASS ]
	Running: ut_seattlelib_dylinkpythonfromximport.py           [ PASS ]
	Running: ut_seattlelib_dylinkpythonimport.py                [ PASS ]
	Running: ut_seattlelib_dylinkrepyportabilityimportmodule.py [ PASS ]
	Running: ut_seattlelib_dylinkrepyportabilityimportmodulesymbols.py [ FAIL ]
--------------------------------------------------------------------------------
Standard out :
..............................Produced..............................
Unexpected contents in variable: local override (expected examplelib-repy.r2py's foo)

..............................Expected..............................
None
--------------------------------------------------------------------------------
	Running: ut_seattlelib_dylinkrespectsfileextensions.r2py    [ PASS ]
	Running: ut_seattlelib_dylinkselfimport.r2py                [ PASS ]
	Running: ut_seattlelib_dylinksimple.r2py                    [ PASS ]
	Running: ut_seattlelib_dylinksimplepython.py                [ PASS ]
	Running: ut_seattlelib_dylinktestlib1.r2py                  [ PASS ]
	Running: ut_seattlelib_dylinktestlib2.r2py                  [ PASS ]
	Running: ut_seattlelib_ntptime.py                           [ PASS ]
	Running: ut_seattlelib_parallelize_finishes.py              [ PASS ]
	Running: ut_seattlelib_session.r2py                         [ PASS ]
	Running: ut_seattlelib_sockettimeout.py                     [ PASS ]
	Running: ut_seattlelib_tcptime.py                           [ FAIL ]
--------------------------------------------------------------------------------
Standard out :
..............................Produced..............................
[FAILED]: TCP time failed for following reason: time_updatetime called before time_register_method!
..............................Expected..............................
None
--------------------------------------------------------------------------------
	Running: ut_seattlelib_time_interface_updatetime_before_registermethod.r2py [ PASS ]
	Running: ut_seattlelib_udpcentralizeadvertise.py            [ PASS ]
Testing module: repyv2api
	Running: ut_repyv2api_connectionduplicateclose.py           [ PASS ]
	Running: ut_repyv2api_connectionrecvlocalclose.py           [ FAIL ]
--------------------------------------------------------------------------------
Standard error :
..............................Produced..............................
---
Uncaught exception!
---
Following is a full traceback, and a user traceback.
The user traceback excludes non-user modules. The most recent call is displayed last.

Full debugging traceback:
  "repy.py", line 154, in execute_namespace_until_completion
  "/Users/sandeepverma/Desktop/seattle_project/test_build/clearinghouse/scripts/test_target/virtual_namespace.py", line 117, in evaluate
  "/Users/sandeepverma/Desktop/seattle_project/test_build/clearinghouse/scripts/test_target/safe.py", line 588, in safe_run
  "ut_repyv2api_connectionrecvlocalclose.py", line 17, in <module>
  "/Users/sandeepverma/Desktop/seattle_project/test_build/clearinghouse/scripts/test_target/namespace.py", line 1207, in wrapped_function
  "/Users/sandeepverma/Desktop/seattle_project/test_build/clearinghouse/scripts/test_target/emulcomm.py", line 1316, in openconnection
  "/Users/sandeepverma/Desktop/seattle_project/test_build/clearinghouse/scripts/test_target/emulcomm.py", line 1104, in _conn_cleanup_check

User traceback:
  "ut_repyv2api_connectionrecvlocalclose.py", line 17, in <module>

Exception (with class 'exception_hierarchy.CleanupInProgressError'): The socket is being cleaned up by the operating system!
---

..............................Expected..............................
None
--------------------------------------------------------------------------------
	Running: ut_repyv2api_connectionrecvremoteclose.py          [ FAIL ]
--------------------------------------------------------------------------------
Standard error :
..............................Produced..............................
---
Uncaught exception!
---
Following is a full traceback, and a user traceback.
The user traceback excludes non-user modules. The most recent call is displayed last.

Full debugging traceback:
  "repy.py", line 154, in execute_namespace_until_completion
  "/Users/sandeepverma/Desktop/seattle_project/test_build/clearinghouse/scripts/test_target/virtual_namespace.py", line 117, in evaluate
  "/Users/sandeepverma/Desktop/seattle_project/test_build/clearinghouse/scripts/test_target/safe.py", line 588, in safe_run
  "ut_repyv2api_connectionrecvremoteclose.py", line 17, in <module>
  "/Users/sandeepverma/Desktop/seattle_project/test_build/clearinghouse/scripts/test_target/namespace.py", line 1207, in wrapped_function
  "/Users/sandeepverma/Desktop/seattle_project/test_build/clearinghouse/scripts/test_target/emulcomm.py", line 1316, in openconnection
  "/Users/sandeepverma/Desktop/seattle_project/test_build/clearinghouse/scripts/test_target/emulcomm.py", line 1104, in _conn_cleanup_check

User traceback:
  "ut_repyv2api_connectionrecvremoteclose.py", line 17, in <module>

Exception (with class 'exception_hierarchy.CleanupInProgressError'): The socket is being cleaned up by the operating system!
---

..............................Expected..............................
None
--------------------------------------------------------------------------------
	Running: ut_repyv2api_connectionrecvwouldblock.py           [ FAIL ]
--------------------------------------------------------------------------------
Standard error :
..............................Produced..............................
---
Uncaught exception!
---
Following is a full traceback, and a user traceback.
The user traceback excludes non-user modules. The most recent call is displayed last.

Full debugging traceback:
  "repy.py", line 154, in execute_namespace_until_completion
  "/Users/sandeepverma/Desktop/seattle_project/test_build/clearinghouse/scripts/test_target/virtual_namespace.py", line 117, in evaluate
  "/Users/sandeepverma/Desktop/seattle_project/test_build/clearinghouse/scripts/test_target/safe.py", line 588, in safe_run
  "ut_repyv2api_connectionrecvwouldblock.py", line 16, in <module>
  "/Users/sandeepverma/Desktop/seattle_project/test_build/clearinghouse/scripts/test_target/namespace.py", line 1207, in wrapped_function
  "/Users/sandeepverma/Desktop/seattle_project/test_build/clearinghouse/scripts/test_target/emulcomm.py", line 1316, in openconnection
  "/Users/sandeepverma/Desktop/seattle_project/test_build/clearinghouse/scripts/test_target/emulcomm.py", line 1104, in _conn_cleanup_check

User traceback:
  "ut_repyv2api_connectionrecvwouldblock.py", line 16, in <module>

Exception (with class 'exception_hierarchy.CleanupInProgressError'): The socket is being cleaned up by the operating system!
---

..............................Expected..............................
None
--------------------------------------------------------------------------------
	Running: ut_repyv2api_connectionsendlocalclose.py           [ FAIL ]
--------------------------------------------------------------------------------
Standard error :
..............................Produced..............................
---
Uncaught exception!
---
Following is a full traceback, and a user traceback.
The user traceback excludes non-user modules. The most recent call is displayed last.

Full debugging traceback:
  "repy.py", line 154, in execute_namespace_until_completion
  "/Users/sandeepverma/Desktop/seattle_project/test_build/clearinghouse/scripts/test_target/virtual_namespace.py", line 117, in evaluate
  "/Users/sandeepverma/Desktop/seattle_project/test_build/clearinghouse/scripts/test_target/safe.py", line 588, in safe_run
  "ut_repyv2api_connectionsendlocalclose.py", line 17, in <module>
  "/Users/sandeepverma/Desktop/seattle_project/test_build/clearinghouse/scripts/test_target/namespace.py", line 1207, in wrapped_function
  "/Users/sandeepverma/Desktop/seattle_project/test_build/clearinghouse/scripts/test_target/emulcomm.py", line 1316, in openconnection
  "/Users/sandeepverma/Desktop/seattle_project/test_build/clearinghouse/scripts/test_target/emulcomm.py", line 1104, in _conn_cleanup_check

User traceback:
  "ut_repyv2api_connectionsendlocalclose.py", line 17, in <module>

Exception (with class 'exception_hierarchy.CleanupInProgressError'): The socket is being cleaned up by the operating system!
---

..............................Expected..............................
None
--------------------------------------------------------------------------------
	Running: ut_repyv2api_connectionsendremoteclose.py          [ FAIL ]
--------------------------------------------------------------------------------
Standard error :
..............................Produced..............................
---
Uncaught exception!
---
Following is a full traceback, and a user traceback.
The user traceback excludes non-user modules. The most recent call is displayed last.

Full debugging traceback:
  "repy.py", line 154, in execute_namespace_until_completion
  "/Users/sandeepverma/Desktop/seattle_project/test_build/clearinghouse/scripts/test_target/virtual_namespace.py", line 117, in evaluate
  "/Users/sandeepverma/Desktop/seattle_project/test_build/clearinghouse/scripts/test_target/safe.py", line 588, in safe_run
  "ut_repyv2api_connectionsendremoteclose.py", line 17, in <module>
  "/Users/sandeepverma/Desktop/seattle_project/test_build/clearinghouse/scripts/test_target/namespace.py", line 1207, in wrapped_function
  "/Users/sandeepverma/Desktop/seattle_project/test_build/clearinghouse/scripts/test_target/emulcomm.py", line 1316, in openconnection
  "/Users/sandeepverma/Desktop/seattle_project/test_build/clearinghouse/scripts/test_target/emulcomm.py", line 1104, in _conn_cleanup_check

User traceback:
  "ut_repyv2api_connectionsendremoteclose.py", line 17, in <module>

Exception (with class 'exception_hierarchy.CleanupInProgressError'): The socket is being cleaned up by the operating system!
---

..............................Expected..............................
None
--------------------------------------------------------------------------------
	Running: ut_repyv2api_connectionsendwilleventuallyblock.py  [ FAIL ]
--------------------------------------------------------------------------------
Standard error :
..............................Produced..............................
---
Uncaught exception!
---
Following is a full traceback, and a user traceback.
The user traceback excludes non-user modules. The most recent call is displayed last.

Full debugging traceback:
  "repy.py", line 154, in execute_namespace_until_completion
  "/Users/sandeepverma/Desktop/seattle_project/test_build/clearinghouse/scripts/test_target/virtual_namespace.py", line 117, in evaluate
  "/Users/sandeepverma/Desktop/seattle_project/test_build/clearinghouse/scripts/test_target/safe.py", line 588, in safe_run
  "ut_repyv2api_connectionsendwilleventuallyblock.py", line 17, in <module>
  "/Users/sandeepverma/Desktop/seattle_project/test_build/clearinghouse/scripts/test_target/namespace.py", line 1207, in wrapped_function
  "/Users/sandeepverma/Desktop/seattle_project/test_build/clearinghouse/scripts/test_target/emulcomm.py", line 1316, in openconnection
  "/Users/sandeepverma/Desktop/seattle_project/test_build/clearinghouse/scripts/test_target/emulcomm.py", line 1104, in _conn_cleanup_check

User traceback:
  "ut_repyv2api_connectionsendwilleventuallyblock.py", line 17, in <module>

Exception (with class 'exception_hierarchy.CleanupInProgressError'): The socket is being cleaned up by the operating system!
---

..............................Expected..............................
None
--------------------------------------------------------------------------------
	Running: ut_repyv2api_connectionsendwillnotblock.py         [ FAIL ]
--------------------------------------------------------------------------------
Standard error :
..............................Produced..............................
---
Uncaught exception!
---
Following is a full traceback, and a user traceback.
The user traceback excludes non-user modules. The most recent call is displayed last.

Full debugging traceback:
  "repy.py", line 154, in execute_namespace_until_completion
  "/Users/sandeepverma/Desktop/seattle_project/test_build/clearinghouse/scripts/test_target/virtual_namespace.py", line 117, in evaluate
  "/Users/sandeepverma/Desktop/seattle_project/test_build/clearinghouse/scripts/test_target/safe.py", line 588, in safe_run
  "ut_repyv2api_connectionsendwillnotblock.py", line 16, in <module>
  "/Users/sandeepverma/Desktop/seattle_project/test_build/clearinghouse/scripts/test_target/namespace.py", line 1207, in wrapped_function
  "/Users/sandeepverma/Desktop/seattle_project/test_build/clearinghouse/scripts/test_target/emulcomm.py", line 1316, in openconnection
  "/Users/sandeepverma/Desktop/seattle_project/test_build/clearinghouse/scripts/test_target/emulcomm.py", line 1104, in _conn_cleanup_check

User traceback:
  "ut_repyv2api_connectionsendwillnotblock.py", line 16, in <module>

Exception (with class 'exception_hierarchy.CleanupInProgressError'): The socket is being cleaned up by the operating system!
---

..............................Expected..............................
None
--------------------------------------------------------------------------------
	Running: ut_repyv2api_connectionserversendblocks.py         [ FAIL ]
--------------------------------------------------------------------------------
Standard error :
..............................Produced..............................
---
Uncaught exception!
---
Following is a full traceback, and a user traceback.
The user traceback excludes non-user modules. The most recent call is displayed last.

Full debugging traceback:
  "repy.py", line 154, in execute_namespace_until_completion
  "/Users/sandeepverma/Desktop/seattle_project/test_build/clearinghouse/scripts/test_target/virtual_namespace.py", line 117, in evaluate
  "/Users/sandeepverma/Desktop/seattle_project/test_build/clearinghouse/scripts/test_target/safe.py", line 588, in safe_run
  "ut_repyv2api_connectionserversendblocks.py", line 17, in <module>
  "/Users/sandeepverma/Desktop/seattle_project/test_build/clearinghouse/scripts/test_target/namespace.py", line 1207, in wrapped_function
  "/Users/sandeepverma/Desktop/seattle_project/test_build/clearinghouse/scripts/test_target/emulcomm.py", line 1316, in openconnection
  "/Users/sandeepverma/Desktop/seattle_project/test_build/clearinghouse/scripts/test_target/emulcomm.py", line 1104, in _conn_cleanup_check

User traceback:
  "ut_repyv2api_connectionserversendblocks.py", line 17, in <module>

Exception (with class 'exception_hierarchy.CleanupInProgressError'): The socket is being cleaned up by the operating system!
---

..............................Expected..............................
None
--------------------------------------------------------------------------------
	Running: ut_repyv2api_createlockblocks.py                   [ PASS ]
	Running: ut_repyv2api_createlocknonblocking.py              [ PASS ]
	Running: ut_repyv2api_createthreadhasresourcecontrols.py    [ PASS ]
	Running: ut_repyv2api_createthreadissane.py                 [ PASS ]
	Running: ut_repyv2api_exitallstopsanotherthread.py          [ PASS ]
	Running: ut_repyv2api_exitallstopscurrentthread.py          [ PASS ]
	Running: ut_repyv2api_filecloseconcurrecy.py                [ PASS ]
	Running: ut_repyv2api_fileclosemakesothercallsfail.py       [ PASS ]
	Running: ut_repyv2api_fileclosereleasesresource.py          [ PASS ]
	Running: ut_repyv2api_filereadatbasictest.py                [ PASS ]
	Running: ut_repyv2api_filereadatpastendoffile.py            [ PASS ]
	Running: ut_repyv2api_filereadatperformsresourceaccounting.py [ PASS ]
	Running: ut_repyv2api_filereadatsanitychecksargs.py         [ PASS ]
	Running: ut_repyv2api_filewriteatbasictest.py               [ PASS ]
	Running: ut_repyv2api_filewriteatperformsresourceaccounting.py [ PASS ]
	Running: ut_repyv2api_filewriteatsanitychecksargs.py        [ PASS ]
	Running: ut_repyv2api_getlasterrorworks.py                  [ PASS ]
	Running: ut_repyv2api_getresourcedataisvalid.py             [ PASS ]
	Running: ut_repyv2api_getthreadnamebasictest.py             [ PASS ]
	Running: ut_repyv2api_initialusevaluesaresane.py            [ FAIL ]
--------------------------------------------------------------------------------
Standard out :
..............................Produced..............................
Initial Memory Usage is unreasonably low! Expect at least 4MB, using: 3846144 

..............................Expected..............................
None
--------------------------------------------------------------------------------
	Running: ut_repyv2api_listencloselisten.py                  [ FAIL ]
--------------------------------------------------------------------------------
Standard error :
..............................Produced..............................
---
Uncaught exception!
---
Following is a full traceback, and a user traceback.
The user traceback excludes non-user modules. The most recent call is displayed last.

Full debugging traceback:
  "repy.py", line 154, in execute_namespace_until_completion
  "/Users/sandeepverma/Desktop/seattle_project/test_build/clearinghouse/scripts/test_target/virtual_namespace.py", line 117, in evaluate
  "/Users/sandeepverma/Desktop/seattle_project/test_build/clearinghouse/scripts/test_target/safe.py", line 588, in safe_run
  "ut_repyv2api_listencloselisten.py", line 19, in <module>
  "/Users/sandeepverma/Desktop/seattle_project/test_build/clearinghouse/scripts/test_target/namespace.py", line 1207, in wrapped_function
  "/Users/sandeepverma/Desktop/seattle_project/test_build/clearinghouse/scripts/test_target/emulcomm.py", line 1316, in openconnection
  "/Users/sandeepverma/Desktop/seattle_project/test_build/clearinghouse/scripts/test_target/emulcomm.py", line 1104, in _conn_cleanup_check

User traceback:
  "ut_repyv2api_listencloselisten.py", line 19, in <module>

Exception (with class 'exception_hierarchy.CleanupInProgressError'): The socket is being cleaned up by the operating system!
---

..............................Expected..............................
None
--------------------------------------------------------------------------------
	Running: ut_repyv2api_listencloselisten2.py                 [ FAIL ]
--------------------------------------------------------------------------------
Standard error :
..............................Produced..............................
---
Uncaught exception!
---
Following is a full traceback, and a user traceback.
The user traceback excludes non-user modules. The most recent call is displayed last.

Full debugging traceback:
  "repy.py", line 154, in execute_namespace_until_completion
  "/Users/sandeepverma/Desktop/seattle_project/test_build/clearinghouse/scripts/test_target/virtual_namespace.py", line 117, in evaluate
  "/Users/sandeepverma/Desktop/seattle_project/test_build/clearinghouse/scripts/test_target/safe.py", line 588, in safe_run
  "ut_repyv2api_listencloselisten2.py", line 19, in <module>
  "/Users/sandeepverma/Desktop/seattle_project/test_build/clearinghouse/scripts/test_target/namespace.py", line 1207, in wrapped_function
  "/Users/sandeepverma/Desktop/seattle_project/test_build/clearinghouse/scripts/test_target/emulcomm.py", line 1316, in openconnection
  "/Users/sandeepverma/Desktop/seattle_project/test_build/clearinghouse/scripts/test_target/emulcomm.py", line 1104, in _conn_cleanup_check

User traceback:
  "ut_repyv2api_listencloselisten2.py", line 19, in <module>

Exception (with class 'exception_hierarchy.CleanupInProgressError'): The socket is being cleaned up by the operating system!
---

..............................Expected..............................
None
--------------------------------------------------------------------------------
	Running: ut_repyv2api_listenclosesend.py                    [ FAIL ]
--------------------------------------------------------------------------------
Standard error :
..............................Produced..............................
---
Uncaught exception!
---
Following is a full traceback, and a user traceback.
The user traceback excludes non-user modules. The most recent call is displayed last.

Full debugging traceback:
  "repy.py", line 154, in execute_namespace_until_completion
  "/Users/sandeepverma/Desktop/seattle_project/test_build/clearinghouse/scripts/test_target/virtual_namespace.py", line 117, in evaluate
  "/Users/sandeepverma/Desktop/seattle_project/test_build/clearinghouse/scripts/test_target/safe.py", line 588, in safe_run
  "ut_repyv2api_listenclosesend.py", line 17, in <module>
  "/Users/sandeepverma/Desktop/seattle_project/test_build/clearinghouse/scripts/test_target/namespace.py", line 1207, in wrapped_function
  "/Users/sandeepverma/Desktop/seattle_project/test_build/clearinghouse/scripts/test_target/emulcomm.py", line 1316, in openconnection
  "/Users/sandeepverma/Desktop/seattle_project/test_build/clearinghouse/scripts/test_target/emulcomm.py", line 1104, in _conn_cleanup_check

User traceback:
  "ut_repyv2api_listenclosesend.py", line 17, in <module>

Exception (with class 'exception_hierarchy.CleanupInProgressError'): The socket is being cleaned up by the operating system!
---

..............................Expected..............................
None
--------------------------------------------------------------------------------
	Running: ut_repyv2api_listenforconn-addrbinding.py          [ PASS ]
	Running: ut_repyv2api_listenforconn-args.py                 [ PASS ]
	Running: ut_repyv2api_listenforconn-badport.py              [ PASS ]
	Running: ut_repyv2api_listenforconn-cleanup.py              [ PASS ]
	Running: ut_repyv2api_listenforconn-dup.py                  [ PASS ]
	Running: ut_repyv2api_listenforconn-resources.py            [ PASS ]
	Running: ut_repyv2api_listfilesbasictest.py                 [ PASS ]
	Running: ut_repyv2api_listfilesperformsresourceaccounting.py [ PASS ]
	Running: ut_repyv2api_multipleopenconnections.py            [ FAIL ]
--------------------------------------------------------------------------------
Standard error :
..............................Produced..............................
---
Uncaught exception!
---
Following is a full traceback, and a user traceback.
The user traceback excludes non-user modules. The most recent call is displayed last.

Full debugging traceback:
  "repy.py", line 154, in execute_namespace_until_completion
  "/Users/sandeepverma/Desktop/seattle_project/test_build/clearinghouse/scripts/test_target/virtual_namespace.py", line 117, in evaluate
  "/Users/sandeepverma/Desktop/seattle_project/test_build/clearinghouse/scripts/test_target/safe.py", line 588, in safe_run
  "ut_repyv2api_multipleopenconnections.py", line 18, in <module>
  "/Users/sandeepverma/Desktop/seattle_project/test_build/clearinghouse/scripts/test_target/namespace.py", line 1207, in wrapped_function
  "/Users/sandeepverma/Desktop/seattle_project/test_build/clearinghouse/scripts/test_target/emulcomm.py", line 1316, in openconnection
  "/Users/sandeepverma/Desktop/seattle_project/test_build/clearinghouse/scripts/test_target/emulcomm.py", line 1104, in _conn_cleanup_check

User traceback:
  "ut_repyv2api_multipleopenconnections.py", line 18, in <module>

Exception (with class 'exception_hierarchy.CleanupInProgressError'): The socket is being cleaned up by the operating system!
---

..............................Expected..............................
None
--------------------------------------------------------------------------------
	Running: ut_repyv2api_multipleopenconnections2.py           [ FAIL ]
--------------------------------------------------------------------------------
Standard error :
..............................Produced..............................
---
Uncaught exception!
---
Following is a full traceback, and a user traceback.
The user traceback excludes non-user modules. The most recent call is displayed last.

Full debugging traceback:
  "repy.py", line 154, in execute_namespace_until_completion
  "/Users/sandeepverma/Desktop/seattle_project/test_build/clearinghouse/scripts/test_target/virtual_namespace.py", line 117, in evaluate
  "/Users/sandeepverma/Desktop/seattle_project/test_build/clearinghouse/scripts/test_target/safe.py", line 588, in safe_run
  "ut_repyv2api_multipleopenconnections2.py", line 19, in <module>
  "/Users/sandeepverma/Desktop/seattle_project/test_build/clearinghouse/scripts/test_target/namespace.py", line 1207, in wrapped_function
  "/Users/sandeepverma/Desktop/seattle_project/test_build/clearinghouse/scripts/test_target/emulcomm.py", line 1316, in openconnection
  "/Users/sandeepverma/Desktop/seattle_project/test_build/clearinghouse/scripts/test_target/emulcomm.py", line 1104, in _conn_cleanup_check

User traceback:
  "ut_repyv2api_multipleopenconnections2.py", line 19, in <module>

Exception (with class 'exception_hierarchy.CleanupInProgressError'): The socket is being cleaned up by the operating system!
---

..............................Expected..............................
None
--------------------------------------------------------------------------------
	Running: ut_repyv2api_nannyupdatesresourceconsumption.py    [ PASS ]
	Running: ut_repyv2api_openconnectionalreadyalistening.py    [ PASS ]
	Running: ut_repyv2api_openconnectionduplicatetuple.py       [ FAIL ]
--------------------------------------------------------------------------------
Standard error :
..............................Produced..............................
---
Uncaught exception!
---
Following is a full traceback, and a user traceback.
The user traceback excludes non-user modules. The most recent call is displayed last.

Full debugging traceback:
  "repy.py", line 154, in execute_namespace_until_completion
  "/Users/sandeepverma/Desktop/seattle_project/test_build/clearinghouse/scripts/test_target/virtual_namespace.py", line 117, in evaluate
  "/Users/sandeepverma/Desktop/seattle_project/test_build/clearinghouse/scripts/test_target/safe.py", line 588, in safe_run
  "ut_repyv2api_openconnectionduplicatetuple.py", line 16, in <module>
  "/Users/sandeepverma/Desktop/seattle_project/test_build/clearinghouse/scripts/test_target/namespace.py", line 1207, in wrapped_function
  "/Users/sandeepverma/Desktop/seattle_project/test_build/clearinghouse/scripts/test_target/emulcomm.py", line 1316, in openconnection
  "/Users/sandeepverma/Desktop/seattle_project/test_build/clearinghouse/scripts/test_target/emulcomm.py", line 1104, in _conn_cleanup_check

User traceback:
  "ut_repyv2api_openconnectionduplicatetuple.py", line 16, in <module>

Exception (with class 'exception_hierarchy.CleanupInProgressError'): The socket is being cleaned up by the operating system!
---

..............................Expected..............................
None
--------------------------------------------------------------------------------
	Running: ut_repyv2api_openconnectionfailswithoutlisten.py   [ PASS ]
	Running: ut_repyv2api_openconnectionresourceforbidden.py    [ PASS ]
	Running: ut_repyv2api_openconnectionsanitychecksargs.py     [ PASS ]
	Running: ut_repyv2api_openconnectiontimeout.py              [ PASS ]
	Running: ut_repyv2api_openconnectionwithbadlocalip.py       [ PASS ]
	Running: ut_repyv2api_openfileconsumesfilehandles.py        [ PASS ]
	Running: ut_repyv2api_openfileduplicatefilefails.py         [ PASS ]
	Running: ut_repyv2api_openfileperformsresourceaccounting.py [ PASS ]
	Running: ut_repyv2api_openfilesanitychecksargs.py           [ PASS ]
	Running: ut_repyv2api_randombytesisresourcelimited.py       [ PASS ]
	Running: ut_repyv2api_randombytesissane.py                  [ PASS ]
	Running: ut_repyv2api_removefileissane.py                   [ PASS ]
	Running: ut_repyv2api_removefileperformsresourceaccounting.py [ PASS ]
	Running: ut_repyv2api_sendmessage5ktest.py                  [ PASS ]
	Running: ut_repyv2api_sendmessagebasictest.py               [ PASS ]
	Running: ut_repyv2api_sendmessagecheckstypes.py             [ PASS ]
	Running: ut_repyv2api_sleepbasictest.py                     [ PASS ]
	Running: ut_repyv2api_stoptimesaresane.py                   [ PASS ]
	Running: ut_repyv2api_tcpserver_wouldblock.py               [ PASS ]
	Running: ut_repyv2api_typetypeisblocked.py                  [ PASS ]
	Running: ut_repyv2api_unicodedisallowed.py                  [ PASS ]
	Running: ut_repyv2api_virtualnamespace-eval.py              [ PASS ]
	Running: ut_repyv2api_virtualnamespace-init.py              [ PASS ]
	Running: ut_repyv2api_virtualnamespacecontextsafety.py      [ PASS ]



Module:- advertiseserver
Test Results:-
sandeepermasmbp:test_target sandeepverma$ python utf.py -a
sandeepermasmbp:test_target sandeepverma$ 


Module:- monitor_script
Test Results:-
sandeepermasmbp:test_target sandeepverma$ python utf.py -a
sandeepermasmbp:test_target sandeepverma$ 


Module:- dist
Comment - I found script_wrappers in place of scripts. Inside that directory I found mac. I ran ./install to see what happens. Here is the log:
sandeepermasmbp:mac sandeepverma$ ./install.sh 
./install.sh: line 3: cd: ./seattle_repy: No such file or directory
./install.sh: line 3: cd: ./seattle_repy: No such file or directory
./install.sh: line 3: cd: ./seattle_repy: No such file or directory
./install.sh: line 3: cd: ./seattle_repy: No such file or directory
./install.sh: line 3: cd: ./seattle_repy: No such file or directory
./install.sh: line 3: cd: ./seattle_repy: No such file or directory
./install.sh: line 3: cd: ./seattle_repy: No such file or directory
./install.sh: line 3: cd: ./seattle_repy: No such file or directory
./install.sh: line 3: cd: ./seattle_repy: No such file or directory
./install.sh: line 3: cd: ./seattle_repy: No such file or directory
./install.sh: line 3: cd: ./seattle_repy: No such file or directory
./install.sh: line 3: cd: ./seattle_repy: No such file or directory
./install.sh: line 3: cd: ./seattle_repy: No such file or directory
./install.sh: line 3: cd: ./seattle_repy: No such file or directory
./install.sh: line 3: cd: ./seattle_repy: No such file or directory
./install.sh: line 3: cd: ./seattle_repy: No such file or directory
./install.sh: line 3: cd: ./seattle_repy: No such file or directory
./install.sh: line 3: cd: ./seattle_repy: No such file or directory
./install.sh: line 3: cd: ./seattle_repy: No such file or directory
./install.sh: line 3: cd: ./seattle_repy: No such file or directory
./install.sh: line 3: cd: ./seattle_repy: No such file or directory
./install.sh: line 3: cd: ./seattle_repy: No such file or directory
./install.sh: line 3: cd: ./seattle_repy: No such file or directory
./install.sh: line 3: cd: ./seattle_repy: No such file or directory
./install.sh: line 3: cd: ./seattle_repy: No such file or directory
./install.sh: line 3: cd: ./seattle_repy: No such file or directory
./install.sh: line 3: cd: ./seattle_repy: No such file or directory
./install.sh: line 3: cd: ./seattle_repy: No such file or directory
./install.sh: line 3: cd: ./seattle_repy: No such file or directory
./install.sh: line 3: cd: ./seattle_repy: No such file or directory
./install.sh: line 3: cd: ./seattle_repy: No such file or directory
./install.sh: line 3: cd: ./seattle_repy: No such file or directory
./install.sh: line 3: cd: ./seattle_repy: No such file or directory
./install.sh: line 3: cd: ./seattle_repy: No such file or directory
./install.sh: line 3: cd: ./seattle_repy: No such file or directory
./install.sh: line 3: cd: ./seattle_repy: No such file or directory
./install.sh: line 3: cd: ./seattle_repy: No such file or directory
./install.sh: line 3: cd: ./seattle_repy: No such file or directory
./install.sh: line 3: cd: ./seattle_repy: No such file or directory
./install.sh: line 3: cd: ./seattle_repy: No such file or directory
./install.sh: line 3: cd: ./seattle_repy: No such file or directory
./install.sh: line 3: cd: ./seattle_repy: No such file or directory
./install.sh: line 3: cd: ./seattle_repy: No such file or directory
./install.sh: line 3: cd: ./seattle_repy: No such file or directory
./install.sh: line 3: cd: ./seattle_repy: No such file or directory
./install.sh: line 3: cd: ./seattle_repy: No such file or directory
./install.sh: line 3: cd: ./seattle_repy: No such file or directory
./install.sh: line 3: cd: ./seattle_repy: No such file or directory
./install.sh: line 3: cd: ./seattle_repy: No such file or directory
./install.sh: line 3: cd: ./seattle_repy: No such file or directory
./install.sh: line 3: cd: ./seattle_repy: No such file or directory
./install.sh: line 3: cd: ./seattle_repy: No such file or directory
./install.sh: line 3: cd: ./seattle_repy: No such file or directory
./install.sh: line 3: cd: ./seattle_repy: No such file or directory
./install.sh: line 3: cd: ./seattle_repy: No such file or directory
./install.sh: line 3: cd: ./seattle_repy: No such file or directory
./install.sh: line 3: cd: ./seattle_repy: No such file or directory
./install.sh: line 3: cd: ./seattle_repy: No such file or directory
./install.sh: line 3: cd: ./seattle_repy: No such file or directory
./install.sh: line 3: cd: ./seattle_repy: No such file or directory
./install.sh: line 3: cd: ./seattle_repy: No such file or directory
./install.sh: line 3: cd: ./seattle_repy: No such file or directory
./install.sh: line 3: cd: ./seattle_repy: No such file or directory
./install.sh: line 3: cd: ./seattle_repy: No such file or directory
./install.sh: line 3: cd: ./seattle_repy: No such file or directory
./install.sh: line 3: cd: ./seattle_repy: No such file or directory
./install.sh: line 3: cd: ./seattle_repy: No such file or directory
./install.sh: line 3: cd: ./seattle_repy: No such file or directory
./install.sh: line 3: cd: ./seattle_repy: No such file or directory
./install.sh: line 3: cd: ./seattle_repy: No such file or directory
./install.sh: line 3: cd: ./seattle_repy: No such file or directory
./install.sh: line 3: cd: ./seattle_repy: No such file or directory
./install.sh: line 3: cd: ./seattle_repy: No such file or directory
./install.sh: line 3: cd: ./seattle_repy: No such file or directory
./install.sh: line 3: cd: ./seattle_repy: No such file or directory
./install.sh: line 3: cd: ./seattle_repy: No such file or directory
./install.sh: line 3: cd: ./seattle_repy: No such file or directory
./install.sh: line 3: cd: ./seattle_repy: No such file or directory
./install.sh: line 3: cd: ./seattle_repy: No such file or directory
./install.sh: line 3: cd: ./seattle_repy: No such file or directory
./install.sh: line 3: cd: ./seattle_repy: No such file or directory
./install.sh: line 3: cd: ./seattle_repy: No such file or directory
./install.sh: line 3: cd: ./seattle_repy: No such file or directory
./install.sh: line 3: cd: ./seattle_repy: No such file or directory
./install.sh: line 3: cd: ./seattle_repy: No such file or directory
./install.sh: line 3: cd: ./seattle_repy: No such file or directory
./install.sh: line 3: cd: ./seattle_repy: No such file or directory
./install.sh: line 3: cd: ./seattle_repy: No such file or directory
./install.sh: line 3: cd: ./seattle_repy: No such file or directory
./install.sh: line 3: cd: ./seattle_repy: No such file or directory
./install.sh: line 3: cd: ./seattle_repy: No such file or directory
./install.sh: line 3: cd: ./seattle_repy: No such file or directory
./install.sh: line 3: cd: ./seattle_repy: No such file or directory
./install.sh: line 3: cd: ./seattle_repy: No such file or directory
./install.sh: line 3: cd: ./seattle_repy: No such file or directory
./install.sh: line 3: cd: ./seattle_repy: No such file or directory
./install.sh: line 3: cd: ./seattle_repy: No such file or directory
./install.sh: line 3: cd: ./seattle_repy: No such file or directory
./install.sh: line 3: cd: ./seattle_repy: No such file or directory
./install.sh: line 3: cd: ./seattle_repy: No such file or directory
./install.sh: line 3: cd: ./seattle_repy: No such file or directory
./install.sh: line 3: cd: ./seattle_repy: No such file or directory
./install.sh: line 3: cd: ./seattle_repy: No such file or directory
./install.sh: line 3: cd: ./seattle_repy: No such file or directory
./install.sh: line 3: cd: ./seattle_repy: No such file or directory
./install.sh: line 3: cd: ./seattle_repy: No such file or directory
./install.sh: line 3: cd: ./seattle_repy: No such file or directory
./install.sh: line 3: cd: ./seattle_repy: No such file or directory
./install.sh: line 3: cd: ./seattle_repy: No such file or directory
./install.sh: line 3: cd: ./seattle_repy: No such file or directory
./install.sh: line 3: cd: ./seattle_repy: No such file or directory
./install.sh: line 3: cd: ./seattle_repy: No such file or directory
./install.sh: line 3: cd: ./seattle_repy: No such file or directory
./install.sh: line 3: cd: ./seattle_repy: No such file or directory
./install.sh: line 3: cd: ./seattle_repy: No such file or directory
./install.sh: line 3: cd: ./seattle_repy: No such file or directory
./install.sh: line 3: cd: ./seattle_repy: No such file or directory
./install.sh: line 3: cd: ./seattle_repy: No such file or directory
./install.sh: line 3: cd: ./seattle_repy: No such file or directory
./install.sh: line 3: cd: ./seattle_repy: No such file or directory
./install.sh: line 3: cd: ./seattle_repy: No such file or directory
./install.sh: line 3: cd: ./seattle_repy: No such file or directory
./install.sh: line 3: cd: ./seattle_repy: No such file or directory
./install.sh: line 3: cd: ./seattle_repy: No such file or directory
./install.sh: line 3: cd: ./seattle_repy: No such file or directory
./install.sh: line 3: cd: ./seattle_repy: No such file or directory
./install.sh: line 3: cd: ./seattle_repy: No such file or directory
./install.sh: line 3: cd: ./seattle_repy: No such file or directory
./install.sh: line 3: cd: ./seattle_repy: No such file or directory
./install.sh: line 3: cd: ./seattle_repy: No such file or directory
./install.sh: line 3: cd: ./seattle_repy: No such file or directory
./install.sh: line 3: cd: ./seattle_repy: No such file or directory
./install.sh: line 3: cd: ./seattle_repy: No such file or directory
./install.sh: line 3: cd: ./seattle_repy: No such file or directory
./install.sh: line 3: cd: ./seattle_repy: No such file or directory
./install.sh: line 3: cd: ./seattle_repy: No such file or directory
./install.sh: line 3: cd: ./seattle_repy: No such file or directory
./install.sh: line 3: cd: ./seattle_repy: No such file or directory
./install.sh: line 3: cd: ./seattle_repy: No such file or directory
./install.sh: line 3: cd: ./seattle_repy: No such file or directory
./install.sh: line 3: cd: ./seattle_repy: No such file or directory
./install.sh: line 3: cd: ./seattle_repy: No such file or directory
./install.sh: line 3: cd: ./seattle_repy: No such file or directory
./install.sh: line 3: cd: ./seattle_repy: No such file or directory
./install.sh: line 3: cd: ./seattle_repy: No such file or directory
./install.sh: line 3: cd: ./seattle_repy: No such file or directory
./install.sh: line 3: cd: ./seattle_repy: No such file or directory
./install.sh: line 3: cd: ./seattle_repy: No such file or directory
./install.sh: line 3: cd: ./seattle_repy: No such file or directory
./install.sh: line 3: cd: ./seattle_repy: No such file or directory
./install.sh: line 3: cd: ./seattle_repy: No such file or directory
./install.sh: line 3: cd: ./seattle_repy: No such file or directory
./install.sh: line 3: cd: ./seattle_repy: No such file or directory
./install.sh: line 3: cd: ./seattle_repy: No such file or directory
./install.sh: line 3: cd: ./seattle_repy: No such file or directory
./install.sh: line 3: cd: ./seattle_repy: No such file or directory
./install.sh: line 3: cd: ./seattle_repy: No such file or directory
./install.sh: line 3: cd: ./seattle_repy: No such file or directory
./install.sh: line 3: cd: ./seattle_repy: No such file or directory
./install.sh: line 3: cd: ./seattle_repy: No such file or directory
./install.sh: line 3: cd: ./seattle_repy: No such file or directory
./install.sh: line 3: cd: ./seattle_repy: No such file or directory
./install.sh: line 3: cd: ./seattle_repy: No such file or directory
./install.sh: line 3: cd: ./seattle_repy: No such file or directory
./install.sh: line 3: cd: ./seattle_repy: No such file or directory
./install.sh: line 3: cd: ./seattle_repy: No such file or directory
./install.sh: line 3: cd: ./seattle_repy: No such file or directory
./install.sh: line 3: cd: ./seattle_repy: No such file or directory
./install.sh: line 3: cd: ./seattle_repy: No such file or directory
./install.sh: line 3: cd: ./seattle_repy: No such file or directory
./install.sh: line 3: cd: ./seattle_repy: No such file or directory
./install.sh: line 3: cd: ./seattle_repy: No such file or directory
./install.sh: line 3: cd: ./seattle_repy: No such file or directory
./install.sh: line 3: cd: ./seattle_repy: No such file or directory
./install.sh: line 3: cd: ./seattle_repy: No such file or directory
./install.sh: line 3: cd: ./seattle_repy: No such file or directory
./install.sh: line 3: cd: ./seattle_repy: No such file or directory
./install.sh: line 3: cd: ./seattle_repy: No such file or directory
./install.sh: line 3: cd: ./seattle_repy: No such file or directory
./install.sh: line 3: cd: ./seattle_repy: No such file or directory
./install.sh: line 3: cd: ./seattle_repy: No such file or directory
./install.sh: line 3: cd: ./seattle_repy: No such file or directory
./install.sh: line 3: cd: ./seattle_repy: No such file or directory
./install.sh: line 3: cd: ./seattle_repy: No such file or directory
./install.sh: line 3: cd: ./seattle_repy: No such file or directory
./install.sh: line 3: cd: ./seattle_repy: No such file or directory
./install.sh: line 3: cd: ./seattle_repy: No such file or directory
./install.sh: line 3: cd: ./seattle_repy: No such file or directory
./install.sh: line 3: cd: ./seattle_repy: No such file or directory
./install.sh: line 3: cd: ./seattle_repy: No such file or directory
./install.sh: line 3: cd: ./seattle_repy: No such file or directory
./install.sh: line 3: cd: ./seattle_repy: No such file or directory
./install.sh: line 3: cd: ./seattle_repy: No such file or directory
./install.sh: line 3: cd: ./seattle_repy: No such file or directory
./install.sh: line 3: cd: ./seattle_repy: No such file or directory
./install.sh: line 3: cd: ./seattle_repy: No such file or directory
./install.sh: line 3: cd: ./seattle_repy: No such file or directory
./install.sh: line 3: cd: ./seattle_repy: No such file or directory
./install.sh: line 3: cd: ./seattle_repy: No such file or directory
./install.sh: line 3: cd: ./seattle_repy: No such file or directory
./install.sh: line 3: cd: ./seattle_repy: No such file or directory
./install.sh: line 3: cd: ./seattle_repy: No such file or directory
./install.sh: line 3: cd: ./seattle_repy: No such file or directory
./install.sh: line 3: cd: ./seattle_repy: No such file or directory
./install.sh: line 3: cd: ./seattle_repy: No such file or directory
./install.sh: line 3: cd: ./seattle_repy: No such file or directory
./install.sh: line 3: cd: ./seattle_repy: No such file or directory
./install.sh: line 3: cd: ./seattle_repy: No such file or directory
./install.sh: line 3: cd: ./seattle_repy: No such file or directory
./install.sh: line 3: cd: ./seattle_repy: No such file or directory
./install.sh: line 3: cd: ./seattle_repy: No such file or directory
./install.sh: line 3: cd: ./seattle_repy: No such file or directory
./install.sh: line 3: cd: ./seattle_repy: No such file or directory
./install.sh: line 3: cd: ./seattle_repy: No such file or directory
./install.sh: line 3: cd: ./seattle_repy: No such file or directory
./install.sh: line 3: cd: ./seattle_repy: No such file or directory
./install.sh: line 3: cd: ./seattle_repy: No such file or directory
./install.sh: line 3: cd: ./seattle_repy: No such file or directory
./install.sh: line 3: cd: ./seattle_repy: No such file or directory
./install.sh: line 3: cd: ./seattle_repy: No such file or directory
./install.sh: line 3: cd: ./seattle_repy: No such file or directory
./install.sh: line 3: cd: ./seattle_repy: No such file or directory
./install.sh: line 3: cd: ./seattle_repy: No such file or directory
./install.sh: line 3: cd: ./seattle_repy: No such file or directory
./install.sh: line 3: cd: ./seattle_repy: No such file or directory
./install.sh: line 3: cd: ./seattle_repy: No such file or directory
./install.sh: line 3: cd: ./seattle_repy: No such file or directory
./install.sh: line 3: cd: ./seattle_repy: No such file or directory
./install.sh: line 3: cd: ./seattle_repy: No such file or directory
./install.sh: line 3: cd: ./seattle_repy: No such file or directory
./install.sh: line 3: cd: ./seattle_repy: No such file or directory
./install.sh: line 3: cd: ./seattle_repy: No such file or directory
./install.sh: line 3: cd: ./seattle_repy: No such file or directory
./install.sh: line 3: cd: ./seattle_repy: No such file or directory
./install.sh: line 3: cd: ./seattle_repy: No such file or directory
./install.sh: line 3: cd: ./seattle_repy: No such file or directory
./install.sh: line 3: cd: ./seattle_repy: No such file or directory
./install.sh: line 3: cd: ./seattle_repy: No such file or directory
./install.sh: line 3: cd: ./seattle_repy: No such file or directory
./install.sh: line 3: cd: ./seattle_repy: No such file or directory
./install.sh: line 3: cd: ./seattle_repy: No such file or directory
./install.sh: line 3: cd: ./seattle_repy: No such file or directory
./install.sh: line 3: cd: ./seattle_repy: No such file or directory
./install.sh: line 3: cd: ./seattle_repy: No such file or directory
./install.sh: line 3: cd: ./seattle_repy: No such file or directory
./install.sh: line 3: cd: ./seattle_repy: No such file or directory
./install.sh: line 3: cd: ./seattle_repy: No such file or directory
./install.sh: line 3: cd: ./seattle_repy: No such file or directory
./install.sh: line 3: cd: ./seattle_repy: No such file or directory
./install.sh: line 3: cd: ./seattle_repy: No such file or directory
./install.sh: line 3: cd: ./seattle_repy: No such file or directory
./install.sh: line 3: cd: ./seattle_repy: No such file or directory
./install.sh: line 3: cd: ./seattle_repy: No such file or directory
./install.sh: line 3: cd: ./seattle_repy: No such file or directory
./install.sh: line 3: cd: ./seattle_repy: No such file or directory
./install.sh: line 3: cd: ./seattle_repy: No such file or directory
./install.sh: line 3: cd: ./seattle_repy: No such file or directory
./install.sh: line 3: cd: ./seattle_repy: No such file or directory
./install.sh: line 3: cd: ./seattle_repy: No such file or directory
./install.sh: line 3: cd: ./seattle_repy: No such file or directory
./install.sh: line 3: cd: ./seattle_repy: No such file or directory
./install.sh: line 3: cd: ./seattle_repy: No such file or directory
./install.sh: line 3: cd: ./seattle_repy: No such file or directory
./install.sh: line 3: cd: ./seattle_repy: No such file or directory
./install.sh: line 3: cd: ./seattle_repy: No such file or directory
./install.sh: line 3: cd: ./seattle_repy: No such file or directory
./install.sh: line 3: cd: ./seattle_repy: No such file or directory
./install.sh: line 3: cd: ./seattle_repy: No such file or directory
./install.sh: line 3: cd: ./seattle_repy: No such file or directory
./install.sh: line 3: cd: ./seattle_repy: No such file or directory
./install.sh: line 3: cd: ./seattle_repy: No such file or directory
./install.sh: line 3: cd: ./seattle_repy: No such file or directory
./install.sh: line 3: cd: ./seattle_repy: No such file or directory
./install.sh: line 3: cd: ./seattle_repy: No such file or directory
./install.sh: line 3: cd: ./seattle_repy: No such file or directory
./install.sh: line 3: cd: ./seattle_repy: No such file or directory
./install.sh: line 3: cd: ./seattle_repy: No such file or directory
./install.sh: line 3: cd: ./seattle_repy: No such file or directory
./install.sh: line 3: cd: ./seattle_repy: No such file or directory
./install.sh: line 3: cd: ./seattle_repy: No such file or directory
./install.sh: line 3: cd: ./seattle_repy: No such file or directory
./install.sh: line 3: cd: ./seattle_repy: No such file or directory
./install.sh: line 3: cd: ./seattle_repy: No such file or directory
./install.sh: line 3: cd: ./seattle_repy: No such file or directory
./install.sh: line 3: cd: ./seattle_repy: No such file or directory
./install.sh: line 3: cd: ./seattle_repy: No such file or directory
./install.sh: line 3: cd: ./seattle_repy: No such file or directory
./install.sh: line 3: cd: ./seattle_repy: No such file or directory
./install.sh: line 3: cd: ./seattle_repy: No such file or directory
./install.sh: line 3: cd: ./seattle_repy: No such file or directory
./install.sh: line 3: cd: ./seattle_repy: No such file or directory
./install.sh: line 3: cd: ./seattle_repy: No such file or directory
./install.sh: line 3: cd: ./seattle_repy: No such file or directory
./install.sh: line 3: cd: ./seattle_repy: No such file or directory
./install.sh: line 3: cd: ./seattle_repy: No such file or directory
./install.sh: line 3: cd: ./seattle_repy: No such file or directory
./install.sh: line 3: cd: ./seattle_repy: No such file or directory
./install.sh: line 3: cd: ./seattle_repy: No such file or directory
./install.sh: line 3: cd: ./seattle_repy: No such file or directory
./install.sh: line 3: cd: ./seattle_repy: No such file or directory
./install.sh: line 3: cd: ./seattle_repy: No such file or directory
./install.sh: line 3: cd: ./seattle_repy: No such file or directory
./install.sh: line 3: cd: ./seattle_repy: No such file or directory
./install.sh: line 3: cd: ./seattle_repy: No such file or directory
./install.sh: line 3: cd: ./seattle_repy: No such file or directory
./install.sh: line 3: cd: ./seattle_repy: No such file or directory
./install.sh: line 3: cd: ./seattle_repy: No such file or directory
./install.sh: line 3: cd: ./seattle_repy: No such file or directory
./install.sh: line 3: cd: ./seattle_repy: No such file or directory
./install.sh: line 3: cd: ./seattle_repy: No such file or directory
./install.sh: line 3: cd: ./seattle_repy: No such file or directory
./install.sh: line 3: cd: ./seattle_repy: No such file or directory
./install.sh: line 3: cd: ./seattle_repy: No such file or directory
./install.sh: line 3: cd: ./seattle_repy: No such file or directory
./install.sh: line 3: cd: ./seattle_repy: No such file or directory
./install.sh: line 3: cd: ./seattle_repy: No such file or directory
./install.sh: line 3: cd: ./seattle_repy: No such file or directory
./install.sh: line 3: cd: ./seattle_repy: No such file or directory
./install.sh: line 3: cd: ./seattle_repy: No such file or directory
./install.sh: line 3: cd: ./seattle_repy: No such file or directory
./install.sh: line 3: cd: ./seattle_repy: No such file or directory
./install.sh: line 3: cd: ./seattle_repy: No such file or directory
./install.sh: line 3: cd: ./seattle_repy: No such file or directory
./install.sh: line 3: cd: ./seattle_repy: No such file or directory
./install.sh: line 3: cd: ./seattle_repy: No such file or directory
./install.sh: line 3: cd: ./seattle_repy: No such file or directory
./install.sh: line 3: cd: ./seattle_repy: No such file or directory
./install.sh: line 3: cd: ./seattle_repy: No such file or directory
./install.sh: line 3: cd: ./seattle_repy: No such file or directory
./install.sh: line 3: cd: ./seattle_repy: No such file or directory
./install.sh: line 3: cd: ./seattle_repy: No such file or directory
./install.sh: line 3: cd: ./seattle_repy: No such file or directory
./install.sh: line 3: cd: ./seattle_repy: No such file or directory
./install.sh: line 3: cd: ./seattle_repy: No such file or directory
./install.sh: line 3: cd: ./seattle_repy: No such file or directory
./install.sh: line 3: cd: ./seattle_repy: No such file or directory
./install.sh: line 3: cd: ./seattle_repy: No such file or directory
./install.sh: line 3: cd: ./seattle_repy: No such file or directory
./install.sh: line 3: cd: ./seattle_repy: No such file or directory
./install.sh: line 3: cd: ./seattle_repy: No such file or directory
./install.sh: line 3: cd: ./seattle_repy: No such file or directory
./install.sh: line 3: cd: ./seattle_repy: No such file or directory
./install.sh: line 3: cd: ./seattle_repy: No such file or directory
./install.sh: line 3: cd: ./seattle_repy: No such file or directory
./install.sh: line 3: cd: ./seattle_repy: No such file or directory
./install.sh: line 3: cd: ./seattle_repy: No such file or directory
./install.sh: line 3: cd: ./seattle_repy: No such file or directory
./install.sh: line 3: cd: ./seattle_repy: No such file or directory
./install.sh: line 3: cd: ./seattle_repy: No such file or directory
./install.sh: line 3: cd: ./seattle_repy: No such file or directory
./install.sh: line 3: cd: ./seattle_repy: No such file or directory
./install.sh: line 3: cd: ./seattle_repy: No such file or directory
./install.sh: line 3: cd: ./seattle_repy: No such file or directory
./install.sh: line 3: cd: ./seattle_repy: No such file or directory
./install.sh: line 3: cd: ./seattle_repy: No such file or directory
./install.sh: line 3: cd: ./seattle_repy: No such file or directory
./install.sh: line 3: cd: ./seattle_repy: No such file or directory
./install.sh: line 3: cd: ./seattle_repy: No such file or directory
./install.sh: line 3: cd: ./seattle_repy: No such file or directory
./install.sh: line 3: cd: ./seattle_repy: No such file or directory
./install.sh: line 3: cd: ./seattle_repy: No such file or directory
./install.sh: line 3: cd: ./seattle_repy: No such file or directory
./install.sh: line 3: cd: ./seattle_repy: No such file or directory
./install.sh: line 3: cd: ./seattle_repy: No such file or directory
./install.sh: line 3: cd: ./seattle_repy: No such file or directory
./install.sh: line 3: cd: ./seattle_repy: No such file or directory
./install.sh: line 3: cd: ./seattle_repy: No such file or directory
./install.sh: line 3: cd: ./seattle_repy: No such file or directory
./install.sh: line 3: cd: ./seattle_repy: No such file or directory
./install.sh: line 3: cd: ./seattle_repy: No such file or directory
./install.sh: line 3: cd: ./seattle_repy: No such file or directory
./install.sh: line 3: cd: ./seattle_repy: No such file or directory
./install.sh: line 3: cd: ./seattle_repy: No such file or directory
./install.sh: line 3: cd: ./seattle_repy: No such file or directory
./install.sh: line 3: cd: ./seattle_repy: No such file or directory
./install.sh: line 3: cd: ./seattle_repy: No such file or directory
./install.sh: line 3: cd: ./seattle_repy: No such file or directory
./install.sh: line 3: cd: ./seattle_repy: No such file or directory
./install.sh: line 3: cd: ./seattle_repy: No such file or directory
./install.sh: line 3: cd: ./seattle_repy: No such file or directory
./install.sh: line 3: cd: ./seattle_repy: No such file or directory
./install.sh: line 3: cd: ./seattle_repy: No such file or directory
./install.sh: line 3: cd: ./seattle_repy: No such file or directory
./install.sh: line 3: cd: ./seattle_repy: No such file or directory
./install.sh: line 3: cd: ./seattle_repy: No such file or directory
./install.sh: line 3: cd: ./seattle_repy: No such file or directory
./install.sh: line 3: cd: ./seattle_repy: No such file or directory
./install.sh: line 3: cd: ./seattle_repy: No such file or directory
./install.sh: line 3: cd: ./seattle_repy: No such file or directory
./install.sh: line 3: cd: ./seattle_repy: No such file or directory
./install.sh: line 3: cd: ./seattle_repy: No such file or directory
./install.sh: line 3: cd: ./seattle_repy: No such file or directory
./install.sh: line 3: cd: ./seattle_repy: No such file or directory
./install.sh: line 3: cd: ./seattle_repy: No such file or directory
./install.sh: line 3: cd: ./seattle_repy: No such file or directory
./install.sh: line 3: cd: ./seattle_repy: No such file or directory
./install.sh: line 3: cd: ./seattle_repy: No such file or directory
./install.sh: line 3: cd: ./seattle_repy: No such file or directory
./install.sh: line 3: cd: ./seattle_repy: No such file or directory
./install.sh: line 3: cd: ./seattle_repy: No such file or directory
./install.sh: line 3: cd: ./seattle_repy: No such file or directory
./install.sh: line 3: cd: ./seattle_repy: No such file or directory
./install.sh: line 3: cd: ./seattle_repy: No such file or directory
./install.sh: line 3: cd: ./seattle_repy: No such file or directory
./install.sh: line 3: cd: ./seattle_repy: No such file or directory
./install.sh: line 3: cd: ./seattle_repy: No such file or directory
./install.sh: line 3: cd: ./seattle_repy: No such file or directory
./install.sh: line 3: cd: ./seattle_repy: No such file or directory
./install.sh: line 3: cd: ./seattle_repy: No such file or directory
./install.sh: line 3: cd: ./seattle_repy: No such file or directory
./install.sh: line 3: cd: ./seattle_repy: No such file or directory
./install.sh: line 3: cd: ./seattle_repy: No such file or directory
./install.sh: line 3: cd: ./seattle_repy: No such file or directory
./install.sh: line 3: cd: ./seattle_repy: No such file or directory
./install.sh: line 3: cd: ./seattle_repy: No such file or directory
./install.sh: line 3: cd: ./seattle_repy: No such file or directory
./install.sh: line 3: cd: ./seattle_repy: No such file or directory
./install.sh: line 3: cd: ./seattle_repy: No such file or directory
./install.sh: line 3: cd: ./seattle_repy: No such file or directory
./install.sh: line 3: cd: ./seattle_repy: No such file or directory
./install.sh: line 3: cd: ./seattle_repy: No such file or directory
./install.sh: line 3: cd: ./seattle_repy: No such file or directory
./install.sh: line 3: cd: ./seattle_repy: No such file or directory
./install.sh: line 3: cd: ./seattle_repy: No such file or directory
./install.sh: line 3: cd: ./seattle_repy: No such file or directory
./install.sh: line 3: cd: ./seattle_repy: No such file or directory
./install.sh: line 3: cd: ./seattle_repy: No such file or directory
./install.sh: line 3: cd: ./seattle_repy: No such file or directory
./install.sh: line 3: cd: ./seattle_repy: No such file or directory
./install.sh: line 3: cd: ./seattle_repy: No such file or directory
./install.sh: line 3: cd: ./seattle_repy: No such file or directory
./install.sh: line 3: cd: ./seattle_repy: No such file or directory
./install.sh: line 3: cd: ./seattle_repy: No such file or directory
./install.sh: line 3: cd: ./seattle_repy: No such file or directory
./install.sh: line 3: cd: ./seattle_repy: No such file or directory
./install.sh: line 3: cd: ./seattle_repy: No such file or directory
./install.sh: line 3: cd: ./seattle_repy: No such file or directory
./install.sh: line 3: cd: ./seattle_repy: No such file or directory
./install.sh: line 3: cd: ./seattle_repy: No such file or directory
./install.sh: line 3: cd: ./seattle_repy: No such file or directory
./install.sh: line 3: cd: ./seattle_repy: No such file or directory
./install.sh: line 3: cd: ./seattle_repy: No such file or directory
./install.sh: line 3: cd: ./seattle_repy: No such file or directory
./install.sh: line 3: cd: ./seattle_repy: No such file or directory
./install.sh: line 3: cd: ./seattle_repy: No such file or directory
./install.sh: line 3: cd: ./seattle_repy: No such file or directory
./install.sh: line 3: cd: ./seattle_repy: No such file or directory
./install.sh: line 3: cd: ./seattle_repy: No such file or directory
./install.sh: line 3: cd: ./seattle_repy: No such file or directory
./install.sh: line 3: cd: ./seattle_repy: No such file or directory
./install.sh: line 3: cd: ./seattle_repy: No such file or directory
./install.sh: line 3: cd: ./seattle_repy: No such file or directory
./install.sh: line 3: cd: ./seattle_repy: No such file or directory
./install.sh: line 3: cd: ./seattle_repy: No such file or directory
./install.sh: line 3: cd: ./seattle_repy: No such file or directory
./install.sh: line 3: cd: ./seattle_repy: No such file or directory
./install.sh: line 3: cd: ./seattle_repy: No such file or directory
./install.sh: line 3: cd: ./seattle_repy: No such file or directory
./install.sh: line 3: cd: ./seattle_repy: No such file or directory
./install.sh: line 3: cd: ./seattle_repy: No such file or directory
./install.sh: line 3: cd: ./seattle_repy: No such file or directory
./install.sh: line 3: cd: ./seattle_repy: No such file or directory
./install.sh: line 3: cd: ./seattle_repy: No such file or directory
./install.sh: line 3: cd: ./seattle_repy: No such file or directory
./install.sh: line 3: cd: ./seattle_repy: No such file or directory
./install.sh: line 3: cd: ./seattle_repy: No such file or directory
./install.sh: line 3: cd: ./seattle_repy: No such file or directory
./install.sh: line 3: cd: ./seattle_repy: No such file or directory
./install.sh: line 3: cd: ./seattle_repy: No such file or directory
./install.sh: line 3: cd: ./seattle_repy: No such file or directory
./install.sh: line 3: cd: ./seattle_repy: No such file or directory
./install.sh: line 3: cd: ./seattle_repy: No such file or directory
./install.sh: line 3: cd: ./seattle_repy: No such file or directory
./install.sh: line 3: cd: ./seattle_repy: No such file or directory
./install.sh: line 3: cd: ./seattle_repy: No such file or directory
./install.sh: line 3: cd: ./seattle_repy: No such file or directory
./install.sh: line 3: cd: ./seattle_repy: No such file or directory
./install.sh: line 3: cd: ./seattle_repy: No such file or directory
./install.sh: line 3: cd: ./seattle_repy: No such file or directory
./install.sh: line 3: cd: ./seattle_repy: No such file or directory
./install.sh: line 3: cd: ./seattle_repy: No such file or directory
./install.sh: line 3: cd: ./seattle_repy: No such file or directory
./install.sh: line 3: cd: ./seattle_repy: No such file or directory
./install.sh: line 3: cd: ./seattle_repy: No such file or directory
./install.sh: line 3: cd: ./seattle_repy: No such file or directory
./install.sh: line 3: cd: ./seattle_repy: No such file or directory
./install.sh: line 3: cd: ./seattle_repy: No such file or directory
./install.sh: line 3: cd: ./seattle_repy: No such file or directory
./install.sh: line 3: cd: ./seattle_repy: No such file or directory
./install.sh: line 3: cd: ./seattle_repy: No such file or directory
./install.sh: line 3: cd: ./seattle_repy: No such file or directory
./install.sh: line 3: cd: ./seattle_repy: No such file or directory
./install.sh: line 3: cd: ./seattle_repy: No such file or directory
./install.sh: line 3: cd: ./seattle_repy: No such file or directory
./install.sh: line 3: cd: ./seattle_repy: No such file or directory
./install.sh: line 3: cd: ./seattle_repy: No such file or directory
./install.sh: line 3: cd: ./seattle_repy: No such file or directory
./install.sh: line 3: cd: ./seattle_repy: No such file or directory
./install.sh: line 3: cd: ./seattle_repy: No such file or directory
./install.sh: line 3: cd: ./seattle_repy: No such file or directory
./install.sh: line 3: cd: ./seattle_repy: No such file or directory
./install.sh: line 3: cd: ./seattle_repy: No such file or directory
./install.sh: line 3: cd: ./seattle_repy: No such file or directory
./install.sh: line 3: cd: ./seattle_repy: No such file or directory
./install.sh: line 3: cd: ./seattle_repy: No such file or directory
./install.sh: line 3: cd: ./seattle_repy: No such file or directory
./install.sh: line 3: cd: ./seattle_repy: No such file or directory
./install.sh: line 3: cd: ./seattle_repy: No such file or directory
./install.sh: line 3: cd: ./seattle_repy: No such file or directory
./install.sh: line 3: cd: ./seattle_repy: No such file or directory
./install.sh: line 3: cd: ./seattle_repy: No such file or directory
./install.sh: line 3: cd: ./seattle_repy: No such file or directory
./install.sh: line 3: cd: ./seattle_repy: No such file or directory
./install.sh: line 3: cd: ./seattle_repy: No such file or directory
./install.sh: line 3: cd: ./seattle_repy: No such file or directory
./install.sh: line 3: cd: ./seattle_repy: No such file or directory
./install.sh: line 3: cd: ./seattle_repy: No such file or directory
./install.sh: line 3: cd: ./seattle_repy: No such file or directory
./install.sh: line 3: cd: ./seattle_repy: No such file or directory
./install.sh: line 3: cd: ./seattle_repy: No such file or directory
./install.sh: line 3: cd: ./seattle_repy: No such file or directory
./install.sh: line 3: cd: ./seattle_repy: No such file or directory
./install.sh: line 3: cd: ./seattle_repy: No such file or directory
./install.sh: line 3: cd: ./seattle_repy: No such file or directory
./install.sh: line 3: cd: ./seattle_repy: No such file or directory
./install.sh: line 3: cd: ./seattle_repy: No such file or directory
./install.sh: line 3: cd: ./seattle_repy: No such file or directory
./install.sh: line 3: cd: ./seattle_repy: No such file or directory
./install.sh: line 3: cd: ./seattle_repy: No such file or directory
./install.sh: line 3: cd: ./seattle_repy: No such file or directory
./install.sh: line 3: cd: ./seattle_repy: No such file or directory
./install.sh: line 3: cd: ./seattle_repy: No such file or directory
./install.sh: line 3: cd: ./seattle_repy: No such file or directory
./install.sh: line 3: cd: ./seattle_repy: No such file or directory
./install.sh: line 3: cd: ./seattle_repy: No such file or directory
./install.sh: line 3: cd: ./seattle_repy: No such file or directory
./install.sh: line 3: cd: ./seattle_repy: No such file or directory
./install.sh: line 3: cd: ./seattle_repy: No such file or directory
./install.sh: line 3: cd: ./seattle_repy: No such file or directory
./install.sh: line 3: cd: ./seattle_repy: No such file or directory
./install.sh: line 3: cd: ./seattle_repy: No such file or directory
./install.sh: line 3: cd: ./seattle_repy: No such file or directory
./install.sh: line 3: cd: ./seattle_repy: No such file or directory
./install.sh: line 3: cd: ./seattle_repy: No such file or directory
./install.sh: line 3: cd: ./seattle_repy: No such file or directory
./install.sh: line 3: cd: ./seattle_repy: No such file or directory
./install.sh: line 3: cd: ./seattle_repy: No such file or directory
./install.sh: line 3: cd: ./seattle_repy: No such file or directory
./install.sh: line 3: cd: ./seattle_repy: No such file or directory
./install.sh: line 3: cd: ./seattle_repy: No such file or directory
./install.sh: line 3: cd: ./seattle_repy: No such file or directory
./install.sh: line 3: cd: ./seattle_repy: No such file or directory
./install.sh: line 3: cd: ./seattle_repy: No such file or directory
./install.sh: line 3: cd: ./seattle_repy: No such file or directory
./install.sh: line 3: cd: ./seattle_repy: No such file or directory
./install.sh: line 3: cd: ./seattle_repy: No such file or directory
./install.sh: line 3: cd: ./seattle_repy: No such file or directory
./install.sh: line 3: cd: ./seattle_repy: No such file or directory
./install.sh: line 3: cd: ./seattle_repy: No such file or directory
./install.sh: line 3: cd: ./seattle_repy: No such file or directory
./install.sh: line 3: cd: ./seattle_repy: No such file or directory
./install.sh: line 3: cd: ./seattle_repy: No such file or directory
./install.sh: line 3: cd: ./seattle_repy: No such file or directory
./install.sh: line 3: cd: ./seattle_repy: No such file or directory
./install.sh: line 3: cd: ./seattle_repy: No such file or directory
./install.sh: line 3: cd: ./seattle_repy: No such file or directory
./install.sh: line 3: cd: ./seattle_repy: No such file or directory
./install.sh: line 3: cd: ./seattle_repy: No such file or directory
./install.sh: line 3: cd: ./seattle_repy: No such file or directory
./install.sh: line 3: cd: ./seattle_repy: No such file or directory
./install.sh: line 3: cd: ./seattle_repy: No such file or directory
./install.sh: line 3: cd: ./seattle_repy: No such file or directory
./install.sh: line 3: cd: ./seattle_repy: No such file or directory
./install.sh: line 3: cd: ./seattle_repy: No such file or directory
./install.sh: line 3: cd: ./seattle_repy: No such file or directory
./install.sh: line 3: cd: ./seattle_repy: No such file or directory
./install.sh: line 3: cd: ./seattle_repy: No such file or directory
./install.sh: line 3: cd: ./seattle_repy: No such file or directory
./install.sh: line 3: cd: ./seattle_repy: No such file or directory
./install.sh: line 3: cd: ./seattle_repy: No such file or directory
./install.sh: line 3: cd: ./seattle_repy: No such file or directory
./install.sh: line 3: cd: ./seattle_repy: No such file or directory
./install.sh: line 3: cd: ./seattle_repy: No such file or directory
./install.sh: line 3: cd: ./seattle_repy: No such file or directory
./install.sh: line 3: cd: ./seattle_repy: No such file or directory
./install.sh: line 3: cd: ./seattle_repy: No such file or directory
./install.sh: line 3: cd: ./seattle_repy: No such file or directory
./install.sh: line 3: cd: ./seattle_repy: No such file or directory
./install.sh: line 3: cd: ./seattle_repy: No such file or directory
./install.sh: line 3: cd: ./seattle_repy: No such file or directory
./install.sh: line 3: cd: ./seattle_repy: No such file or directory
./install.sh: line 3: cd: ./seattle_repy: No such file or directory
./install.sh: line 3: cd: ./seattle_repy: No such file or directory
./install.sh: line 3: cd: ./seattle_repy: No such file or directory
./install.sh: line 3: cd: ./seattle_repy: No such file or directory
./install.sh: line 3: cd: ./seattle_repy: No such file or directory
./install.sh: fork: Resource temporarily unavailable
./install.sh: fork: Resource temporarily unavailable
./install.sh: fork: Resource temporarily unavailable


Module:- common
Comments - no directory named script. I ran build_component and here is the log :
sandeepermasmbp:test_build sandeepverma$ cd common
sandeepermasmbp:common sandeepverma$ ls
LICENSE				restrictions.twoports
build_component.py		restrictions.widenet
restrictions.default		seattleclearinghouse_xmlrpc.py
restrictions.fixed		testportfiller.py
restrictions.test		testportfiller.pyc
restrictions.threeports		utf
sandeepermasmbp:common sandeepverma$ python build_component.py 
Building into /Users/sandeepverma/Desktop/seattle_project/RUNNABLE
Traceback (most recent call last):
  File "build_component.py", line 375, in <module>
    main()
  File "build_component.py", line 311, in main
    config_file = open("scripts/config_build.txt")
IOError: [Errno 2] No such file or directory: 'scripts/config_build.txt'


Module:- geoip_server
Test Results:
sandeepermasmbp:test_target sandeepverma$ python utf.py -a
/Library/Frameworks/Python.framework/Versions/2.7/Resources/Python.app/Contents/MacOS/Python: can't open file 'utf.py': [Errno 2] No such file or directory


Module:- seattlelib_v1
TestResults:

sandeepermasmbp:test_target sandeepverma$ python utf.py -a
Testing module: seattlelibtests
	Running: ut_seattlelibtests_testdomainnameinfo.py           [ FAIL ]
--------------------------------------------------------------------------------
Standard error :
..............................Produced..............................
Traceback (most recent call last):
  File "ut_seattlelibtests_testdomainnameinfo.py", line 2, in <module>
    repyhelper.translate_and_import('domainnameinfo.repy')
  File "/Users/sandeepverma/Desktop/seattle_project/test_build/seattlelib_v1/scripts/test_target/repyhelper.py", line 439, in translate_and_import
    _import_file_contents_to_caller_namespace(modulename, preserve_globals)
  File "/Users/sandeepverma/Desktop/seattle_project/test_build/seattlelib_v1/scripts/test_target/repyhelper.py", line 469, in _import_file_contents_to_caller_namespace
    import_module = __import__(modulename)
  File "/Users/sandeepverma/Desktop/seattle_project/test_build/seattlelib_v1/scripts/test_target/domainnameinfo_repy.py", line 10, in <module>
    from repyportability import *
  File "/Users/sandeepverma/Desktop/seattle_project/test_build/seattlelib_v1/scripts/test_target/repyportability.py", line 9, in <module>
    import safe
  File "/Users/sandeepverma/Desktop/seattle_project/test_build/seattlelib_v1/scripts/test_target/safe.py", line 68, in <module>
    import nonportable  # This is to get the current runtime
  File "/Users/sandeepverma/Desktop/seattle_project/test_build/seattlelib_v1/scripts/test_target/nonportable.py", line 27, in <module>
    import tracebackrepy  
  File "/Users/sandeepverma/Desktop/seattle_project/test_build/seattlelib_v1/scripts/test_target/tracebackrepy.py", line 35, in <module>
    import servicelogger
ImportError: No module named servicelogger

..............................Expected..............................
None
--------------------------------------------------------------------------------
	Running: ut_seattlelibtests_testgeoip_address.py            [ FAIL ]
--------------------------------------------------------------------------------
Standard error :
..............................Produced..............................
Traceback (most recent call last):
  File "ut_seattlelibtests_testgeoip_address.py", line 15, in <module>
    repyhelper.translate_and_import('geoip_client.repy')
  File "/Users/sandeepverma/Desktop/seattle_project/test_build/seattlelib_v1/scripts/test_target/repyhelper.py", line 439, in translate_and_import
    _import_file_contents_to_caller_namespace(modulename, preserve_globals)
  File "/Users/sandeepverma/Desktop/seattle_project/test_build/seattlelib_v1/scripts/test_target/repyhelper.py", line 469, in _import_file_contents_to_caller_namespace
    import_module = __import__(modulename)
  File "/Users/sandeepverma/Desktop/seattle_project/test_build/seattlelib_v1/scripts/test_target/geoip_client_repy.py", line 10, in <module>
    from repyportability import *
  File "/Users/sandeepverma/Desktop/seattle_project/test_build/seattlelib_v1/scripts/test_target/repyportability.py", line 9, in <module>
    import safe
  File "/Users/sandeepverma/Desktop/seattle_project/test_build/seattlelib_v1/scripts/test_target/safe.py", line 68, in <module>
    import nonportable  # This is to get the current runtime
  File "/Users/sandeepverma/Desktop/seattle_project/test_build/seattlelib_v1/scripts/test_target/nonportable.py", line 27, in <module>
    import tracebackrepy  
  File "/Users/sandeepverma/Desktop/seattle_project/test_build/seattlelib_v1/scripts/test_target/tracebackrepy.py", line 35, in <module>
    import servicelogger
ImportError: No module named servicelogger

..............................Expected..............................
None
--------------------------------------------------------------------------------
	Running: ut_seattlelibtests_testgeoip_addressprivate.py     [ FAIL ]
--------------------------------------------------------------------------------
Standard error :
..............................Produced..............................
Traceback (most recent call last):
  File "ut_seattlelibtests_testgeoip_addressprivate.py", line 9, in <module>
    repyhelper.translate_and_import("geoip_client.repy")
  File "/Users/sandeepverma/Desktop/seattle_project/test_build/seattlelib_v1/scripts/test_target/repyhelper.py", line 439, in translate_and_import
    _import_file_contents_to_caller_namespace(modulename, preserve_globals)
  File "/Users/sandeepverma/Desktop/seattle_project/test_build/seattlelib_v1/scripts/test_target/repyhelper.py", line 469, in _import_file_contents_to_caller_namespace
    import_module = __import__(modulename)
  File "/Users/sandeepverma/Desktop/seattle_project/test_build/seattlelib_v1/scripts/test_target/geoip_client_repy.py", line 10, in <module>
    from repyportability import *
  File "/Users/sandeepverma/Desktop/seattle_project/test_build/seattlelib_v1/scripts/test_target/repyportability.py", line 9, in <module>
    import safe
  File "/Users/sandeepverma/Desktop/seattle_project/test_build/seattlelib_v1/scripts/test_target/safe.py", line 68, in <module>
    import nonportable  # This is to get the current runtime
  File "/Users/sandeepverma/Desktop/seattle_project/test_build/seattlelib_v1/scripts/test_target/nonportable.py", line 27, in <module>
    import tracebackrepy  
  File "/Users/sandeepverma/Desktop/seattle_project/test_build/seattlelib_v1/scripts/test_target/tracebackrepy.py", line 35, in <module>
    import servicelogger
ImportError: No module named servicelogger

..............................Expected..............................
None
--------------------------------------------------------------------------------
Testing module: bundle
Now running setup script: ut_bundle_setup.py
	Running: ut_bundle_setup.py                                 [ FAIL ]
--------------------------------------------------------------------------------
Standard error :
..............................Produced..............................
Traceback (most recent call last):
  File "ut_bundle_setup.py", line 7, in <module>
    import bundle_test_helper
  File "/Users/sandeepverma/Desktop/seattle_project/test_build/seattlelib_v1/scripts/test_target/bundle_test_helper.py", line 9, in <module>
    repyhelper.translate_and_import('bundle.repy')
  File "/Users/sandeepverma/Desktop/seattle_project/test_build/seattlelib_v1/scripts/test_target/repyhelper.py", line 439, in translate_and_import
    _import_file_contents_to_caller_namespace(modulename, preserve_globals)
  File "/Users/sandeepverma/Desktop/seattle_project/test_build/seattlelib_v1/scripts/test_target/repyhelper.py", line 469, in _import_file_contents_to_caller_namespace
    import_module = __import__(modulename)
  File "/Users/sandeepverma/Desktop/seattle_project/test_build/seattlelib_v1/scripts/test_target/bundle_repy.py", line 10, in <module>
    from repyportability import *
  File "/Users/sandeepverma/Desktop/seattle_project/test_build/seattlelib_v1/scripts/test_target/repyportability.py", line 9, in <module>
    import safe
  File "/Users/sandeepverma/Desktop/seattle_project/test_build/seattlelib_v1/scripts/test_target/safe.py", line 68, in <module>
    import nonportable  # This is to get the current runtime
  File "/Users/sandeepverma/Desktop/seattle_project/test_build/seattlelib_v1/scripts/test_target/nonportable.py", line 27, in <module>
    import tracebackrepy  
  File "/Users/sandeepverma/Desktop/seattle_project/test_build/seattlelib_v1/scripts/test_target/tracebackrepy.py", line 35, in <module>
    import servicelogger
ImportError: No module named servicelogger

..............................Expected..............................
None
--------------------------------------------------------------------------------
	Running: ut_bundle_api_add_multiple.py                      [ FAIL ]
--------------------------------------------------------------------------------
Standard error :
..............................Produced..............................
Traceback (most recent call last):
  File "ut_bundle_api_add_multiple.py", line 5, in <module>
    import bundle_test_helper
  File "/Users/sandeepverma/Desktop/seattle_project/test_build/seattlelib_v1/scripts/test_target/bundle_test_helper.py", line 9, in <module>
    repyhelper.translate_and_import('bundle.repy')
  File "/Users/sandeepverma/Desktop/seattle_project/test_build/seattlelib_v1/scripts/test_target/repyhelper.py", line 439, in translate_and_import
    _import_file_contents_to_caller_namespace(modulename, preserve_globals)
  File "/Users/sandeepverma/Desktop/seattle_project/test_build/seattlelib_v1/scripts/test_target/repyhelper.py", line 469, in _import_file_contents_to_caller_namespace
    import_module = __import__(modulename)
  File "/Users/sandeepverma/Desktop/seattle_project/test_build/seattlelib_v1/scripts/test_target/bundle_repy.py", line 10, in <module>
    from repyportability import *
  File "/Users/sandeepverma/Desktop/seattle_project/test_build/seattlelib_v1/scripts/test_target/repyportability.py", line 9, in <module>
    import safe
  File "/Users/sandeepverma/Desktop/seattle_project/test_build/seattlelib_v1/scripts/test_target/safe.py", line 68, in <module>
    import nonportable  # This is to get the current runtime
  File "/Users/sandeepverma/Desktop/seattle_project/test_build/seattlelib_v1/scripts/test_target/nonportable.py", line 27, in <module>
    import tracebackrepy  
  File "/Users/sandeepverma/Desktop/seattle_project/test_build/seattlelib_v1/scripts/test_target/tracebackrepy.py", line 35, in <module>
    import servicelogger
ImportError: No module named servicelogger

..............................Expected..............................
None
--------------------------------------------------------------------------------
	Running: ut_bundle_api_add_single.py                        [ FAIL ]
--------------------------------------------------------------------------------
Standard error :
..............................Produced..............................
Traceback (most recent call last):
  File "ut_bundle_api_add_single.py", line 5, in <module>
    import bundle_test_helper
  File "/Users/sandeepverma/Desktop/seattle_project/test_build/seattlelib_v1/scripts/test_target/bundle_test_helper.py", line 9, in <module>
    repyhelper.translate_and_import('bundle.repy')
  File "/Users/sandeepverma/Desktop/seattle_project/test_build/seattlelib_v1/scripts/test_target/repyhelper.py", line 439, in translate_and_import
    _import_file_contents_to_caller_namespace(modulename, preserve_globals)
  File "/Users/sandeepverma/Desktop/seattle_project/test_build/seattlelib_v1/scripts/test_target/repyhelper.py", line 469, in _import_file_contents_to_caller_namespace
    import_module = __import__(modulename)
  File "/Users/sandeepverma/Desktop/seattle_project/test_build/seattlelib_v1/scripts/test_target/bundle_repy.py", line 10, in <module>
    from repyportability import *
  File "/Users/sandeepverma/Desktop/seattle_project/test_build/seattlelib_v1/scripts/test_target/repyportability.py", line 9, in <module>
    import safe
  File "/Users/sandeepverma/Desktop/seattle_project/test_build/seattlelib_v1/scripts/test_target/safe.py", line 68, in <module>
    import nonportable  # This is to get the current runtime
  File "/Users/sandeepverma/Desktop/seattle_project/test_build/seattlelib_v1/scripts/test_target/nonportable.py", line 27, in <module>
    import tracebackrepy  
  File "/Users/sandeepverma/Desktop/seattle_project/test_build/seattlelib_v1/scripts/test_target/tracebackrepy.py", line 35, in <module>
    import servicelogger
ImportError: No module named servicelogger

..............................Expected..............................
None
--------------------------------------------------------------------------------
	Running: ut_bundle_api_add_string.py                        [ FAIL ]
--------------------------------------------------------------------------------
Standard error :
..............................Produced..............................
Traceback (most recent call last):
  File "ut_bundle_api_add_string.py", line 5, in <module>
    import bundle_test_helper
  File "/Users/sandeepverma/Desktop/seattle_project/test_build/seattlelib_v1/scripts/test_target/bundle_test_helper.py", line 9, in <module>
    repyhelper.translate_and_import('bundle.repy')
  File "/Users/sandeepverma/Desktop/seattle_project/test_build/seattlelib_v1/scripts/test_target/repyhelper.py", line 439, in translate_and_import
    _import_file_contents_to_caller_namespace(modulename, preserve_globals)
  File "/Users/sandeepverma/Desktop/seattle_project/test_build/seattlelib_v1/scripts/test_target/repyhelper.py", line 469, in _import_file_contents_to_caller_namespace
    import_module = __import__(modulename)
  File "/Users/sandeepverma/Desktop/seattle_project/test_build/seattlelib_v1/scripts/test_target/bundle_repy.py", line 10, in <module>
    from repyportability import *
  File "/Users/sandeepverma/Desktop/seattle_project/test_build/seattlelib_v1/scripts/test_target/repyportability.py", line 9, in <module>
    import safe
  File "/Users/sandeepverma/Desktop/seattle_project/test_build/seattlelib_v1/scripts/test_target/safe.py", line 68, in <module>
    import nonportable  # This is to get the current runtime
  File "/Users/sandeepverma/Desktop/seattle_project/test_build/seattlelib_v1/scripts/test_target/nonportable.py", line 27, in <module>
    import tracebackrepy  
  File "/Users/sandeepverma/Desktop/seattle_project/test_build/seattlelib_v1/scripts/test_target/tracebackrepy.py", line 35, in <module>
    import servicelogger
ImportError: No module named servicelogger

..............................Expected..............................
None
--------------------------------------------------------------------------------
	Running: ut_bundle_api_create_existing.py                   [ FAIL ]
--------------------------------------------------------------------------------
Standard error :
..............................Produced..............................
Traceback (most recent call last):
  File "ut_bundle_api_create_existing.py", line 6, in <module>
    import bundle_test_helper
  File "/Users/sandeepverma/Desktop/seattle_project/test_build/seattlelib_v1/scripts/test_target/bundle_test_helper.py", line 9, in <module>
    repyhelper.translate_and_import('bundle.repy')
  File "/Users/sandeepverma/Desktop/seattle_project/test_build/seattlelib_v1/scripts/test_target/repyhelper.py", line 439, in translate_and_import
    _import_file_contents_to_caller_namespace(modulename, preserve_globals)
  File "/Users/sandeepverma/Desktop/seattle_project/test_build/seattlelib_v1/scripts/test_target/repyhelper.py", line 469, in _import_file_contents_to_caller_namespace
    import_module = __import__(modulename)
  File "/Users/sandeepverma/Desktop/seattle_project/test_build/seattlelib_v1/scripts/test_target/bundle_repy.py", line 10, in <module>
    from repyportability import *
  File "/Users/sandeepverma/Desktop/seattle_project/test_build/seattlelib_v1/scripts/test_target/repyportability.py", line 9, in <module>
    import safe
  File "/Users/sandeepverma/Desktop/seattle_project/test_build/seattlelib_v1/scripts/test_target/safe.py", line 68, in <module>
    import nonportable  # This is to get the current runtime
  File "/Users/sandeepverma/Desktop/seattle_project/test_build/seattlelib_v1/scripts/test_target/nonportable.py", line 27, in <module>
    import tracebackrepy  
  File "/Users/sandeepverma/Desktop/seattle_project/test_build/seattlelib_v1/scripts/test_target/tracebackrepy.py", line 35, in <module>
    import servicelogger
ImportError: No module named servicelogger

..............................Expected..............................
None
--------------------------------------------------------------------------------
Standard out :
..............................Produced..............................

..............................Expected..............................
{}

--------------------------------------------------------------------------------
	Running: ut_bundle_api_create_new.py                        [ FAIL ]
--------------------------------------------------------------------------------
Standard error :
..............................Produced..............................
Traceback (most recent call last):
  File "ut_bundle_api_create_new.py", line 5, in <module>
    import bundle_test_helper
  File "/Users/sandeepverma/Desktop/seattle_project/test_build/seattlelib_v1/scripts/test_target/bundle_test_helper.py", line 9, in <module>
    repyhelper.translate_and_import('bundle.repy')
  File "/Users/sandeepverma/Desktop/seattle_project/test_build/seattlelib_v1/scripts/test_target/repyhelper.py", line 439, in translate_and_import
    _import_file_contents_to_caller_namespace(modulename, preserve_globals)
  File "/Users/sandeepverma/Desktop/seattle_project/test_build/seattlelib_v1/scripts/test_target/repyhelper.py", line 469, in _import_file_contents_to_caller_namespace
    import_module = __import__(modulename)
  File "/Users/sandeepverma/Desktop/seattle_project/test_build/seattlelib_v1/scripts/test_target/bundle_repy.py", line 10, in <module>
    from repyportability import *
  File "/Users/sandeepverma/Desktop/seattle_project/test_build/seattlelib_v1/scripts/test_target/repyportability.py", line 9, in <module>
    import safe
  File "/Users/sandeepverma/Desktop/seattle_project/test_build/seattlelib_v1/scripts/test_target/safe.py", line 68, in <module>
    import nonportable  # This is to get the current runtime
  File "/Users/sandeepverma/Desktop/seattle_project/test_build/seattlelib_v1/scripts/test_target/nonportable.py", line 27, in <module>
    import tracebackrepy  
  File "/Users/sandeepverma/Desktop/seattle_project/test_build/seattlelib_v1/scripts/test_target/tracebackrepy.py", line 35, in <module>
    import servicelogger
ImportError: No module named servicelogger

..............................Expected..............................
None
--------------------------------------------------------------------------------
	Running: ut_bundle_api_extract_all.py                       [ FAIL ]
--------------------------------------------------------------------------------
Standard error :
..............................Produced..............................
Traceback (most recent call last):
  File "ut_bundle_api_extract_all.py", line 5, in <module>
    import bundle_test_helper
  File "/Users/sandeepverma/Desktop/seattle_project/test_build/seattlelib_v1/scripts/test_target/bundle_test_helper.py", line 9, in <module>
    repyhelper.translate_and_import('bundle.repy')
  File "/Users/sandeepverma/Desktop/seattle_project/test_build/seattlelib_v1/scripts/test_target/repyhelper.py", line 439, in translate_and_import
    _import_file_contents_to_caller_namespace(modulename, preserve_globals)
  File "/Users/sandeepverma/Desktop/seattle_project/test_build/seattlelib_v1/scripts/test_target/repyhelper.py", line 469, in _import_file_contents_to_caller_namespace
    import_module = __import__(modulename)
  File "/Users/sandeepverma/Desktop/seattle_project/test_build/seattlelib_v1/scripts/test_target/bundle_repy.py", line 10, in <module>
    from repyportability import *
  File "/Users/sandeepverma/Desktop/seattle_project/test_build/seattlelib_v1/scripts/test_target/repyportability.py", line 9, in <module>
    import safe
  File "/Users/sandeepverma/Desktop/seattle_project/test_build/seattlelib_v1/scripts/test_target/safe.py", line 68, in <module>
    import nonportable  # This is to get the current runtime
  File "/Users/sandeepverma/Desktop/seattle_project/test_build/seattlelib_v1/scripts/test_target/nonportable.py", line 27, in <module>
    import tracebackrepy  
  File "/Users/sandeepverma/Desktop/seattle_project/test_build/seattlelib_v1/scripts/test_target/tracebackrepy.py", line 35, in <module>
    import servicelogger
ImportError: No module named servicelogger

..............................Expected..............................
None
--------------------------------------------------------------------------------
	Running: ut_bundle_api_extract_multiple.py                  [ FAIL ]
--------------------------------------------------------------------------------
Standard error :
..............................Produced..............................
Traceback (most recent call last):
  File "ut_bundle_api_extract_multiple.py", line 5, in <module>
    import bundle_test_helper
  File "/Users/sandeepverma/Desktop/seattle_project/test_build/seattlelib_v1/scripts/test_target/bundle_test_helper.py", line 9, in <module>
    repyhelper.translate_and_import('bundle.repy')
  File "/Users/sandeepverma/Desktop/seattle_project/test_build/seattlelib_v1/scripts/test_target/repyhelper.py", line 439, in translate_and_import
    _import_file_contents_to_caller_namespace(modulename, preserve_globals)
  File "/Users/sandeepverma/Desktop/seattle_project/test_build/seattlelib_v1/scripts/test_target/repyhelper.py", line 469, in _import_file_contents_to_caller_namespace
    import_module = __import__(modulename)
  File "/Users/sandeepverma/Desktop/seattle_project/test_build/seattlelib_v1/scripts/test_target/bundle_repy.py", line 10, in <module>
    from repyportability import *
  File "/Users/sandeepverma/Desktop/seattle_project/test_build/seattlelib_v1/scripts/test_target/repyportability.py", line 9, in <module>
    import safe
  File "/Users/sandeepverma/Desktop/seattle_project/test_build/seattlelib_v1/scripts/test_target/safe.py", line 68, in <module>
    import nonportable  # This is to get the current runtime
  File "/Users/sandeepverma/Desktop/seattle_project/test_build/seattlelib_v1/scripts/test_target/nonportable.py", line 27, in <module>
    import tracebackrepy  
  File "/Users/sandeepverma/Desktop/seattle_project/test_build/seattlelib_v1/scripts/test_target/tracebackrepy.py", line 35, in <module>
    import servicelogger
ImportError: No module named servicelogger

..............................Expected..............................
None
--------------------------------------------------------------------------------
	Running: ut_bundle_api_extract_one.py                       [ FAIL ]
--------------------------------------------------------------------------------
Standard error :
..............................Produced..............................
Traceback (most recent call last):
  File "ut_bundle_api_extract_one.py", line 5, in <module>
    import bundle_test_helper
  File "/Users/sandeepverma/Desktop/seattle_project/test_build/seattlelib_v1/scripts/test_target/bundle_test_helper.py", line 9, in <module>
    repyhelper.translate_and_import('bundle.repy')
  File "/Users/sandeepverma/Desktop/seattle_project/test_build/seattlelib_v1/scripts/test_target/repyhelper.py", line 439, in translate_and_import
    _import_file_contents_to_caller_namespace(modulename, preserve_globals)
  File "/Users/sandeepverma/Desktop/seattle_project/test_build/seattlelib_v1/scripts/test_target/repyhelper.py", line 469, in _import_file_contents_to_caller_namespace
    import_module = __import__(modulename)
  File "/Users/sandeepverma/Desktop/seattle_project/test_build/seattlelib_v1/scripts/test_target/bundle_repy.py", line 10, in <module>
    from repyportability import *
  File "/Users/sandeepverma/Desktop/seattle_project/test_build/seattlelib_v1/scripts/test_target/repyportability.py", line 9, in <module>
    import safe
  File "/Users/sandeepverma/Desktop/seattle_project/test_build/seattlelib_v1/scripts/test_target/safe.py", line 68, in <module>
    import nonportable  # This is to get the current runtime
  File "/Users/sandeepverma/Desktop/seattle_project/test_build/seattlelib_v1/scripts/test_target/nonportable.py", line 27, in <module>
    import tracebackrepy  
  File "/Users/sandeepverma/Desktop/seattle_project/test_build/seattlelib_v1/scripts/test_target/tracebackrepy.py", line 35, in <module>
    import servicelogger
ImportError: No module named servicelogger

..............................Expected..............................
None
--------------------------------------------------------------------------------
	Running: ut_bundle_api_extract_string.py                    [ FAIL ]
--------------------------------------------------------------------------------
Standard error :
..............................Produced..............................
Traceback (most recent call last):
  File "ut_bundle_api_extract_string.py", line 6, in <module>
    repyhelper.translate_and_import('bundle.repy')
  File "/Users/sandeepverma/Desktop/seattle_project/test_build/seattlelib_v1/scripts/test_target/repyhelper.py", line 439, in translate_and_import
    _import_file_contents_to_caller_namespace(modulename, preserve_globals)
  File "/Users/sandeepverma/Desktop/seattle_project/test_build/seattlelib_v1/scripts/test_target/repyhelper.py", line 469, in _import_file_contents_to_caller_namespace
    import_module = __import__(modulename)
  File "/Users/sandeepverma/Desktop/seattle_project/test_build/seattlelib_v1/scripts/test_target/bundle_repy.py", line 10, in <module>
    from repyportability import *
  File "/Users/sandeepverma/Desktop/seattle_project/test_build/seattlelib_v1/scripts/test_target/repyportability.py", line 9, in <module>
    import safe
  File "/Users/sandeepverma/Desktop/seattle_project/test_build/seattlelib_v1/scripts/test_target/safe.py", line 68, in <module>
    import nonportable  # This is to get the current runtime
  File "/Users/sandeepverma/Desktop/seattle_project/test_build/seattlelib_v1/scripts/test_target/nonportable.py", line 27, in <module>
    import tracebackrepy  
  File "/Users/sandeepverma/Desktop/seattle_project/test_build/seattlelib_v1/scripts/test_target/tracebackrepy.py", line 35, in <module>
    import servicelogger
ImportError: No module named servicelogger

..............................Expected..............................
None
--------------------------------------------------------------------------------
	Running: ut_bundle_api_list.py                              [ FAIL ]
--------------------------------------------------------------------------------
Standard error :
..............................Produced..............................
Traceback (most recent call last):
  File "ut_bundle_api_list.py", line 7, in <module>
    repyhelper.translate_and_import('bundle.repy')
  File "/Users/sandeepverma/Desktop/seattle_project/test_build/seattlelib_v1/scripts/test_target/repyhelper.py", line 439, in translate_and_import
    _import_file_contents_to_caller_namespace(modulename, preserve_globals)
  File "/Users/sandeepverma/Desktop/seattle_project/test_build/seattlelib_v1/scripts/test_target/repyhelper.py", line 469, in _import_file_contents_to_caller_namespace
    import_module = __import__(modulename)
  File "/Users/sandeepverma/Desktop/seattle_project/test_build/seattlelib_v1/scripts/test_target/bundle_repy.py", line 10, in <module>
    from repyportability import *
  File "/Users/sandeepverma/Desktop/seattle_project/test_build/seattlelib_v1/scripts/test_target/repyportability.py", line 9, in <module>
    import safe
  File "/Users/sandeepverma/Desktop/seattle_project/test_build/seattlelib_v1/scripts/test_target/safe.py", line 68, in <module>
    import nonportable  # This is to get the current runtime
  File "/Users/sandeepverma/Desktop/seattle_project/test_build/seattlelib_v1/scripts/test_target/nonportable.py", line 27, in <module>
    import tracebackrepy  
  File "/Users/sandeepverma/Desktop/seattle_project/test_build/seattlelib_v1/scripts/test_target/tracebackrepy.py", line 35, in <module>
    import servicelogger
ImportError: No module named servicelogger

..............................Expected..............................
None
--------------------------------------------------------------------------------
	Running: ut_bundle_api_remove_multiple.py                   [ FAIL ]
--------------------------------------------------------------------------------
Standard error :
..............................Produced..............................
Traceback (most recent call last):
  File "ut_bundle_api_remove_multiple.py", line 5, in <module>
    import bundle_test_helper
  File "/Users/sandeepverma/Desktop/seattle_project/test_build/seattlelib_v1/scripts/test_target/bundle_test_helper.py", line 9, in <module>
    repyhelper.translate_and_import('bundle.repy')
  File "/Users/sandeepverma/Desktop/seattle_project/test_build/seattlelib_v1/scripts/test_target/repyhelper.py", line 439, in translate_and_import
    _import_file_contents_to_caller_namespace(modulename, preserve_globals)
  File "/Users/sandeepverma/Desktop/seattle_project/test_build/seattlelib_v1/scripts/test_target/repyhelper.py", line 469, in _import_file_contents_to_caller_namespace
    import_module = __import__(modulename)
  File "/Users/sandeepverma/Desktop/seattle_project/test_build/seattlelib_v1/scripts/test_target/bundle_repy.py", line 10, in <module>
    from repyportability import *
  File "/Users/sandeepverma/Desktop/seattle_project/test_build/seattlelib_v1/scripts/test_target/repyportability.py", line 9, in <module>
    import safe
  File "/Users/sandeepverma/Desktop/seattle_project/test_build/seattlelib_v1/scripts/test_target/safe.py", line 68, in <module>
    import nonportable  # This is to get the current runtime
  File "/Users/sandeepverma/Desktop/seattle_project/test_build/seattlelib_v1/scripts/test_target/nonportable.py", line 27, in <module>
    import tracebackrepy  
  File "/Users/sandeepverma/Desktop/seattle_project/test_build/seattlelib_v1/scripts/test_target/tracebackrepy.py", line 35, in <module>
    import servicelogger
ImportError: No module named servicelogger

..............................Expected..............................
None
--------------------------------------------------------------------------------
Standard out :
..............................Produced..............................

..............................Expected..............................
{}

--------------------------------------------------------------------------------
	Running: ut_bundle_api_remove_one.py                        [ FAIL ]
--------------------------------------------------------------------------------
Standard error :
..............................Produced..............................
Traceback (most recent call last):
  File "ut_bundle_api_remove_one.py", line 5, in <module>
    import bundle_test_helper
  File "/Users/sandeepverma/Desktop/seattle_project/test_build/seattlelib_v1/scripts/test_target/bundle_test_helper.py", line 9, in <module>
    repyhelper.translate_and_import('bundle.repy')
  File "/Users/sandeepverma/Desktop/seattle_project/test_build/seattlelib_v1/scripts/test_target/repyhelper.py", line 439, in translate_and_import
    _import_file_contents_to_caller_namespace(modulename, preserve_globals)
  File "/Users/sandeepverma/Desktop/seattle_project/test_build/seattlelib_v1/scripts/test_target/repyhelper.py", line 469, in _import_file_contents_to_caller_namespace
    import_module = __import__(modulename)
  File "/Users/sandeepverma/Desktop/seattle_project/test_build/seattlelib_v1/scripts/test_target/bundle_repy.py", line 10, in <module>
    from repyportability import *
  File "/Users/sandeepverma/Desktop/seattle_project/test_build/seattlelib_v1/scripts/test_target/repyportability.py", line 9, in <module>
    import safe
  File "/Users/sandeepverma/Desktop/seattle_project/test_build/seattlelib_v1/scripts/test_target/safe.py", line 68, in <module>
    import nonportable  # This is to get the current runtime
  File "/Users/sandeepverma/Desktop/seattle_project/test_build/seattlelib_v1/scripts/test_target/nonportable.py", line 27, in <module>
    import tracebackrepy  
  File "/Users/sandeepverma/Desktop/seattle_project/test_build/seattlelib_v1/scripts/test_target/tracebackrepy.py", line 35, in <module>
    import servicelogger
ImportError: No module named servicelogger

..............................Expected..............................
None
--------------------------------------------------------------------------------
Standard out :
..............................Produced..............................

..............................Expected..............................
{'src3copy': 461, 'src2copy': 100}

--------------------------------------------------------------------------------
	Running: ut_bundle_api_wipe.py                              [ FAIL ]
--------------------------------------------------------------------------------
Standard error :
..............................Produced..............................
Traceback (most recent call last):
  File "ut_bundle_api_wipe.py", line 8, in <module>
    repyhelper.translate_and_import('bundle.repy')
  File "/Users/sandeepverma/Desktop/seattle_project/test_build/seattlelib_v1/scripts/test_target/repyhelper.py", line 439, in translate_and_import
    _import_file_contents_to_caller_namespace(modulename, preserve_globals)
  File "/Users/sandeepverma/Desktop/seattle_project/test_build/seattlelib_v1/scripts/test_target/repyhelper.py", line 469, in _import_file_contents_to_caller_namespace
    import_module = __import__(modulename)
  File "/Users/sandeepverma/Desktop/seattle_project/test_build/seattlelib_v1/scripts/test_target/bundle_repy.py", line 10, in <module>
    from repyportability import *
  File "/Users/sandeepverma/Desktop/seattle_project/test_build/seattlelib_v1/scripts/test_target/repyportability.py", line 9, in <module>
    import safe
  File "/Users/sandeepverma/Desktop/seattle_project/test_build/seattlelib_v1/scripts/test_target/safe.py", line 68, in <module>
    import nonportable  # This is to get the current runtime
  File "/Users/sandeepverma/Desktop/seattle_project/test_build/seattlelib_v1/scripts/test_target/nonportable.py", line 27, in <module>
    import tracebackrepy  
  File "/Users/sandeepverma/Desktop/seattle_project/test_build/seattlelib_v1/scripts/test_target/tracebackrepy.py", line 35, in <module>
    import servicelogger
ImportError: No module named servicelogger

..............................Expected..............................
None
--------------------------------------------------------------------------------
	Running: ut_bundle_api_wipe_embed.py                        [ FAIL ]
--------------------------------------------------------------------------------
Standard error :
..............................Produced..............................
Traceback (most recent call last):
  File "ut_bundle_api_wipe_embed.py", line 8, in <module>
    repyhelper.translate_and_import('bundle.repy')
  File "/Users/sandeepverma/Desktop/seattle_project/test_build/seattlelib_v1/scripts/test_target/repyhelper.py", line 439, in translate_and_import
    _import_file_contents_to_caller_namespace(modulename, preserve_globals)
  File "/Users/sandeepverma/Desktop/seattle_project/test_build/seattlelib_v1/scripts/test_target/repyhelper.py", line 469, in _import_file_contents_to_caller_namespace
    import_module = __import__(modulename)
  File "/Users/sandeepverma/Desktop/seattle_project/test_build/seattlelib_v1/scripts/test_target/bundle_repy.py", line 10, in <module>
    from repyportability import *
  File "/Users/sandeepverma/Desktop/seattle_project/test_build/seattlelib_v1/scripts/test_target/repyportability.py", line 9, in <module>
    import safe
  File "/Users/sandeepverma/Desktop/seattle_project/test_build/seattlelib_v1/scripts/test_target/safe.py", line 68, in <module>
    import nonportable  # This is to get the current runtime
  File "/Users/sandeepverma/Desktop/seattle_project/test_build/seattlelib_v1/scripts/test_target/nonportable.py", line 27, in <module>
    import tracebackrepy  
  File "/Users/sandeepverma/Desktop/seattle_project/test_build/seattlelib_v1/scripts/test_target/tracebackrepy.py", line 35, in <module>
    import servicelogger
ImportError: No module named servicelogger

..............................Expected..............................
None
--------------------------------------------------------------------------------
	Running: ut_bundle_cli_add_multiple.py                      [ FAIL ]
--------------------------------------------------------------------------------
Standard error :
..............................Produced..............................
Traceback (most recent call last):
  File "ut_bundle_cli_add_multiple.py", line 5, in <module>
    import bundle_test_helper
  File "/Users/sandeepverma/Desktop/seattle_project/test_build/seattlelib_v1/scripts/test_target/bundle_test_helper.py", line 9, in <module>
    repyhelper.translate_and_import('bundle.repy')
  File "/Users/sandeepverma/Desktop/seattle_project/test_build/seattlelib_v1/scripts/test_target/repyhelper.py", line 439, in translate_and_import
    _import_file_contents_to_caller_namespace(modulename, preserve_globals)
  File "/Users/sandeepverma/Desktop/seattle_project/test_build/seattlelib_v1/scripts/test_target/repyhelper.py", line 469, in _import_file_contents_to_caller_namespace
    import_module = __import__(modulename)
  File "/Users/sandeepverma/Desktop/seattle_project/test_build/seattlelib_v1/scripts/test_target/bundle_repy.py", line 10, in <module>
    from repyportability import *
  File "/Users/sandeepverma/Desktop/seattle_project/test_build/seattlelib_v1/scripts/test_target/repyportability.py", line 9, in <module>
    import safe
  File "/Users/sandeepverma/Desktop/seattle_project/test_build/seattlelib_v1/scripts/test_target/safe.py", line 68, in <module>
    import nonportable  # This is to get the current runtime
  File "/Users/sandeepverma/Desktop/seattle_project/test_build/seattlelib_v1/scripts/test_target/nonportable.py", line 27, in <module>
    import tracebackrepy  
  File "/Users/sandeepverma/Desktop/seattle_project/test_build/seattlelib_v1/scripts/test_target/tracebackrepy.py", line 35, in <module>
    import servicelogger
ImportError: No module named servicelogger

..............................Expected..............................
None
--------------------------------------------------------------------------------
	Running: ut_bundle_cli_add_single.py                        [ FAIL ]
--------------------------------------------------------------------------------
Standard error :
..............................Produced..............................
Traceback (most recent call last):
  File "ut_bundle_cli_add_single.py", line 5, in <module>
    import bundle_test_helper
  File "/Users/sandeepverma/Desktop/seattle_project/test_build/seattlelib_v1/scripts/test_target/bundle_test_helper.py", line 9, in <module>
    repyhelper.translate_and_import('bundle.repy')
  File "/Users/sandeepverma/Desktop/seattle_project/test_build/seattlelib_v1/scripts/test_target/repyhelper.py", line 439, in translate_and_import
    _import_file_contents_to_caller_namespace(modulename, preserve_globals)
  File "/Users/sandeepverma/Desktop/seattle_project/test_build/seattlelib_v1/scripts/test_target/repyhelper.py", line 469, in _import_file_contents_to_caller_namespace
    import_module = __import__(modulename)
  File "/Users/sandeepverma/Desktop/seattle_project/test_build/seattlelib_v1/scripts/test_target/bundle_repy.py", line 10, in <module>
    from repyportability import *
  File "/Users/sandeepverma/Desktop/seattle_project/test_build/seattlelib_v1/scripts/test_target/repyportability.py", line 9, in <module>
    import safe
  File "/Users/sandeepverma/Desktop/seattle_project/test_build/seattlelib_v1/scripts/test_target/safe.py", line 68, in <module>
    import nonportable  # This is to get the current runtime
  File "/Users/sandeepverma/Desktop/seattle_project/test_build/seattlelib_v1/scripts/test_target/nonportable.py", line 27, in <module>
    import tracebackrepy  
  File "/Users/sandeepverma/Desktop/seattle_project/test_build/seattlelib_v1/scripts/test_target/tracebackrepy.py", line 35, in <module>
    import servicelogger
ImportError: No module named servicelogger

..............................Expected..............................
None
--------------------------------------------------------------------------------
	Running: ut_bundle_cli_create.py                            [ FAIL ]
--------------------------------------------------------------------------------
Standard error :
..............................Produced..............................
Traceback (most recent call last):
  File "ut_bundle_cli_create.py", line 5, in <module>
    import bundle_test_helper
  File "/Users/sandeepverma/Desktop/seattle_project/test_build/seattlelib_v1/scripts/test_target/bundle_test_helper.py", line 9, in <module>
    repyhelper.translate_and_import('bundle.repy')
  File "/Users/sandeepverma/Desktop/seattle_project/test_build/seattlelib_v1/scripts/test_target/repyhelper.py", line 439, in translate_and_import
    _import_file_contents_to_caller_namespace(modulename, preserve_globals)
  File "/Users/sandeepverma/Desktop/seattle_project/test_build/seattlelib_v1/scripts/test_target/repyhelper.py", line 469, in _import_file_contents_to_caller_namespace
    import_module = __import__(modulename)
  File "/Users/sandeepverma/Desktop/seattle_project/test_build/seattlelib_v1/scripts/test_target/bundle_repy.py", line 10, in <module>
    from repyportability import *
  File "/Users/sandeepverma/Desktop/seattle_project/test_build/seattlelib_v1/scripts/test_target/repyportability.py", line 9, in <module>
    import safe
  File "/Users/sandeepverma/Desktop/seattle_project/test_build/seattlelib_v1/scripts/test_target/safe.py", line 68, in <module>
    import nonportable  # This is to get the current runtime
  File "/Users/sandeepverma/Desktop/seattle_project/test_build/seattlelib_v1/scripts/test_target/nonportable.py", line 27, in <module>
    import tracebackrepy  
  File "/Users/sandeepverma/Desktop/seattle_project/test_build/seattlelib_v1/scripts/test_target/tracebackrepy.py", line 35, in <module>
    import servicelogger
ImportError: No module named servicelogger

..............................Expected..............................
None
--------------------------------------------------------------------------------
	Running: ut_bundle_cli_create_error.py                      [ FAIL ]
--------------------------------------------------------------------------------
Standard error :
..............................Produced..............................
Traceback (most recent call last):
  File "ut_bundle_cli_create_error.py", line 6, in <module>
    import bundle_test_helper
  File "/Users/sandeepverma/Desktop/seattle_project/test_build/seattlelib_v1/scripts/test_target/bundle_test_helper.py", line 9, in <module>
    repyhelper.translate_and_import('bundle.repy')
  File "/Users/sandeepverma/Desktop/seattle_project/test_build/seattlelib_v1/scripts/test_target/repyhelper.py", line 439, in translate_and_import
    _import_file_contents_to_caller_namespace(modulename, preserve_globals)
  File "/Users/sandeepverma/Desktop/seattle_project/test_build/seattlelib_v1/scripts/test_target/repyhelper.py", line 469, in _import_file_contents_to_caller_namespace
    import_module = __import__(modulename)
  File "/Users/sandeepverma/Desktop/seattle_project/test_build/seattlelib_v1/scripts/test_target/bundle_repy.py", line 10, in <module>
    from repyportability import *
  File "/Users/sandeepverma/Desktop/seattle_project/test_build/seattlelib_v1/scripts/test_target/repyportability.py", line 9, in <module>
    import safe
  File "/Users/sandeepverma/Desktop/seattle_project/test_build/seattlelib_v1/scripts/test_target/safe.py", line 68, in <module>
    import nonportable  # This is to get the current runtime
  File "/Users/sandeepverma/Desktop/seattle_project/test_build/seattlelib_v1/scripts/test_target/nonportable.py", line 27, in <module>
    import tracebackrepy  
  File "/Users/sandeepverma/Desktop/seattle_project/test_build/seattlelib_v1/scripts/test_target/tracebackrepy.py", line 35, in <module>
    import servicelogger
ImportError: No module named servicelogger

..............................Expected..............................
None
--------------------------------------------------------------------------------
Standard out :
..............................Produced..............................

..............................Expected..............................
Expected Arguments: {source_filename} bundle_filename

--------------------------------------------------------------------------------
	Running: ut_bundle_cli_create_from_existing.py              [ FAIL ]
--------------------------------------------------------------------------------
Standard error :
..............................Produced..............................
Traceback (most recent call last):
  File "ut_bundle_cli_create_from_existing.py", line 5, in <module>
    import bundle_test_helper
  File "/Users/sandeepverma/Desktop/seattle_project/test_build/seattlelib_v1/scripts/test_target/bundle_test_helper.py", line 9, in <module>
    repyhelper.translate_and_import('bundle.repy')
  File "/Users/sandeepverma/Desktop/seattle_project/test_build/seattlelib_v1/scripts/test_target/repyhelper.py", line 439, in translate_and_import
    _import_file_contents_to_caller_namespace(modulename, preserve_globals)
  File "/Users/sandeepverma/Desktop/seattle_project/test_build/seattlelib_v1/scripts/test_target/repyhelper.py", line 469, in _import_file_contents_to_caller_namespace
    import_module = __import__(modulename)
  File "/Users/sandeepverma/Desktop/seattle_project/test_build/seattlelib_v1/scripts/test_target/bundle_repy.py", line 10, in <module>
    from repyportability import *
  File "/Users/sandeepverma/Desktop/seattle_project/test_build/seattlelib_v1/scripts/test_target/repyportability.py", line 9, in <module>
    import safe
  File "/Users/sandeepverma/Desktop/seattle_project/test_build/seattlelib_v1/scripts/test_target/safe.py", line 68, in <module>
    import nonportable  # This is to get the current runtime
  File "/Users/sandeepverma/Desktop/seattle_project/test_build/seattlelib_v1/scripts/test_target/nonportable.py", line 27, in <module>
    import tracebackrepy  
  File "/Users/sandeepverma/Desktop/seattle_project/test_build/seattlelib_v1/scripts/test_target/tracebackrepy.py", line 35, in <module>
    import servicelogger
ImportError: No module named servicelogger

..............................Expected..............................
None
--------------------------------------------------------------------------------
	Running: ut_bundle_cli_extract.py                           [ FAIL ]
--------------------------------------------------------------------------------
Standard error :
..............................Produced..............................
Traceback (most recent call last):
  File "ut_bundle_cli_extract.py", line 5, in <module>
    import bundle_test_helper
  File "/Users/sandeepverma/Desktop/seattle_project/test_build/seattlelib_v1/scripts/test_target/bundle_test_helper.py", line 9, in <module>
    repyhelper.translate_and_import('bundle.repy')
  File "/Users/sandeepverma/Desktop/seattle_project/test_build/seattlelib_v1/scripts/test_target/repyhelper.py", line 439, in translate_and_import
    _import_file_contents_to_caller_namespace(modulename, preserve_globals)
  File "/Users/sandeepverma/Desktop/seattle_project/test_build/seattlelib_v1/scripts/test_target/repyhelper.py", line 469, in _import_file_contents_to_caller_namespace
    import_module = __import__(modulename)
  File "/Users/sandeepverma/Desktop/seattle_project/test_build/seattlelib_v1/scripts/test_target/bundle_repy.py", line 10, in <module>
    from repyportability import *
  File "/Users/sandeepverma/Desktop/seattle_project/test_build/seattlelib_v1/scripts/test_target/repyportability.py", line 9, in <module>
    import safe
  File "/Users/sandeepverma/Desktop/seattle_project/test_build/seattlelib_v1/scripts/test_target/safe.py", line 68, in <module>
    import nonportable  # This is to get the current runtime
  File "/Users/sandeepverma/Desktop/seattle_project/test_build/seattlelib_v1/scripts/test_target/nonportable.py", line 27, in <module>
    import tracebackrepy  
  File "/Users/sandeepverma/Desktop/seattle_project/test_build/seattlelib_v1/scripts/test_target/tracebackrepy.py", line 35, in <module>
    import servicelogger
ImportError: No module named servicelogger

..............................Expected..............................
None
--------------------------------------------------------------------------------
	Running: ut_bundle_cli_extract_all.py                       [ FAIL ]
--------------------------------------------------------------------------------
Standard error :
..............................Produced..............................
Traceback (most recent call last):
  File "ut_bundle_cli_extract_all.py", line 5, in <module>
    import bundle_test_helper
  File "/Users/sandeepverma/Desktop/seattle_project/test_build/seattlelib_v1/scripts/test_target/bundle_test_helper.py", line 9, in <module>
    repyhelper.translate_and_import('bundle.repy')
  File "/Users/sandeepverma/Desktop/seattle_project/test_build/seattlelib_v1/scripts/test_target/repyhelper.py", line 439, in translate_and_import
    _import_file_contents_to_caller_namespace(modulename, preserve_globals)
  File "/Users/sandeepverma/Desktop/seattle_project/test_build/seattlelib_v1/scripts/test_target/repyhelper.py", line 469, in _import_file_contents_to_caller_namespace
    import_module = __import__(modulename)
  File "/Users/sandeepverma/Desktop/seattle_project/test_build/seattlelib_v1/scripts/test_target/bundle_repy.py", line 10, in <module>
    from repyportability import *
  File "/Users/sandeepverma/Desktop/seattle_project/test_build/seattlelib_v1/scripts/test_target/repyportability.py", line 9, in <module>
    import safe
  File "/Users/sandeepverma/Desktop/seattle_project/test_build/seattlelib_v1/scripts/test_target/safe.py", line 68, in <module>
    import nonportable  # This is to get the current runtime
  File "/Users/sandeepverma/Desktop/seattle_project/test_build/seattlelib_v1/scripts/test_target/nonportable.py", line 27, in <module>
    import tracebackrepy  
  File "/Users/sandeepverma/Desktop/seattle_project/test_build/seattlelib_v1/scripts/test_target/tracebackrepy.py", line 35, in <module>
    import servicelogger
ImportError: No module named servicelogger

..............................Expected..............................
None
--------------------------------------------------------------------------------
	Running: ut_bundle_cli_extract_multiple.py                  [ FAIL ]
--------------------------------------------------------------------------------
Standard error :
..............................Produced..............................
Traceback (most recent call last):
  File "ut_bundle_cli_extract_multiple.py", line 5, in <module>
    import bundle_test_helper
  File "/Users/sandeepverma/Desktop/seattle_project/test_build/seattlelib_v1/scripts/test_target/bundle_test_helper.py", line 9, in <module>
    repyhelper.translate_and_import('bundle.repy')
  File "/Users/sandeepverma/Desktop/seattle_project/test_build/seattlelib_v1/scripts/test_target/repyhelper.py", line 439, in translate_and_import
    _import_file_contents_to_caller_namespace(modulename, preserve_globals)
  File "/Users/sandeepverma/Desktop/seattle_project/test_build/seattlelib_v1/scripts/test_target/repyhelper.py", line 469, in _import_file_contents_to_caller_namespace
    import_module = __import__(modulename)
  File "/Users/sandeepverma/Desktop/seattle_project/test_build/seattlelib_v1/scripts/test_target/bundle_repy.py", line 10, in <module>
    from repyportability import *
  File "/Users/sandeepverma/Desktop/seattle_project/test_build/seattlelib_v1/scripts/test_target/repyportability.py", line 9, in <module>
    import safe
  File "/Users/sandeepverma/Desktop/seattle_project/test_build/seattlelib_v1/scripts/test_target/safe.py", line 68, in <module>
    import nonportable  # This is to get the current runtime
  File "/Users/sandeepverma/Desktop/seattle_project/test_build/seattlelib_v1/scripts/test_target/nonportable.py", line 27, in <module>
    import tracebackrepy  
  File "/Users/sandeepverma/Desktop/seattle_project/test_build/seattlelib_v1/scripts/test_target/tracebackrepy.py", line 35, in <module>
    import servicelogger
ImportError: No module named servicelogger

..............................Expected..............................
None
--------------------------------------------------------------------------------
	Running: ut_bundle_cli_help.py                              [ FAIL ]
--------------------------------------------------------------------------------
Standard error :
..............................Produced..............................
Traceback (most recent call last):
  File "bundler.py", line 45, in <module>
    repyhelper.translate_and_import('bundle.repy')
  File "/Users/sandeepverma/Desktop/seattle_project/test_build/seattlelib_v1/scripts/test_target/repyhelper.py", line 439, in translate_and_import
    _import_file_contents_to_caller_namespace(modulename, preserve_globals)
  File "/Users/sandeepverma/Desktop/seattle_project/test_build/seattlelib_v1/scripts/test_target/repyhelper.py", line 469, in _import_file_contents_to_caller_namespace
    import_module = __import__(modulename)
  File "/Users/sandeepverma/Desktop/seattle_project/test_build/seattlelib_v1/scripts/test_target/bundle_repy.py", line 10, in <module>
    from repyportability import *
  File "/Users/sandeepverma/Desktop/seattle_project/test_build/seattlelib_v1/scripts/test_target/repyportability.py", line 9, in <module>
    import safe
  File "/Users/sandeepverma/Desktop/seattle_project/test_build/seattlelib_v1/scripts/test_target/safe.py", line 68, in <module>
    import nonportable  # This is to get the current runtime
  File "/Users/sandeepverma/Desktop/seattle_project/test_build/seattlelib_v1/scripts/test_target/nonportable.py", line 27, in <module>
    import tracebackrepy  
  File "/Users/sandeepverma/Desktop/seattle_project/test_build/seattlelib_v1/scripts/test_target/tracebackrepy.py", line 35, in <module>
    import servicelogger
ImportError: No module named servicelogger
Traceback (most recent call last):
  File "bundler.py", line 45, in <module>
    repyhelper.translate_and_import('bundle.repy')
  File "/Users/sandeepverma/Desktop/seattle_project/test_build/seattlelib_v1/scripts/test_target/repyhelper.py", line 439, in translate_and_import
    _import_file_contents_to_caller_namespace(modulename, preserve_globals)
  File "/Users/sandeepverma/Desktop/seattle_project/test_build/seattlelib_v1/scripts/test_target/repyhelper.py", line 469, in _import_file_contents_to_caller_namespace
    import_module = __import__(modulename)
  File "/Users/sandeepverma/Desktop/seattle_project/test_build/seattlelib_v1/scripts/test_target/bundle_repy.py", line 10, in <module>
    from repyportability import *
  File "/Users/sandeepverma/Desktop/seattle_project/test_build/seattlelib_v1/scripts/test_target/repyportability.py", line 9, in <module>
    import safe
  File "/Users/sandeepverma/Desktop/seattle_project/test_build/seattlelib_v1/scripts/test_target/safe.py", line 68, in <module>
    import nonportable  # This is to get the current runtime
  File "/Users/sandeepverma/Desktop/seattle_project/test_build/seattlelib_v1/scripts/test_target/nonportable.py", line 27, in <module>
    import tracebackrepy  
  File "/Users/sandeepverma/Desktop/seattle_project/test_build/seattlelib_v1/scripts/test_target/tracebackrepy.py", line 35, in <module>
    import servicelogger
ImportError: No module named servicelogger
Traceback (most recent call last):
  File "bundler.py", line 45, in <module>
    repyhelper.translate_and_import('bundle.repy')
  File "/Users/sandeepverma/Desktop/seattle_project/test_build/seattlelib_v1/scripts/test_target/repyhelper.py", line 439, in translate_and_import
    _import_file_contents_to_caller_namespace(modulename, preserve_globals)
  File "/Users/sandeepverma/Desktop/seattle_project/test_build/seattlelib_v1/scripts/test_target/repyhelper.py", line 469, in _import_file_contents_to_caller_namespace
    import_module = __import__(modulename)
  File "/Users/sandeepverma/Desktop/seattle_project/test_build/seattlelib_v1/scripts/test_target/bundle_repy.py", line 10, in <module>
    from repyportability import *
  File "/Users/sandeepverma/Desktop/seattle_project/test_build/seattlelib_v1/scripts/test_target/repyportability.py", line 9, in <module>
    import safe
  File "/Users/sandeepverma/Desktop/seattle_project/test_build/seattlelib_v1/scripts/test_target/safe.py", line 68, in <module>
    import nonportable  # This is to get the current runtime
  File "/Users/sandeepverma/Desktop/seattle_project/test_build/seattlelib_v1/scripts/test_target/nonportable.py", line 27, in <module>
    import tracebackrepy  
  File "/Users/sandeepverma/Desktop/seattle_project/test_build/seattlelib_v1/scripts/test_target/tracebackrepy.py", line 35, in <module>
    import servicelogger
ImportError: No module named servicelogger

..............................Expected..............................
None
--------------------------------------------------------------------------------
Standard out :
..............................Produced..............................




..............................Expected..............................
Valid commands:
  $ bundle.repy create [source] bundlename
  $ bundle.repy wipe bundlename [outputfile]
  $ bundle.repy [list | extract-all]
  $ bundle.repy [add | extract | remove] bundlename {filename}
For more information on how to use a particular command:
  $ bundle.repy help [command]
$ bundle.repy create [source] bundlename
Creates a new bundle at the specified output file.  If no source file is given
and the output file already exists, the existing file will be embedded into
the bundle.  Otherwise, the existing file will be overwritten.
$ bundle.repy add bundlename file_1 [file_2] ... [file_n]
Adds the specified files to the bundle.  You must provide at least one file,
and file names must not have any spaces.

--------------------------------------------------------------------------------
	Running: ut_bundle_cli_list.py                              [ FAIL ]
--------------------------------------------------------------------------------
Standard error :
..............................Produced..............................
Traceback (most recent call last):
  File "ut_bundle_cli_list.py", line 5, in <module>
    import bundle_test_helper
  File "/Users/sandeepverma/Desktop/seattle_project/test_build/seattlelib_v1/scripts/test_target/bundle_test_helper.py", line 9, in <module>
    repyhelper.translate_and_import('bundle.repy')
  File "/Users/sandeepverma/Desktop/seattle_project/test_build/seattlelib_v1/scripts/test_target/repyhelper.py", line 439, in translate_and_import
    _import_file_contents_to_caller_namespace(modulename, preserve_globals)
  File "/Users/sandeepverma/Desktop/seattle_project/test_build/seattlelib_v1/scripts/test_target/repyhelper.py", line 469, in _import_file_contents_to_caller_namespace
    import_module = __import__(modulename)
  File "/Users/sandeepverma/Desktop/seattle_project/test_build/seattlelib_v1/scripts/test_target/bundle_repy.py", line 10, in <module>
    from repyportability import *
  File "/Users/sandeepverma/Desktop/seattle_project/test_build/seattlelib_v1/scripts/test_target/repyportability.py", line 9, in <module>
    import safe
  File "/Users/sandeepverma/Desktop/seattle_project/test_build/seattlelib_v1/scripts/test_target/safe.py", line 68, in <module>
    import nonportable  # This is to get the current runtime
  File "/Users/sandeepverma/Desktop/seattle_project/test_build/seattlelib_v1/scripts/test_target/nonportable.py", line 27, in <module>
    import tracebackrepy  
  File "/Users/sandeepverma/Desktop/seattle_project/test_build/seattlelib_v1/scripts/test_target/tracebackrepy.py", line 35, in <module>
    import servicelogger
ImportError: No module named servicelogger

..............................Expected..............................
None
--------------------------------------------------------------------------------
Standard out :
..............................Produced..............................

..............................Expected..............................
Bundle contents:
Filename   Size (bytes)
src1copy             87
src2copy            100
src3copy            461

--------------------------------------------------------------------------------
	Running: ut_bundle_cli_noargs.py                            [ FAIL ]
--------------------------------------------------------------------------------
Standard error :
..............................Produced..............................
Traceback (most recent call last):
  File "bundler.py", line 45, in <module>
    repyhelper.translate_and_import('bundle.repy')
  File "/Users/sandeepverma/Desktop/seattle_project/test_build/seattlelib_v1/scripts/test_target/repyhelper.py", line 439, in translate_and_import
    _import_file_contents_to_caller_namespace(modulename, preserve_globals)
  File "/Users/sandeepverma/Desktop/seattle_project/test_build/seattlelib_v1/scripts/test_target/repyhelper.py", line 469, in _import_file_contents_to_caller_namespace
    import_module = __import__(modulename)
  File "/Users/sandeepverma/Desktop/seattle_project/test_build/seattlelib_v1/scripts/test_target/bundle_repy.py", line 10, in <module>
    from repyportability import *
  File "/Users/sandeepverma/Desktop/seattle_project/test_build/seattlelib_v1/scripts/test_target/repyportability.py", line 9, in <module>
    import safe
  File "/Users/sandeepverma/Desktop/seattle_project/test_build/seattlelib_v1/scripts/test_target/safe.py", line 68, in <module>
    import nonportable  # This is to get the current runtime
  File "/Users/sandeepverma/Desktop/seattle_project/test_build/seattlelib_v1/scripts/test_target/nonportable.py", line 27, in <module>
    import tracebackrepy  
  File "/Users/sandeepverma/Desktop/seattle_project/test_build/seattlelib_v1/scripts/test_target/tracebackrepy.py", line 35, in <module>
    import servicelogger
ImportError: No module named servicelogger

..............................Expected..............................
None
--------------------------------------------------------------------------------
Standard out :
..............................Produced..............................


..............................Expected..............................
Valid commands:
  $ bundle.repy create [source] bundlename
  $ bundle.repy wipe bundlename [outputfile]
  $ bundle.repy [list | extract-all]
  $ bundle.repy [add | extract | remove] bundlename {filename}
For more information on how to use a particular command:
  $ bundle.repy help [command]

--------------------------------------------------------------------------------
	Running: ut_bundle_cli_remove_multiple.py                   [ FAIL ]
--------------------------------------------------------------------------------
Standard error :
..............................Produced..............................
Traceback (most recent call last):
  File "ut_bundle_cli_remove_multiple.py", line 5, in <module>
    import bundle_test_helper
  File "/Users/sandeepverma/Desktop/seattle_project/test_build/seattlelib_v1/scripts/test_target/bundle_test_helper.py", line 9, in <module>
    repyhelper.translate_and_import('bundle.repy')
  File "/Users/sandeepverma/Desktop/seattle_project/test_build/seattlelib_v1/scripts/test_target/repyhelper.py", line 439, in translate_and_import
    _import_file_contents_to_caller_namespace(modulename, preserve_globals)
  File "/Users/sandeepverma/Desktop/seattle_project/test_build/seattlelib_v1/scripts/test_target/repyhelper.py", line 469, in _import_file_contents_to_caller_namespace
    import_module = __import__(modulename)
  File "/Users/sandeepverma/Desktop/seattle_project/test_build/seattlelib_v1/scripts/test_target/bundle_repy.py", line 10, in <module>
    from repyportability import *
  File "/Users/sandeepverma/Desktop/seattle_project/test_build/seattlelib_v1/scripts/test_target/repyportability.py", line 9, in <module>
    import safe
  File "/Users/sandeepverma/Desktop/seattle_project/test_build/seattlelib_v1/scripts/test_target/safe.py", line 68, in <module>
    import nonportable  # This is to get the current runtime
  File "/Users/sandeepverma/Desktop/seattle_project/test_build/seattlelib_v1/scripts/test_target/nonportable.py", line 27, in <module>
    import tracebackrepy  
  File "/Users/sandeepverma/Desktop/seattle_project/test_build/seattlelib_v1/scripts/test_target/tracebackrepy.py", line 35, in <module>
    import servicelogger
ImportError: No module named servicelogger

..............................Expected..............................
None
--------------------------------------------------------------------------------
Standard out :
..............................Produced..............................

..............................Expected..............................
{}

--------------------------------------------------------------------------------
	Running: ut_bundle_cli_remove_one.py                        [ FAIL ]
--------------------------------------------------------------------------------
Standard error :
..............................Produced..............................
Traceback (most recent call last):
  File "ut_bundle_cli_remove_one.py", line 5, in <module>
    import bundle_test_helper
  File "/Users/sandeepverma/Desktop/seattle_project/test_build/seattlelib_v1/scripts/test_target/bundle_test_helper.py", line 9, in <module>
    repyhelper.translate_and_import('bundle.repy')
  File "/Users/sandeepverma/Desktop/seattle_project/test_build/seattlelib_v1/scripts/test_target/repyhelper.py", line 439, in translate_and_import
    _import_file_contents_to_caller_namespace(modulename, preserve_globals)
  File "/Users/sandeepverma/Desktop/seattle_project/test_build/seattlelib_v1/scripts/test_target/repyhelper.py", line 469, in _import_file_contents_to_caller_namespace
    import_module = __import__(modulename)
  File "/Users/sandeepverma/Desktop/seattle_project/test_build/seattlelib_v1/scripts/test_target/bundle_repy.py", line 10, in <module>
    from repyportability import *
  File "/Users/sandeepverma/Desktop/seattle_project/test_build/seattlelib_v1/scripts/test_target/repyportability.py", line 9, in <module>
    import safe
  File "/Users/sandeepverma/Desktop/seattle_project/test_build/seattlelib_v1/scripts/test_target/safe.py", line 68, in <module>
    import nonportable  # This is to get the current runtime
  File "/Users/sandeepverma/Desktop/seattle_project/test_build/seattlelib_v1/scripts/test_target/nonportable.py", line 27, in <module>
    import tracebackrepy  
  File "/Users/sandeepverma/Desktop/seattle_project/test_build/seattlelib_v1/scripts/test_target/tracebackrepy.py", line 35, in <module>
    import servicelogger
ImportError: No module named servicelogger

..............................Expected..............................
None
--------------------------------------------------------------------------------
Standard out :
..............................Produced..............................

..............................Expected..............................
{'src3copy': 461, 'src2copy': 100}

--------------------------------------------------------------------------------
	Running: ut_bundle_cli_wipe.py                              [ FAIL ]
--------------------------------------------------------------------------------
Standard error :
..............................Produced..............................
Traceback (most recent call last):
  File "ut_bundle_cli_wipe.py", line 6, in <module>
    import bundle_test_helper
  File "/Users/sandeepverma/Desktop/seattle_project/test_build/seattlelib_v1/scripts/test_target/bundle_test_helper.py", line 9, in <module>
    repyhelper.translate_and_import('bundle.repy')
  File "/Users/sandeepverma/Desktop/seattle_project/test_build/seattlelib_v1/scripts/test_target/repyhelper.py", line 439, in translate_and_import
    _import_file_contents_to_caller_namespace(modulename, preserve_globals)
  File "/Users/sandeepverma/Desktop/seattle_project/test_build/seattlelib_v1/scripts/test_target/repyhelper.py", line 469, in _import_file_contents_to_caller_namespace
    import_module = __import__(modulename)
  File "/Users/sandeepverma/Desktop/seattle_project/test_build/seattlelib_v1/scripts/test_target/bundle_repy.py", line 10, in <module>
    from repyportability import *
  File "/Users/sandeepverma/Desktop/seattle_project/test_build/seattlelib_v1/scripts/test_target/repyportability.py", line 9, in <module>
    import safe
  File "/Users/sandeepverma/Desktop/seattle_project/test_build/seattlelib_v1/scripts/test_target/safe.py", line 68, in <module>
    import nonportable  # This is to get the current runtime
  File "/Users/sandeepverma/Desktop/seattle_project/test_build/seattlelib_v1/scripts/test_target/nonportable.py", line 27, in <module>
    import tracebackrepy  
  File "/Users/sandeepverma/Desktop/seattle_project/test_build/seattlelib_v1/scripts/test_target/tracebackrepy.py", line 35, in <module>
    import servicelogger
ImportError: No module named servicelogger

..............................Expected..............................
None
--------------------------------------------------------------------------------
	Running: ut_bundle_cli_wipe_output.py                       [ FAIL ]
--------------------------------------------------------------------------------
Standard error :
..............................Produced..............................
Traceback (most recent call last):
  File "ut_bundle_cli_wipe_output.py", line 18, in <module>
    test_bundle_contents = open(ORIGINAL_BUNDLE_FN, 'rb').read()
IOError: [Errno 2] No such file or directory: 'test_readonly.bundle.repy'

..............................Expected..............................
None
--------------------------------------------------------------------------------
	Running: ut_bundle_encode.py                                [ FAIL ]
--------------------------------------------------------------------------------
Standard error :
..............................Produced..............................
Traceback (most recent call last):
  File "ut_bundle_encode.py", line 2, in <module>
    repyhelper.translate_and_import('bundle.repy')
  File "/Users/sandeepverma/Desktop/seattle_project/test_build/seattlelib_v1/scripts/test_target/repyhelper.py", line 439, in translate_and_import
    _import_file_contents_to_caller_namespace(modulename, preserve_globals)
  File "/Users/sandeepverma/Desktop/seattle_project/test_build/seattlelib_v1/scripts/test_target/repyhelper.py", line 469, in _import_file_contents_to_caller_namespace
    import_module = __import__(modulename)
  File "/Users/sandeepverma/Desktop/seattle_project/test_build/seattlelib_v1/scripts/test_target/bundle_repy.py", line 10, in <module>
    from repyportability import *
  File "/Users/sandeepverma/Desktop/seattle_project/test_build/seattlelib_v1/scripts/test_target/repyportability.py", line 9, in <module>
    import safe
  File "/Users/sandeepverma/Desktop/seattle_project/test_build/seattlelib_v1/scripts/test_target/safe.py", line 68, in <module>
    import nonportable  # This is to get the current runtime
  File "/Users/sandeepverma/Desktop/seattle_project/test_build/seattlelib_v1/scripts/test_target/nonportable.py", line 27, in <module>
    import tracebackrepy  
  File "/Users/sandeepverma/Desktop/seattle_project/test_build/seattlelib_v1/scripts/test_target/tracebackrepy.py", line 35, in <module>
    import servicelogger
ImportError: No module named servicelogger

..............................Expected..............................
None
--------------------------------------------------------------------------------
	Running: ut_bundle_run_embedded.py                          [ FAIL ]
--------------------------------------------------------------------------------
Standard error :
..............................Produced..............................
Traceback (most recent call last):
  File "ut_bundle_run_embedded.py", line 8, in <module>
    import bundle_test_helper
  File "/Users/sandeepverma/Desktop/seattle_project/test_build/seattlelib_v1/scripts/test_target/bundle_test_helper.py", line 9, in <module>
    repyhelper.translate_and_import('bundle.repy')
  File "/Users/sandeepverma/Desktop/seattle_project/test_build/seattlelib_v1/scripts/test_target/repyhelper.py", line 439, in translate_and_import
    _import_file_contents_to_caller_namespace(modulename, preserve_globals)
  File "/Users/sandeepverma/Desktop/seattle_project/test_build/seattlelib_v1/scripts/test_target/repyhelper.py", line 469, in _import_file_contents_to_caller_namespace
    import_module = __import__(modulename)
  File "/Users/sandeepverma/Desktop/seattle_project/test_build/seattlelib_v1/scripts/test_target/bundle_repy.py", line 10, in <module>
    from repyportability import *
  File "/Users/sandeepverma/Desktop/seattle_project/test_build/seattlelib_v1/scripts/test_target/repyportability.py", line 9, in <module>
    import safe
  File "/Users/sandeepverma/Desktop/seattle_project/test_build/seattlelib_v1/scripts/test_target/safe.py", line 68, in <module>
    import nonportable  # This is to get the current runtime
  File "/Users/sandeepverma/Desktop/seattle_project/test_build/seattlelib_v1/scripts/test_target/nonportable.py", line 27, in <module>
    import tracebackrepy  
  File "/Users/sandeepverma/Desktop/seattle_project/test_build/seattlelib_v1/scripts/test_target/tracebackrepy.py", line 35, in <module>
    import servicelogger
ImportError: No module named servicelogger

..............................Expected..............................
None
--------------------------------------------------------------------------------



module:- nodemanager
Test Results:
sandeepermasmbp:test_target sandeepverma$ python utf.py -a
Testing module: nm
Now starting subprocess: ut_nm_subprocess.py
Generating user keys...
Generating key...
Writing config file...
Writing vessel dictionary...
	Running: ut_nm_addfiletovessel.r2py                         [ PASS ]
	Running: ut_nm_addfiletovessel_duplicate_filename.r2py      [ PASS ]
	Running: ut_nm_addfiletovessel_emptyfile.r2py               [ PASS ]
	Running: ut_nm_addfiletovessel_emptyfilename.r2py           [ FAIL ]
--------------------------------------------------------------------------------
Standard error :
..............................Produced..............................
Internal Error
---
Uncaught exception!
---
Following is a full traceback, and a user traceback.
The user traceback excludes non-user modules. The most recent call is displayed last.

Full debugging traceback:
  "/Users/sandeepverma/Desktop/seattle_project/test_build/nodemanager/scripts/test_target/namespace.py", line 1207, in wrapped_function
  "/Users/sandeepverma/Desktop/seattle_project/test_build/nodemanager/scripts/test_target/emulcomm.py", line 886, in sendmessage

User traceback:

Exception (with class 'socket.error'): [Errno 1] Operation not permitted
---

..............................Expected..............................
None
--------------------------------------------------------------------------------
	Running: ut_nm_addfiletovessel_invalidfilename.r2py         [ FAIL ]
--------------------------------------------------------------------------------
Standard error :
..............................Produced..............................
---
Uncaught exception!
---
Following is a full traceback, and a user traceback.
The user traceback excludes non-user modules. The most recent call is displayed last.

Full debugging traceback:
  "repy.py", line 154, in execute_namespace_until_completion
  "/Users/sandeepverma/Desktop/seattle_project/test_build/nodemanager/scripts/test_target/virtual_namespace.py", line 117, in evaluate
  "/Users/sandeepverma/Desktop/seattle_project/test_build/nodemanager/scripts/test_target/safe.py", line 588, in safe_run
  "dylink.r2py", line 546, in <module>
  "dylink.r2py", line 407, in dylink_dispatch
  "dylink.r2py", line 520, in evaluate
  "/Users/sandeepverma/Desktop/seattle_project/test_build/nodemanager/scripts/test_target/virtual_namespace.py", line 117, in evaluate
  "/Users/sandeepverma/Desktop/seattle_project/test_build/nodemanager/scripts/test_target/safe.py", line 588, in safe_run
  "ut_nm_addfiletovessel_invalidfilename.r2py", line 36, in <module>

User traceback:
  "dylink.r2py", line 546, in <module>
  "dylink.r2py", line 407, in dylink_dispatch
  "dylink.r2py", line 520, in evaluate
  "ut_nm_addfiletovessel_invalidfilename.r2py", line 36, in <module>

Exception (with type 'exceptions.NameError'): name 'my_name' is not defined
---

..............................Expected..............................
None
--------------------------------------------------------------------------------
	Running: ut_nm_addfiletovessel_parentdir.r2py               [ FAIL ]
--------------------------------------------------------------------------------
Standard error :
..............................Produced..............................
---
Uncaught exception!
---
Following is a full traceback, and a user traceback.
The user traceback excludes non-user modules. The most recent call is displayed last.

Full debugging traceback:
  "repy.py", line 154, in execute_namespace_until_completion
  "/Users/sandeepverma/Desktop/seattle_project/test_build/nodemanager/scripts/test_target/virtual_namespace.py", line 117, in evaluate
  "/Users/sandeepverma/Desktop/seattle_project/test_build/nodemanager/scripts/test_target/safe.py", line 588, in safe_run
  "dylink.r2py", line 546, in <module>
  "dylink.r2py", line 407, in dylink_dispatch
  "dylink.r2py", line 520, in evaluate
  "/Users/sandeepverma/Desktop/seattle_project/test_build/nodemanager/scripts/test_target/virtual_namespace.py", line 117, in evaluate
  "/Users/sandeepverma/Desktop/seattle_project/test_build/nodemanager/scripts/test_target/safe.py", line 588, in safe_run
  "ut_nm_addfiletovessel_parentdir.r2py", line 36, in <module>

User traceback:
  "dylink.r2py", line 546, in <module>
  "dylink.r2py", line 407, in dylink_dispatch
  "dylink.r2py", line 520, in evaluate
  "ut_nm_addfiletovessel_parentdir.r2py", line 36, in <module>

Exception (with type 'exceptions.NameError'): name 'my_zeno_name' is not defined
---

..............................Expected..............................
None
--------------------------------------------------------------------------------
	Running: ut_nm_changeadvertise.r2py                         [ FAIL ]
--------------------------------------------------------------------------------
Standard error :
..............................Produced..............................
Internal Error
---
Uncaught exception!
---
Following is a full traceback, and a user traceback.
The user traceback excludes non-user modules. The most recent call is displayed last.

Full debugging traceback:
  "/Users/sandeepverma/Desktop/seattle_project/test_build/nodemanager/scripts/test_target/namespace.py", line 1207, in wrapped_function
  "/Users/sandeepverma/Desktop/seattle_project/test_build/nodemanager/scripts/test_target/emulcomm.py", line 886, in sendmessage

User traceback:

Exception (with class 'socket.error'): [Errno 1] Operation not permitted
---

..............................Expected..............................
None
--------------------------------------------------------------------------------
	Running: ut_nm_changeadvertise_invalidsequenceid.r2py       [ FAIL ]
--------------------------------------------------------------------------------
Standard error :
..............................Produced..............................
---
Uncaught exception!
---
Following is a full traceback, and a user traceback.
The user traceback excludes non-user modules. The most recent call is displayed last.

Full debugging traceback:
  "repy.py", line 154, in execute_namespace_until_completion
  "/Users/sandeepverma/Desktop/seattle_project/test_build/nodemanager/scripts/test_target/virtual_namespace.py", line 117, in evaluate
  "/Users/sandeepverma/Desktop/seattle_project/test_build/nodemanager/scripts/test_target/safe.py", line 588, in safe_run
  "dylink.r2py", line 546, in <module>
  "dylink.r2py", line 407, in dylink_dispatch
  "dylink.r2py", line 520, in evaluate
  "/Users/sandeepverma/Desktop/seattle_project/test_build/nodemanager/scripts/test_target/virtual_namespace.py", line 117, in evaluate
  "/Users/sandeepverma/Desktop/seattle_project/test_build/nodemanager/scripts/test_target/safe.py", line 588, in safe_run
  "ut_nm_changeadvertise_invalidsequenceid.r2py", line 58, in <module>

User traceback:
  "dylink.r2py", line 546, in <module>
  "dylink.r2py", line 407, in dylink_dispatch
  "dylink.r2py", line 520, in evaluate
  "ut_nm_changeadvertise_invalidsequenceid.r2py", line 58, in <module>

Exception (with type 'exceptions.NameError'): name 'NMClientException' is not defined
---

..............................Expected..............................
None
--------------------------------------------------------------------------------
	Running: ut_nm_changeadvertise_invalidsequenceidnegative.r2py [ FAIL ]
--------------------------------------------------------------------------------
Standard error :
..............................Produced..............................
Internal Error
---
Uncaught exception!
---
Following is a full traceback, and a user traceback.
The user traceback excludes non-user modules. The most recent call is displayed last.

Full debugging traceback:
  "/Users/sandeepverma/Desktop/seattle_project/test_build/nodemanager/scripts/test_target/namespace.py", line 1207, in wrapped_function
  "/Users/sandeepverma/Desktop/seattle_project/test_build/nodemanager/scripts/test_target/emulcomm.py", line 886, in sendmessage

User traceback:

Exception (with class 'socket.error'): [Errno 1] Operation not permitted
---

..............................Expected..............................
None
--------------------------------------------------------------------------------
	Running: ut_nm_changeadvertise_invalidsequenceidstring.r2py [ FAIL ]
--------------------------------------------------------------------------------
Standard error :
..............................Produced..............................
---
Uncaught exception!
---
Following is a full traceback, and a user traceback.
The user traceback excludes non-user modules. The most recent call is displayed last.

Full debugging traceback:
  "repy.py", line 154, in execute_namespace_until_completion
  "/Users/sandeepverma/Desktop/seattle_project/test_build/nodemanager/scripts/test_target/virtual_namespace.py", line 117, in evaluate
  "/Users/sandeepverma/Desktop/seattle_project/test_build/nodemanager/scripts/test_target/safe.py", line 588, in safe_run
  "dylink.r2py", line 546, in <module>
  "dylink.r2py", line 407, in dylink_dispatch
  "dylink.r2py", line 520, in evaluate
  "/Users/sandeepverma/Desktop/seattle_project/test_build/nodemanager/scripts/test_target/virtual_namespace.py", line 117, in evaluate
  "/Users/sandeepverma/Desktop/seattle_project/test_build/nodemanager/scripts/test_target/safe.py", line 588, in safe_run
  "ut_nm_changeadvertise_invalidsequenceidstring.r2py", line 58, in <module>

User traceback:
  "dylink.r2py", line 546, in <module>
  "dylink.r2py", line 407, in dylink_dispatch
  "dylink.r2py", line 520, in evaluate
  "ut_nm_changeadvertise_invalidsequenceidstring.r2py", line 58, in <module>

Exception (with type 'exceptions.NameError'): name 'NMClientException' is not defined
---

..............................Expected..............................
None
--------------------------------------------------------------------------------
	Running: ut_nm_changeowner.r2py                             [ FAIL ]
--------------------------------------------------------------------------------
Standard error :
..............................Produced..............................
---
Uncaught exception!
---
Following is a full traceback, and a user traceback.
The user traceback excludes non-user modules. The most recent call is displayed last.

Full debugging traceback:
  "repy.py", line 154, in execute_namespace_until_completion
  "/Users/sandeepverma/Desktop/seattle_project/test_build/nodemanager/scripts/test_target/virtual_namespace.py", line 117, in evaluate
  "/Users/sandeepverma/Desktop/seattle_project/test_build/nodemanager/scripts/test_target/safe.py", line 588, in safe_run
  "dylink.r2py", line 546, in <module>
  "dylink.r2py", line 407, in dylink_dispatch
  "dylink.r2py", line 520, in evaluate
  "/Users/sandeepverma/Desktop/seattle_project/test_build/nodemanager/scripts/test_target/virtual_namespace.py", line 117, in evaluate
  "/Users/sandeepverma/Desktop/seattle_project/test_build/nodemanager/scripts/test_target/safe.py", line 588, in safe_run
  "ut_nm_changeowner.r2py", line 55, in <module>
  "nmclient.r2py", line 414, in nmclient_listaccessiblevessels
  "nmclient.r2py", line 435, in nmclient_getvesseldict
  "nmclient.r2py", line 352, in nmclient_rawsay
  "nmclient.r2py", line 144, in nmclient_rawcommunicate

User traceback:
  "dylink.r2py", line 546, in <module>
  "dylink.r2py", line 407, in dylink_dispatch
  "dylink.r2py", line 520, in evaluate
  "ut_nm_changeowner.r2py", line 55, in <module>
  "nmclient.r2py", line 414, in nmclient_listaccessiblevessels
  "nmclient.r2py", line 435, in nmclient_getvesseldict
  "nmclient.r2py", line 352, in nmclient_rawsay
  "nmclient.r2py", line 144, in nmclient_rawcommunicate

Exception (with class '.NMClientException'): AddressBindingError('Could not find any usable source port in the range [12345, 12346] on IP address 172.16.14.71.',)
---

..............................Expected..............................
None
--------------------------------------------------------------------------------
	Running: ut_nm_changeowner_expired.r2py                     [ FAIL ]
--------------------------------------------------------------------------------
Standard error :
..............................Produced..............................
---
Uncaught exception!
---
Following is a full traceback, and a user traceback.
The user traceback excludes non-user modules. The most recent call is displayed last.

Full debugging traceback:
  "repy.py", line 154, in execute_namespace_until_completion
  "/Users/sandeepverma/Desktop/seattle_project/test_build/nodemanager/scripts/test_target/virtual_namespace.py", line 117, in evaluate
  "/Users/sandeepverma/Desktop/seattle_project/test_build/nodemanager/scripts/test_target/safe.py", line 588, in safe_run
  "dylink.r2py", line 546, in <module>
  "dylink.r2py", line 407, in dylink_dispatch
  "dylink.r2py", line 520, in evaluate
  "/Users/sandeepverma/Desktop/seattle_project/test_build/nodemanager/scripts/test_target/virtual_namespace.py", line 117, in evaluate
  "/Users/sandeepverma/Desktop/seattle_project/test_build/nodemanager/scripts/test_target/safe.py", line 588, in safe_run
  "ut_nm_changeowner_expired.r2py", line 62, in <module>
  "nmclient.r2py", line 414, in nmclient_listaccessiblevessels
  "nmclient.r2py", line 435, in nmclient_getvesseldict
  "nmclient.r2py", line 352, in nmclient_rawsay
  "nmclient.r2py", line 144, in nmclient_rawcommunicate

User traceback:
  "dylink.r2py", line 546, in <module>
  "dylink.r2py", line 407, in dylink_dispatch
  "dylink.r2py", line 520, in evaluate
  "ut_nm_changeowner_expired.r2py", line 62, in <module>
  "nmclient.r2py", line 414, in nmclient_listaccessiblevessels
  "nmclient.r2py", line 435, in nmclient_getvesseldict
  "nmclient.r2py", line 352, in nmclient_rawsay
  "nmclient.r2py", line 144, in nmclient_rawcommunicate

Exception (with class '.NMClientException'): AddressBindingError('Could not find any usable source port in the range [12346, 12345] on IP address 172.16.14.71.',)
---

..............................Expected..............................
None
--------------------------------------------------------------------------------
	Running: ut_nm_changeowner_invalidkey.r2py                  [ FAIL ]
--------------------------------------------------------------------------------
Standard error :
..............................Produced..............................
---
Uncaught exception!
---
Following is a full traceback, and a user traceback.
The user traceback excludes non-user modules. The most recent call is displayed last.

Full debugging traceback:
  "repy.py", line 154, in execute_namespace_until_completion
  "/Users/sandeepverma/Desktop/seattle_project/test_build/nodemanager/scripts/test_target/virtual_namespace.py", line 117, in evaluate
  "/Users/sandeepverma/Desktop/seattle_project/test_build/nodemanager/scripts/test_target/safe.py", line 588, in safe_run
  "dylink.r2py", line 546, in <module>
  "dylink.r2py", line 407, in dylink_dispatch
  "dylink.r2py", line 520, in evaluate
  "/Users/sandeepverma/Desktop/seattle_project/test_build/nodemanager/scripts/test_target/virtual_namespace.py", line 117, in evaluate
  "/Users/sandeepverma/Desktop/seattle_project/test_build/nodemanager/scripts/test_target/safe.py", line 588, in safe_run
  "ut_nm_changeowner_invalidkey.r2py", line 70, in <module>

User traceback:
  "dylink.r2py", line 546, in <module>
  "dylink.r2py", line 407, in dylink_dispatch
  "dylink.r2py", line 520, in evaluate
  "ut_nm_changeowner_invalidkey.r2py", line 70, in <module>

Exception (with type 'exceptions.NameError'): name 'NMClientException' is not defined
---

..............................Expected..............................
None
--------------------------------------------------------------------------------
	Running: ut_nm_changeowner_validsequenceid.r2py             [ FAIL ]
--------------------------------------------------------------------------------
Standard error :
..............................Produced..............................
---
Uncaught exception!
---
Following is a full traceback, and a user traceback.
The user traceback excludes non-user modules. The most recent call is displayed last.

Full debugging traceback:
  "repy.py", line 154, in execute_namespace_until_completion
  "/Users/sandeepverma/Desktop/seattle_project/test_build/nodemanager/scripts/test_target/virtual_namespace.py", line 117, in evaluate
  "/Users/sandeepverma/Desktop/seattle_project/test_build/nodemanager/scripts/test_target/safe.py", line 588, in safe_run
  "dylink.r2py", line 546, in <module>
  "dylink.r2py", line 407, in dylink_dispatch
  "dylink.r2py", line 520, in evaluate
  "/Users/sandeepverma/Desktop/seattle_project/test_build/nodemanager/scripts/test_target/virtual_namespace.py", line 117, in evaluate
  "/Users/sandeepverma/Desktop/seattle_project/test_build/nodemanager/scripts/test_target/safe.py", line 588, in safe_run
  "ut_nm_changeowner_validsequenceid.r2py", line 51, in <module>
  "nmclient.r2py", line 414, in nmclient_listaccessiblevessels
  "nmclient.r2py", line 435, in nmclient_getvesseldict
  "nmclient.r2py", line 352, in nmclient_rawsay
  "nmclient.r2py", line 144, in nmclient_rawcommunicate

User traceback:
  "dylink.r2py", line 546, in <module>
  "dylink.r2py", line 407, in dylink_dispatch
  "dylink.r2py", line 520, in evaluate
  "ut_nm_changeowner_validsequenceid.r2py", line 51, in <module>
  "nmclient.r2py", line 414, in nmclient_listaccessiblevessels
  "nmclient.r2py", line 435, in nmclient_getvesseldict
  "nmclient.r2py", line 352, in nmclient_rawsay
  "nmclient.r2py", line 144, in nmclient_rawcommunicate

Exception (with class '.NMClientException'): AddressBindingError('Could not find any usable source port in the range [12345, 12346] on IP address 172.16.14.71.',)
---

..............................Expected..............................
None
--------------------------------------------------------------------------------
	Running: ut_nm_changeownerinfo.r2py                         [ PASS ]
	Running: ut_nm_changeownerinfo_emptystring.r2py             [ PASS ]
	Running: ut_nm_changeownerinfo_escapecharacters.r2py        [ FAIL ]
--------------------------------------------------------------------------------
Standard error :
..............................Produced..............................
---
Uncaught exception!
---
Following is a full traceback, and a user traceback.
The user traceback excludes non-user modules. The most recent call is displayed last.

Full debugging traceback:
  "repy.py", line 154, in execute_namespace_until_completion
  "/Users/sandeepverma/Desktop/seattle_project/test_build/nodemanager/scripts/test_target/virtual_namespace.py", line 117, in evaluate
  "/Users/sandeepverma/Desktop/seattle_project/test_build/nodemanager/scripts/test_target/safe.py", line 588, in safe_run
  "dylink.r2py", line 546, in <module>
  "dylink.r2py", line 407, in dylink_dispatch
  "dylink.r2py", line 520, in evaluate
  "/Users/sandeepverma/Desktop/seattle_project/test_build/nodemanager/scripts/test_target/virtual_namespace.py", line 117, in evaluate
  "/Users/sandeepverma/Desktop/seattle_project/test_build/nodemanager/scripts/test_target/safe.py", line 588, in safe_run
  "ut_nm_changeownerinfo_escapecharacters.r2py", line 58, in <module>

User traceback:
  "dylink.r2py", line 546, in <module>
  "dylink.r2py", line 407, in dylink_dispatch
  "dylink.r2py", line 520, in evaluate
  "ut_nm_changeownerinfo_escapecharacters.r2py", line 58, in <module>

Exception (with type 'exceptions.NameError'): name 'NMClientException' is not defined
---

..............................Expected..............................
None
--------------------------------------------------------------------------------
	Running: ut_nm_changeownerinfo_longstring.r2py              [ FAIL ]
--------------------------------------------------------------------------------
Standard error :
..............................Produced..............................
Internal Error
---
Uncaught exception!
---
Following is a full traceback, and a user traceback.
The user traceback excludes non-user modules. The most recent call is displayed last.

Full debugging traceback:
  "/Users/sandeepverma/Desktop/seattle_project/test_build/nodemanager/scripts/test_target/namespace.py", line 1207, in wrapped_function
  "/Users/sandeepverma/Desktop/seattle_project/test_build/nodemanager/scripts/test_target/emulcomm.py", line 886, in sendmessage

User traceback:

Exception (with class 'socket.error'): [Errno 1] Operation not permitted
---

..............................Expected..............................
None
--------------------------------------------------------------------------------
	Running: ut_nm_changeownerinfo_unicode.r2py                 [ FAIL ]
--------------------------------------------------------------------------------
Standard error :
..............................Produced..............................
---
Uncaught exception!
---
Following is a full traceback, and a user traceback.
The user traceback excludes non-user modules. The most recent call is displayed last.

Full debugging traceback:
  "repy.py", line 154, in execute_namespace_until_completion
  "/Users/sandeepverma/Desktop/seattle_project/test_build/nodemanager/scripts/test_target/virtual_namespace.py", line 117, in evaluate
  "/Users/sandeepverma/Desktop/seattle_project/test_build/nodemanager/scripts/test_target/safe.py", line 588, in safe_run
  "dylink.r2py", line 546, in <module>
  "dylink.r2py", line 407, in dylink_dispatch
  "dylink.r2py", line 520, in evaluate
  "/Users/sandeepverma/Desktop/seattle_project/test_build/nodemanager/scripts/test_target/virtual_namespace.py", line 117, in evaluate
  "/Users/sandeepverma/Desktop/seattle_project/test_build/nodemanager/scripts/test_target/safe.py", line 588, in safe_run
  "ut_nm_changeownerinfo_unicode.r2py", line 37, in <module>
  "nmclient.r2py", line 298, in nmclient_createhandle

User traceback:
  "dylink.r2py", line 546, in <module>
  "dylink.r2py", line 407, in dylink_dispatch
  "dylink.r2py", line 520, in evaluate
  "ut_nm_changeownerinfo_unicode.r2py", line 37, in <module>
  "nmclient.r2py", line 298, in nmclient_createhandle

Exception (with class '.NMClientException'): TimeoutError('Error performing lookup.   No services succeeded.',)
---

..............................Expected..............................
None
--------------------------------------------------------------------------------
	Running: ut_nm_changeusers.r2py                             [ FAIL ]
--------------------------------------------------------------------------------
Standard error :
..............................Produced..............................
---
Uncaught exception!
---
Following is a full traceback, and a user traceback.
The user traceback excludes non-user modules. The most recent call is displayed last.

Full debugging traceback:
  "repy.py", line 154, in execute_namespace_until_completion
  "/Users/sandeepverma/Desktop/seattle_project/test_build/nodemanager/scripts/test_target/virtual_namespace.py", line 117, in evaluate
  "/Users/sandeepverma/Desktop/seattle_project/test_build/nodemanager/scripts/test_target/safe.py", line 588, in safe_run
  "dylink.r2py", line 546, in <module>
  "dylink.r2py", line 407, in dylink_dispatch
  "dylink.r2py", line 520, in evaluate
  "/Users/sandeepverma/Desktop/seattle_project/test_build/nodemanager/scripts/test_target/virtual_namespace.py", line 117, in evaluate
  "/Users/sandeepverma/Desktop/seattle_project/test_build/nodemanager/scripts/test_target/safe.py", line 588, in safe_run
  "ut_nm_changeusers.r2py", line 43, in <module>
  "nmclient.r2py", line 298, in nmclient_createhandle

User traceback:
  "dylink.r2py", line 546, in <module>
  "dylink.r2py", line 407, in dylink_dispatch
  "dylink.r2py", line 520, in evaluate
  "ut_nm_changeusers.r2py", line 43, in <module>
  "nmclient.r2py", line 298, in nmclient_createhandle

Exception (with class '.NMClientException'): TimeoutError('Error performing lookup.   No services succeeded.',)
---

..............................Expected..............................
None
--------------------------------------------------------------------------------
	Running: ut_nm_changeusers_invalid_action.r2py              [ FAIL ]
--------------------------------------------------------------------------------
Standard error :
..............................Produced..............................
---
Uncaught exception!
---
Following is a full traceback, and a user traceback.
The user traceback excludes non-user modules. The most recent call is displayed last.

Full debugging traceback:
  "repy.py", line 154, in execute_namespace_until_completion
  "/Users/sandeepverma/Desktop/seattle_project/test_build/nodemanager/scripts/test_target/virtual_namespace.py", line 117, in evaluate
  "/Users/sandeepverma/Desktop/seattle_project/test_build/nodemanager/scripts/test_target/safe.py", line 588, in safe_run
  "dylink.r2py", line 546, in <module>
  "dylink.r2py", line 407, in dylink_dispatch
  "dylink.r2py", line 520, in evaluate
  "/Users/sandeepverma/Desktop/seattle_project/test_build/nodemanager/scripts/test_target/virtual_namespace.py", line 117, in evaluate
  "/Users/sandeepverma/Desktop/seattle_project/test_build/nodemanager/scripts/test_target/safe.py", line 588, in safe_run
  "ut_nm_changeusers_invalid_action.r2py", line 70, in <module>

User traceback:
  "dylink.r2py", line 546, in <module>
  "dylink.r2py", line 407, in dylink_dispatch
  "dylink.r2py", line 520, in evaluate
  "ut_nm_changeusers_invalid_action.r2py", line 70, in <module>

Exception (with type 'exceptions.NameError'): name 'NMClientException' is not defined
---

..............................Expected..............................
None
--------------------------------------------------------------------------------
	Running: ut_nm_changeusers_invalidactions.r2py              [ FAIL ]
--------------------------------------------------------------------------------
Standard error :
..............................Produced..............................
Internal Error
---
Uncaught exception!
---
Following is a full traceback, and a user traceback.
The user traceback excludes non-user modules. The most recent call is displayed last.

Full debugging traceback:
  "/Users/sandeepverma/Desktop/seattle_project/test_build/nodemanager/scripts/test_target/namespace.py", line 1207, in wrapped_function
  "/Users/sandeepverma/Desktop/seattle_project/test_build/nodemanager/scripts/test_target/emulcomm.py", line 886, in sendmessage

User traceback:

Exception (with class 'socket.error'): [Errno 1] Operation not permitted
---

..............................Expected..............................
None
--------------------------------------------------------------------------------
	Running: ut_nm_deletefileinvessel.r2py                      [ FAIL ]
--------------------------------------------------------------------------------
Standard error :
..............................Produced..............................
---
Uncaught exception!
---
Following is a full traceback, and a user traceback.
The user traceback excludes non-user modules. The most recent call is displayed last.

Full debugging traceback:
  "repy.py", line 154, in execute_namespace_until_completion
  "/Users/sandeepverma/Desktop/seattle_project/test_build/nodemanager/scripts/test_target/virtual_namespace.py", line 117, in evaluate
  "/Users/sandeepverma/Desktop/seattle_project/test_build/nodemanager/scripts/test_target/safe.py", line 588, in safe_run
  "dylink.r2py", line 546, in <module>
  "dylink.r2py", line 407, in dylink_dispatch
  "dylink.r2py", line 520, in evaluate
  "/Users/sandeepverma/Desktop/seattle_project/test_build/nodemanager/scripts/test_target/virtual_namespace.py", line 117, in evaluate
  "/Users/sandeepverma/Desktop/seattle_project/test_build/nodemanager/scripts/test_target/safe.py", line 588, in safe_run
  "ut_nm_deletefileinvessel.r2py", line 60, in <module>

User traceback:
  "dylink.r2py", line 546, in <module>
  "dylink.r2py", line 407, in dylink_dispatch
  "dylink.r2py", line 520, in evaluate
  "ut_nm_deletefileinvessel.r2py", line 60, in <module>

Exception (with type 'exceptions.NameError'): name 'NMClientException' is not defined
---

..............................Expected..............................
None
--------------------------------------------------------------------------------
	Running: ut_nm_fastclient.py                                [ FAIL ]
--------------------------------------------------------------------------------
Standard error :
..............................Produced..............................
Traceback (most recent call last):
  File "ut_nm_fastclient.py", line 41, in <module>
    nmhandle = fastnmclient.nmclient.nmclient_createhandle(getmyip(), 1224)
AttributeError: 'module' object has no attribute 'nmclient'

..............................Expected..............................
None
--------------------------------------------------------------------------------
	Running: ut_nm_getoffcut.r2py                               [ PASS ]
	Running: ut_nm_getresources.r2py                            [ PASS ]
	Running: ut_nm_joinsplitvessels.r2py                        [ PASS ]
	Running: ut_nm_listfilesinvessel.r2py                       [ PASS ]
	Running: ut_nm_listfilesinvessel_add_and_remove.r2py        [ FAIL ]
--------------------------------------------------------------------------------
Standard error :
..............................Produced..............................
---
Uncaught exception!
---
Following is a full traceback, and a user traceback.
The user traceback excludes non-user modules. The most recent call is displayed last.

Full debugging traceback:
  "repy.py", line 154, in execute_namespace_until_completion
  "/Users/sandeepverma/Desktop/seattle_project/test_build/nodemanager/scripts/test_target/virtual_namespace.py", line 117, in evaluate
  "/Users/sandeepverma/Desktop/seattle_project/test_build/nodemanager/scripts/test_target/safe.py", line 588, in safe_run
  "dylink.r2py", line 546, in <module>
  "dylink.r2py", line 407, in dylink_dispatch
  "dylink.r2py", line 520, in evaluate
  "/Users/sandeepverma/Desktop/seattle_project/test_build/nodemanager/scripts/test_target/virtual_namespace.py", line 117, in evaluate
  "/Users/sandeepverma/Desktop/seattle_project/test_build/nodemanager/scripts/test_target/safe.py", line 588, in safe_run
  "ut_nm_listfilesinvessel_add_and_remove.r2py", line 56, in <module>

User traceback:
  "dylink.r2py", line 546, in <module>
  "dylink.r2py", line 407, in dylink_dispatch
  "dylink.r2py", line 520, in evaluate
  "ut_nm_listfilesinvessel_add_and_remove.r2py", line 56, in <module>

Exception (with type 'exceptions.NameError'): name 'NMClientException' is not defined
---

..............................Expected..............................
None
--------------------------------------------------------------------------------
	Running: ut_nm_listfilesinvessel_clean_state_add.r2py       [ PASS ]
	Running: ut_nm_listfilesinvessel_no_files.r2py              [ PASS ]
	Running: ut_nm_private_addfile.r2py                         [ FAIL ]
--------------------------------------------------------------------------------
Standard error :
..............................Produced..............................
---
Uncaught exception!
---
Following is a full traceback, and a user traceback.
The user traceback excludes non-user modules. The most recent call is displayed last.

Full debugging traceback:
  "repy.py", line 154, in execute_namespace_until_completion
  "/Users/sandeepverma/Desktop/seattle_project/test_build/nodemanager/scripts/test_target/virtual_namespace.py", line 117, in evaluate
  "/Users/sandeepverma/Desktop/seattle_project/test_build/nodemanager/scripts/test_target/safe.py", line 588, in safe_run
  "dylink.r2py", line 546, in <module>
  "dylink.r2py", line 407, in dylink_dispatch
  "dylink.r2py", line 520, in evaluate
  "/Users/sandeepverma/Desktop/seattle_project/test_build/nodemanager/scripts/test_target/virtual_namespace.py", line 117, in evaluate
  "/Users/sandeepverma/Desktop/seattle_project/test_build/nodemanager/scripts/test_target/safe.py", line 588, in safe_run
  "ut_nm_private_addfile.r2py", line 58, in <module>

User traceback:
  "dylink.r2py", line 546, in <module>
  "dylink.r2py", line 407, in dylink_dispatch
  "dylink.r2py", line 520, in evaluate
  "ut_nm_private_addfile.r2py", line 58, in <module>

Exception (with type 'exceptions.NameError'): name 'NMClientException' is not defined
---

..............................Expected..............................
None
--------------------------------------------------------------------------------
	Running: ut_nm_private_deletefile.r2py                      [ FAIL ]
--------------------------------------------------------------------------------
Standard error :
..............................Produced..............................
Internal Error
---
Uncaught exception!
---
Following is a full traceback, and a user traceback.
The user traceback excludes non-user modules. The most recent call is displayed last.

Full debugging traceback:
  "/Users/sandeepverma/Desktop/seattle_project/test_build/nodemanager/scripts/test_target/namespace.py", line 1207, in wrapped_function
  "/Users/sandeepverma/Desktop/seattle_project/test_build/nodemanager/scripts/test_target/emulcomm.py", line 886, in sendmessage

User traceback:

Exception (with class 'socket.error'): [Errno 1] Operation not permitted
---

..............................Expected..............................
None
--------------------------------------------------------------------------------
	Running: ut_nm_private_listfiles.r2py                       [ FAIL ]
--------------------------------------------------------------------------------
Standard error :
..............................Produced..............................
---
Uncaught exception!
---
Following is a full traceback, and a user traceback.
The user traceback excludes non-user modules. The most recent call is displayed last.

Full debugging traceback:
  "repy.py", line 154, in execute_namespace_until_completion
  "/Users/sandeepverma/Desktop/seattle_project/test_build/nodemanager/scripts/test_target/virtual_namespace.py", line 117, in evaluate
  "/Users/sandeepverma/Desktop/seattle_project/test_build/nodemanager/scripts/test_target/safe.py", line 588, in safe_run
  "dylink.r2py", line 546, in <module>
  "dylink.r2py", line 407, in dylink_dispatch
  "dylink.r2py", line 520, in evaluate
  "/Users/sandeepverma/Desktop/seattle_project/test_build/nodemanager/scripts/test_target/virtual_namespace.py", line 117, in evaluate
  "/Users/sandeepverma/Desktop/seattle_project/test_build/nodemanager/scripts/test_target/safe.py", line 588, in safe_run
  "ut_nm_private_listfiles.r2py", line 63, in <module>
  "nmclient.r2py", line 386, in nmclient_signedsay

User traceback:
  "dylink.r2py", line 546, in <module>
  "dylink.r2py", line 407, in dylink_dispatch
  "dylink.r2py", line 520, in evaluate
  "ut_nm_private_listfiles.r2py", line 63, in <module>
  "nmclient.r2py", line 386, in nmclient_signedsay

Exception (with class '.NMClientException'): Node Manager warning 'Did not start in a timely manner'
---

..............................Expected..............................
None
--------------------------------------------------------------------------------
	Running: ut_nm_private_resetvessel.r2py                     [ FAIL ]
--------------------------------------------------------------------------------
Standard error :
..............................Produced..............................
---
Uncaught exception!
---
Following is a full traceback, and a user traceback.
The user traceback excludes non-user modules. The most recent call is displayed last.

Full debugging traceback:
  "repy.py", line 154, in execute_namespace_until_completion
  "/Users/sandeepverma/Desktop/seattle_project/test_build/nodemanager/scripts/test_target/virtual_namespace.py", line 117, in evaluate
  "/Users/sandeepverma/Desktop/seattle_project/test_build/nodemanager/scripts/test_target/safe.py", line 588, in safe_run
  "dylink.r2py", line 546, in <module>
  "dylink.r2py", line 407, in dylink_dispatch
  "dylink.r2py", line 520, in evaluate
  "/Users/sandeepverma/Desktop/seattle_project/test_build/nodemanager/scripts/test_target/virtual_namespace.py", line 117, in evaluate
  "/Users/sandeepverma/Desktop/seattle_project/test_build/nodemanager/scripts/test_target/safe.py", line 588, in safe_run
  "ut_nm_private_resetvessel.r2py", line 63, in <module>
  "nmclient.r2py", line 386, in nmclient_signedsay

User traceback:
  "dylink.r2py", line 546, in <module>
  "dylink.r2py", line 407, in dylink_dispatch
  "dylink.r2py", line 520, in evaluate
  "ut_nm_private_resetvessel.r2py", line 63, in <module>
  "nmclient.r2py", line 386, in nmclient_signedsay

Exception (with class '.NMClientException'): Node Manager warning 'Did not start in a timely manner'
---

..............................Expected..............................
None
--------------------------------------------------------------------------------
	Running: ut_nm_private_retrievefile.r2py                    [ FAIL ]
--------------------------------------------------------------------------------
Standard error :
..............................Produced..............................
Internal Error
---
Uncaught exception!
---
Following is a full traceback, and a user traceback.
The user traceback excludes non-user modules. The most recent call is displayed last.

Full debugging traceback:
  "/Users/sandeepverma/Desktop/seattle_project/test_build/nodemanager/scripts/test_target/namespace.py", line 1207, in wrapped_function
  "/Users/sandeepverma/Desktop/seattle_project/test_build/nodemanager/scripts/test_target/emulcomm.py", line 886, in sendmessage

User traceback:

Exception (with class 'socket.error'): [Errno 1] Operation not permitted
---

..............................Expected..............................
None
--------------------------------------------------------------------------------
	Running: ut_nm_rawsayemptymethodname.r2py                   [ FAIL ]
--------------------------------------------------------------------------------
Standard error :
..............................Produced..............................
---
Uncaught exception!
---
Following is a full traceback, and a user traceback.
The user traceback excludes non-user modules. The most recent call is displayed last.

Full debugging traceback:
  "repy.py", line 154, in execute_namespace_until_completion
  "/Users/sandeepverma/Desktop/seattle_project/test_build/nodemanager/scripts/test_target/virtual_namespace.py", line 117, in evaluate
  "/Users/sandeepverma/Desktop/seattle_project/test_build/nodemanager/scripts/test_target/safe.py", line 588, in safe_run
  "dylink.r2py", line 546, in <module>
  "dylink.r2py", line 407, in dylink_dispatch
  "dylink.r2py", line 520, in evaluate
  "/Users/sandeepverma/Desktop/seattle_project/test_build/nodemanager/scripts/test_target/virtual_namespace.py", line 117, in evaluate
  "/Users/sandeepverma/Desktop/seattle_project/test_build/nodemanager/scripts/test_target/safe.py", line 588, in safe_run
  "ut_nm_rawsayemptymethodname.r2py", line 42, in <module>

User traceback:
  "dylink.r2py", line 546, in <module>
  "dylink.r2py", line 407, in dylink_dispatch
  "dylink.r2py", line 520, in evaluate
  "ut_nm_rawsayemptymethodname.r2py", line 42, in <module>

Exception (with type 'exceptions.NameError'): name 'NMClientException' is not defined
---

..............................Expected..............................
None
--------------------------------------------------------------------------------
	Running: ut_nm_rawsaynonexistentmethod.r2py                 [ FAIL ]
--------------------------------------------------------------------------------
Standard error :
..............................Produced..............................
---
Uncaught exception!
---
Following is a full traceback, and a user traceback.
The user traceback excludes non-user modules. The most recent call is displayed last.

Full debugging traceback:
  "repy.py", line 154, in execute_namespace_until_completion
  "/Users/sandeepverma/Desktop/seattle_project/test_build/nodemanager/scripts/test_target/virtual_namespace.py", line 117, in evaluate
  "/Users/sandeepverma/Desktop/seattle_project/test_build/nodemanager/scripts/test_target/safe.py", line 588, in safe_run
  "dylink.r2py", line 546, in <module>
  "dylink.r2py", line 407, in dylink_dispatch
  "dylink.r2py", line 520, in evaluate
  "/Users/sandeepverma/Desktop/seattle_project/test_build/nodemanager/scripts/test_target/virtual_namespace.py", line 117, in evaluate
  "/Users/sandeepverma/Desktop/seattle_project/test_build/nodemanager/scripts/test_target/safe.py", line 588, in safe_run
  "ut_nm_rawsaynonexistentmethod.r2py", line 42, in <module>

User traceback:
  "dylink.r2py", line 546, in <module>
  "dylink.r2py", line 407, in dylink_dispatch
  "dylink.r2py", line 520, in evaluate
  "ut_nm_rawsaynonexistentmethod.r2py", line 42, in <module>

Exception (with type 'exceptions.NameError'): name 'NMClientException' is not defined
---

..............................Expected..............................
None
--------------------------------------------------------------------------------
	Running: ut_nm_readvessellog.r2py                           [ FAIL ]
--------------------------------------------------------------------------------
Standard error :
..............................Produced..............................
---
Uncaught exception!
---
Following is a full traceback, and a user traceback.
The user traceback excludes non-user modules. The most recent call is displayed last.

Full debugging traceback:
  "repy.py", line 154, in execute_namespace_until_completion
  "/Users/sandeepverma/Desktop/seattle_project/test_build/nodemanager/scripts/test_target/virtual_namespace.py", line 117, in evaluate
  "/Users/sandeepverma/Desktop/seattle_project/test_build/nodemanager/scripts/test_target/safe.py", line 588, in safe_run
  "dylink.r2py", line 546, in <module>
  "dylink.r2py", line 407, in dylink_dispatch
  "dylink.r2py", line 520, in evaluate
  "/Users/sandeepverma/Desktop/seattle_project/test_build/nodemanager/scripts/test_target/virtual_namespace.py", line 117, in evaluate
  "/Users/sandeepverma/Desktop/seattle_project/test_build/nodemanager/scripts/test_target/safe.py", line 588, in safe_run
  "ut_nm_readvessellog.r2py", line 38, in <module>
  "time.r2py", line 39, in time_updatetime
  "time_interface.r2py", line 105, in time_updatetime

User traceback:
  "dylink.r2py", line 546, in <module>
  "dylink.r2py", line 407, in dylink_dispatch
  "dylink.r2py", line 520, in evaluate
  "ut_nm_readvessellog.r2py", line 38, in <module>
  "time.r2py", line 39, in time_updatetime
  "time_interface.r2py", line 105, in time_updatetime

Exception (with class '.TimeError'): time_updatetime called before time_register_method!
---

..............................Expected..............................
None
--------------------------------------------------------------------------------
	Running: ut_nm_resetvessel.r2py                             [ FAIL ]
--------------------------------------------------------------------------------
Standard error :
..............................Produced..............................
---
Uncaught exception!
---
Following is a full traceback, and a user traceback.
The user traceback excludes non-user modules. The most recent call is displayed last.

Full debugging traceback:
  "repy.py", line 154, in execute_namespace_until_completion
  "/Users/sandeepverma/Desktop/seattle_project/test_build/nodemanager/scripts/test_target/virtual_namespace.py", line 117, in evaluate
  "/Users/sandeepverma/Desktop/seattle_project/test_build/nodemanager/scripts/test_target/safe.py", line 588, in safe_run
  "dylink.r2py", line 546, in <module>
  "dylink.r2py", line 407, in dylink_dispatch
  "dylink.r2py", line 520, in evaluate
  "/Users/sandeepverma/Desktop/seattle_project/test_build/nodemanager/scripts/test_target/virtual_namespace.py", line 117, in evaluate
  "/Users/sandeepverma/Desktop/seattle_project/test_build/nodemanager/scripts/test_target/safe.py", line 588, in safe_run
  "ut_nm_resetvessel.r2py", line 39, in <module>
  "time.r2py", line 39, in time_updatetime
  "time_interface.r2py", line 105, in time_updatetime

User traceback:
  "dylink.r2py", line 546, in <module>
  "dylink.r2py", line 407, in dylink_dispatch
  "dylink.r2py", line 520, in evaluate
  "ut_nm_resetvessel.r2py", line 39, in <module>
  "time.r2py", line 39, in time_updatetime
  "time_interface.r2py", line 105, in time_updatetime

Exception (with class '.TimeError'): time_updatetime called before time_register_method!
---

..............................Expected..............................
None
--------------------------------------------------------------------------------
	Running: ut_nm_resetvessel_multireset.r2py                  [ FAIL ]
--------------------------------------------------------------------------------
Standard error :
..............................Produced..............................
---
Uncaught exception!
---
Following is a full traceback, and a user traceback.
The user traceback excludes non-user modules. The most recent call is displayed last.

Full debugging traceback:
  "repy.py", line 154, in execute_namespace_until_completion
  "/Users/sandeepverma/Desktop/seattle_project/test_build/nodemanager/scripts/test_target/virtual_namespace.py", line 117, in evaluate
  "/Users/sandeepverma/Desktop/seattle_project/test_build/nodemanager/scripts/test_target/safe.py", line 588, in safe_run
  "dylink.r2py", line 546, in <module>
  "dylink.r2py", line 407, in dylink_dispatch
  "dylink.r2py", line 520, in evaluate
  "/Users/sandeepverma/Desktop/seattle_project/test_build/nodemanager/scripts/test_target/virtual_namespace.py", line 117, in evaluate
  "/Users/sandeepverma/Desktop/seattle_project/test_build/nodemanager/scripts/test_target/safe.py", line 588, in safe_run
  "ut_nm_resetvessel_multireset.r2py", line 50, in <module>
  "time.r2py", line 39, in time_updatetime
  "time_interface.r2py", line 105, in time_updatetime

User traceback:
  "dylink.r2py", line 546, in <module>
  "dylink.r2py", line 407, in dylink_dispatch
  "dylink.r2py", line 520, in evaluate
  "ut_nm_resetvessel_multireset.r2py", line 50, in <module>
  "time.r2py", line 39, in time_updatetime
  "time_interface.r2py", line 105, in time_updatetime

Exception (with class '.TimeError'): time_updatetime called before time_register_method!
---

..............................Expected..............................
None
--------------------------------------------------------------------------------
	Running: ut_nm_signedsayemptymethodname.r2py                [ FAIL ]
--------------------------------------------------------------------------------
Standard error :
..............................Produced..............................
---
Uncaught exception!
---
Following is a full traceback, and a user traceback.
The user traceback excludes non-user modules. The most recent call is displayed last.

Full debugging traceback:
  "repy.py", line 154, in execute_namespace_until_completion
  "/Users/sandeepverma/Desktop/seattle_project/test_build/nodemanager/scripts/test_target/virtual_namespace.py", line 117, in evaluate
  "/Users/sandeepverma/Desktop/seattle_project/test_build/nodemanager/scripts/test_target/safe.py", line 588, in safe_run
  "dylink.r2py", line 546, in <module>
  "dylink.r2py", line 407, in dylink_dispatch
  "dylink.r2py", line 520, in evaluate
  "/Users/sandeepverma/Desktop/seattle_project/test_build/nodemanager/scripts/test_target/virtual_namespace.py", line 117, in evaluate
  "/Users/sandeepverma/Desktop/seattle_project/test_build/nodemanager/scripts/test_target/safe.py", line 588, in safe_run
  "ut_nm_signedsayemptymethodname.r2py", line 56, in <module>

User traceback:
  "dylink.r2py", line 546, in <module>
  "dylink.r2py", line 407, in dylink_dispatch
  "dylink.r2py", line 520, in evaluate
  "ut_nm_signedsayemptymethodname.r2py", line 56, in <module>

Exception (with type 'exceptions.NameError'): name 'NMClientException' is not defined
---

..............................Expected..............................
None
--------------------------------------------------------------------------------
	Running: ut_nm_signedsaynonexistentmethod.r2py              [ FAIL ]
--------------------------------------------------------------------------------
Standard error :
..............................Produced..............................
---
Uncaught exception!
---
Following is a full traceback, and a user traceback.
The user traceback excludes non-user modules. The most recent call is displayed last.

Full debugging traceback:
  "repy.py", line 154, in execute_namespace_until_completion
  "/Users/sandeepverma/Desktop/seattle_project/test_build/nodemanager/scripts/test_target/virtual_namespace.py", line 117, in evaluate
  "/Users/sandeepverma/Desktop/seattle_project/test_build/nodemanager/scripts/test_target/safe.py", line 588, in safe_run
  "dylink.r2py", line 546, in <module>
  "dylink.r2py", line 407, in dylink_dispatch
  "dylink.r2py", line 520, in evaluate
  "/Users/sandeepverma/Desktop/seattle_project/test_build/nodemanager/scripts/test_target/virtual_namespace.py", line 117, in evaluate
  "/Users/sandeepverma/Desktop/seattle_project/test_build/nodemanager/scripts/test_target/safe.py", line 588, in safe_run
  "ut_nm_signedsaynonexistentmethod.r2py", line 56, in <module>

User traceback:
  "dylink.r2py", line 546, in <module>
  "dylink.r2py", line 407, in dylink_dispatch
  "dylink.r2py", line 520, in evaluate
  "ut_nm_signedsaynonexistentmethod.r2py", line 56, in <module>

Exception (with type 'exceptions.NameError'): name 'NMClientException' is not defined
---

..............................Expected..............................
None
--------------------------------------------------------------------------------
	Running: ut_nm_simple.r2py                                  [ PASS ]
	Running: ut_nm_startstopvessel.r2py                         [ FAIL ]
--------------------------------------------------------------------------------
Standard error :
..............................Produced..............................
---
Uncaught exception!
---
Following is a full traceback, and a user traceback.
The user traceback excludes non-user modules. The most recent call is displayed last.

Full debugging traceback:
  "repy.py", line 154, in execute_namespace_until_completion
  "/Users/sandeepverma/Desktop/seattle_project/test_build/nodemanager/scripts/test_target/virtual_namespace.py", line 117, in evaluate
  "/Users/sandeepverma/Desktop/seattle_project/test_build/nodemanager/scripts/test_target/safe.py", line 588, in safe_run
  "dylink.r2py", line 546, in <module>
  "dylink.r2py", line 407, in dylink_dispatch
  "dylink.r2py", line 520, in evaluate
  "/Users/sandeepverma/Desktop/seattle_project/test_build/nodemanager/scripts/test_target/virtual_namespace.py", line 117, in evaluate
  "/Users/sandeepverma/Desktop/seattle_project/test_build/nodemanager/scripts/test_target/safe.py", line 588, in safe_run
  "ut_nm_startstopvessel.r2py", line 38, in <module>
  "time.r2py", line 39, in time_updatetime
  "time_interface.r2py", line 105, in time_updatetime

User traceback:
  "dylink.r2py", line 546, in <module>
  "dylink.r2py", line 407, in dylink_dispatch
  "dylink.r2py", line 520, in evaluate
  "ut_nm_startstopvessel.r2py", line 38, in <module>
  "time.r2py", line 39, in time_updatetime
  "time_interface.r2py", line 105, in time_updatetime

Exception (with class '.TimeError'): time_updatetime called before time_register_method!
---

..............................Expected..............................
None
--------------------------------------------------------------------------------
	Running: ut_nm_timeout.r2py                                 [ FAIL ]
--------------------------------------------------------------------------------
Standard error :
..............................Produced..............................
---
Uncaught exception!
---
Following is a full traceback, and a user traceback.
The user traceback excludes non-user modules. The most recent call is displayed last.

Full debugging traceback:
  "repy.py", line 154, in execute_namespace_until_completion
  "/Users/sandeepverma/Desktop/seattle_project/test_build/nodemanager/scripts/test_target/virtual_namespace.py", line 117, in evaluate
  "/Users/sandeepverma/Desktop/seattle_project/test_build/nodemanager/scripts/test_target/safe.py", line 588, in safe_run
  "dylink.r2py", line 546, in <module>
  "dylink.r2py", line 407, in dylink_dispatch
  "dylink.r2py", line 520, in evaluate
  "/Users/sandeepverma/Desktop/seattle_project/test_build/nodemanager/scripts/test_target/virtual_namespace.py", line 117, in evaluate
  "/Users/sandeepverma/Desktop/seattle_project/test_build/nodemanager/scripts/test_target/safe.py", line 588, in safe_run
  "ut_nm_timeout.r2py", line 38, in <module>
  "time.r2py", line 39, in time_updatetime
  "time_interface.r2py", line 105, in time_updatetime

User traceback:
  "dylink.r2py", line 546, in <module>
  "dylink.r2py", line 407, in dylink_dispatch
  "dylink.r2py", line 520, in evaluate
  "ut_nm_timeout.r2py", line 38, in <module>
  "time.r2py", line 39, in time_updatetime
  "time_interface.r2py", line 105, in time_updatetime

Exception (with class '.TimeError'): time_updatetime called before time_register_method!
---

..............................Expected..............................
None
--------------------------------------------------------------------------------
	Running: ut_nm_timeout2.r2py                                [ FAIL ]
--------------------------------------------------------------------------------
Standard error :
..............................Produced..............................
---
Uncaught exception!
---
Following is a full traceback, and a user traceback.
The user traceback excludes non-user modules. The most recent call is displayed last.

Full debugging traceback:
  "repy.py", line 154, in execute_namespace_until_completion
  "/Users/sandeepverma/Desktop/seattle_project/test_build/nodemanager/scripts/test_target/virtual_namespace.py", line 117, in evaluate
  "/Users/sandeepverma/Desktop/seattle_project/test_build/nodemanager/scripts/test_target/safe.py", line 588, in safe_run
  "dylink.r2py", line 546, in <module>
  "dylink.r2py", line 407, in dylink_dispatch
  "dylink.r2py", line 520, in evaluate
  "/Users/sandeepverma/Desktop/seattle_project/test_build/nodemanager/scripts/test_target/virtual_namespace.py", line 117, in evaluate
  "/Users/sandeepverma/Desktop/seattle_project/test_build/nodemanager/scripts/test_target/safe.py", line 588, in safe_run
  "ut_nm_timeout2.r2py", line 38, in <module>
  "time.r2py", line 39, in time_updatetime
  "time_interface.r2py", line 105, in time_updatetime

User traceback:
  "dylink.r2py", line 546, in <module>
  "dylink.r2py", line 407, in dylink_dispatch
  "dylink.r2py", line 520, in evaluate
  "ut_nm_timeout2.r2py", line 38, in <module>
  "time.r2py", line 39, in time_updatetime
  "time_interface.r2py", line 105, in time_updatetime

Exception (with class '.TimeError'): time_updatetime called before time_register_method!
---

..............................Expected..............................
None
--------------------------------------------------------------------------------
	Running: ut_nm_validate_connection_limit.r2py               [ FAIL ]
--------------------------------------------------------------------------------
Standard error :
..............................Produced..............................
---
Uncaught exception!
---
Following is a full traceback, and a user traceback.
The user traceback excludes non-user modules. The most recent call is displayed last.

Full debugging traceback:
  "repy.py", line 399, in <module>
  "repy.py", line 350, in main
  "repy.py", line 305, in initialize_nanny
  "/Users/sandeepverma/Desktop/seattle_project/test_build/nodemanager/scripts/test_target/nanny.py", line 388, in start_resource_nanny
  "/Users/sandeepverma/Desktop/seattle_project/test_build/nodemanager/scripts/test_target/resourcemanipulation.py", line 96, in read_resourcedict_from_file

User traceback:
  "/Users/sandeepverma/Desktop/seattle_project/test_build/nodemanager/scripts/test_target/nanny.py", line 388, in start_resource_nanny
  "/Users/sandeepverma/Desktop/seattle_project/test_build/nodemanager/scripts/test_target/resourcemanipulation.py", line 96, in read_resourcedict_from_file

Exception (with type 'exceptions.IOError'): [Errno 2] No such file or directory: 'restrictions.loose'
---

..............................Expected..............................
None
--------------------------------------------------------------------------------
	Running: ut_nm_validate_connection_timeout.r2py             [ FAIL ]
--------------------------------------------------------------------------------
Standard error :
..............................Produced..............................
---
Uncaught exception!
---
Following is a full traceback, and a user traceback.
The user traceback excludes non-user modules. The most recent call is displayed last.

Full debugging traceback:
  "repy.py", line 399, in <module>
  "repy.py", line 350, in main
  "repy.py", line 305, in initialize_nanny
  "/Users/sandeepverma/Desktop/seattle_project/test_build/nodemanager/scripts/test_target/nanny.py", line 388, in start_resource_nanny
  "/Users/sandeepverma/Desktop/seattle_project/test_build/nodemanager/scripts/test_target/resourcemanipulation.py", line 96, in read_resourcedict_from_file

User traceback:
  "/Users/sandeepverma/Desktop/seattle_project/test_build/nodemanager/scripts/test_target/nanny.py", line 388, in start_resource_nanny
  "/Users/sandeepverma/Desktop/seattle_project/test_build/nodemanager/scripts/test_target/resourcemanipulation.py", line 96, in read_resourcedict_from_file

Exception (with type 'exceptions.IOError'): [Errno 2] No such file or directory: 'restrictions.loose'
---

..............................Expected..............................
None
--------------------------------------------------------------------------------
Now stopping subprocess: ut_nm_subprocess.py


Module name:- softwareupdater
Test Results:- 
Testing module: softwareupdaters
	Running: ut_softwareupdaters_testupdaterlocal.py            [ FAIL ]
--------------------------------------------------------------------------------
Standard error :
..............................Produced..............................
Traceback (most recent call last):
  File "ut_softwareupdaters_testupdaterlocal.py", line 72, in <module>
    import test_updater
  File "/Users/sandeepverma/Desktop/seattle_project/test_build/softwareupdater/scripts/test_target/test_updater.py", line 40, in <module>
    import nminit
ImportError: No module named nminit

..............................Expected..............................
None


Module :- zenodotus
Test Results:- sandeepermasmbp:test_target sandeepverma$ python utf.py -a
sandeepermasmbp:test_target sandeepverma$ 


Module: -  seattlelib_v2
Test Result:- 
Testing module: seattlelib
	Running: ut_seattlelib_advertisepipe_works.r2py             [ FAIL ]
--------------------------------------------------------------------------------
Standard error :
..............................Produced..............................
Internal Error
---
Uncaught exception!
---
Following is a full traceback, and a user traceback.
The user traceback excludes non-user modules. The most recent call is displayed last.

Full debugging traceback:
  "/Users/sandeepverma/Desktop/seattle_project/test_build/seattlelib_v2/scripts/test_target/namespace.py", line 1207, in wrapped_function
  "/Users/sandeepverma/Desktop/seattle_project/test_build/seattlelib_v2/scripts/test_target/emulcomm.py", line 886, in sendmessage

User traceback:

Exception (with class 'socket.error'): [Errno 1] Operation not permitted
---

..............................Expected..............................
None
--------------------------------------------------------------------------------
	Running: ut_seattlelib_centralizeadvertise.py               [ PASS ]
	Running: ut_seattlelib_centralizeadvertise_v2.py            [ FAIL ]
--------------------------------------------------------------------------------
Standard error :
..............................Produced..............................
Traceback (most recent call last):
  File "ut_seattlelib_centralizeadvertise_v2.py", line 19, in <module>
    v2centralizedadvertise_announce("test", "234389459", 10)
  File "/Users/sandeepverma/Desktop/seattle_project/test_build/seattlelib_v2/scripts/test_target/centralizedadvertise_v2.r2py", line 79, in v2centralizedadvertise_announce
    session.session_sendmessage(sockobj, datastringtosend)
  File "sockettimeout.r2py", line 301, in timeout_openconnection
    break
  File "/Users/sandeepverma/Desktop/seattle_project/test_build/seattlelib_v2/scripts/test_target/emulcomm.py", line 1304, in openconnection
    sock = _timed_conn_initialize(localip,localport,destip,destport, timeout)
  File "/Users/sandeepverma/Desktop/seattle_project/test_build/seattlelib_v2/scripts/test_target/emulcomm.py", line 1159, in _timed_conn_initialize
    raise ConnectionRefusedError("The connection was refused!") 
exception_hierarchy.ConnectionRefusedError: The connection was refused!

..............................Expected..............................
None
--------------------------------------------------------------------------------
	Running: ut_seattlelib_dylink_catch_nestedimport_exception.r2py [ PASS ]
	Running: ut_seattlelib_dylinkcircularimport1.r2py           [ PASS ]
	Running: ut_seattlelib_dylinkcircularimport2.r2py           [ PASS ]
	Running: ut_seattlelib_dylinkcircularimportsymbols1.r2py    [ PASS ]
	Running: ut_seattlelib_dylinkcircularimportsymbols2.r2py    [ PASS ]
	Running: ut_seattlelib_dylinkdispatch.r2py                  [ PASS ]
	Running: ut_seattlelib_dylinkimportmodule.r2py              [ PASS ]
	Running: ut_seattlelib_dylinkimportmodulesymbols.r2py       [ PASS ]
	Running: ut_seattlelib_dylinkoverwritesymbols.r2py          [ PASS ]
	Running: ut_seattlelib_dylinkpythonfromximport.py           [ PASS ]
	Running: ut_seattlelib_dylinkpythonimport.py                [ PASS ]
	Running: ut_seattlelib_dylinkrepyportabilityimportmodule.py [ PASS ]
	Running: ut_seattlelib_dylinkrepyportabilityimportmodulesymbols.py [ FAIL ]
--------------------------------------------------------------------------------
Standard out :
..............................Produced..............................
Unexpected contents in variable: local override (expected examplelib-repy.r2py's foo)

..............................Expected..............................
None
--------------------------------------------------------------------------------
	Running: ut_seattlelib_dylinkrespectsfileextensions.r2py    [ PASS ]
	Running: ut_seattlelib_dylinkselfimport.r2py                [ PASS ]
	Running: ut_seattlelib_dylinksimple.r2py                    [ PASS ]
	Running: ut_seattlelib_dylinksimplepython.py                [ PASS ]
	Running: ut_seattlelib_dylinktestlib1.r2py                  [ PASS ]
	Running: ut_seattlelib_dylinktestlib2.r2py                  [ PASS ]
	Running: ut_seattlelib_ntptime.py                           [ PASS ]
	Running: ut_seattlelib_parallelize_finishes.py              [ PASS ]
	Running: ut_seattlelib_session.r2py                         [ PASS ]
	Running: ut_seattlelib_sockettimeout.py                     [ PASS ]
	Running: ut_seattlelib_tcptime.py                           [ FAIL ]
--------------------------------------------------------------------------------
Standard out :
..............................Produced..............................
[FAILED]: TCP time failed for following reason: time_updatetime called before time_register_method!
..............................Expected..............................
None
--------------------------------------------------------------------------------
	Running: ut_seattlelib_time_interface_updatetime_before_registermethod.r2py [ PASS ]
	Running: ut_seattlelib_udpcentralizeadvertise.py            [ PASS ]
Testing module: librepy
	Running: ut_librepy_file_dup.py                             [ FAIL ]
--------------------------------------------------------------------------------
Standard out :
..............................Produced..............................
FATAL ERROR: Unable to read the specified program file: 'dylink.repy'

..............................Expected..............................
None
--------------------------------------------------------------------------------
	Running: ut_librepy_file_iter.py                            [ FAIL ]
--------------------------------------------------------------------------------
Standard out :
..............................Produced..............................
FATAL ERROR: Unable to read the specified program file: 'dylink.repy'

..............................Expected..............................
None
--------------------------------------------------------------------------------
	Running: ut_librepy_file_open.py                            [ FAIL ]
--------------------------------------------------------------------------------
Standard out :
..............................Produced..............................
FATAL ERROR: Unable to read the specified program file: 'dylink.repy'

..............................Expected..............................
None
--------------------------------------------------------------------------------
	Running: ut_librepy_file_read.py                            [ FAIL ]
--------------------------------------------------------------------------------
Standard out :
..............................Produced..............................
FATAL ERROR: Unable to read the specified program file: 'dylink.repy'

..............................Expected..............................
None
--------------------------------------------------------------------------------
	Running: ut_librepy_file_readline.py                        [ FAIL ]
--------------------------------------------------------------------------------
Standard out :
..............................Produced..............................
FATAL ERROR: Unable to read the specified program file: 'dylink.repy'

..............................Expected..............................
None
--------------------------------------------------------------------------------
	Running: ut_librepy_file_seek.py                            [ FAIL ]
--------------------------------------------------------------------------------
Standard out :
..............................Produced..............................
FATAL ERROR: Unable to read the specified program file: 'dylink.repy'

..............................Expected..............................
None
--------------------------------------------------------------------------------
	Running: ut_librepy_file_size.py                            [ FAIL ]
--------------------------------------------------------------------------------
Standard out :
..............................Produced..............................
FATAL ERROR: Unable to read the specified program file: 'dylink.repy'

..............................Expected..............................
None
--------------------------------------------------------------------------------
	Running: ut_librepy_file_write.py                           [ FAIL ]
--------------------------------------------------------------------------------
Standard out :
..............................Produced..............................
FATAL ERROR: Unable to read the specified program file: 'dylink.repy'

..............................Expected..............................
None
--------------------------------------------------------------------------------
	Running: ut_librepy_lock.py                                 [ FAIL ]
--------------------------------------------------------------------------------
Standard out :
..............................Produced..............................
FATAL ERROR: Unable to read the specified program file: 'dylink.repy'

..............................Expected..............................
None
--------------------------------------------------------------------------------
	Running: ut_librepy_openconn-args.py                        [ FAIL ]
--------------------------------------------------------------------------------
Standard out :
..............................Produced..............................
FATAL ERROR: Unable to read the specified program file: 'dylink.repy'

..............................Expected..............................
None
--------------------------------------------------------------------------------
	Running: ut_librepy_openconn-basic.py                       [ FAIL ]
--------------------------------------------------------------------------------
Standard out :
..............................Produced..............................
FATAL ERROR: Unable to read the specified program file: 'dylink.repy'

..............................Expected..............................
None
--------------------------------------------------------------------------------
	Running: ut_librepy_openconn-cleanup.py                     [ FAIL ]
--------------------------------------------------------------------------------
Standard out :
..............................Produced..............................
FATAL ERROR: Unable to read the specified program file: 'dylink.repy'

..............................Expected..............................
None
--------------------------------------------------------------------------------
	Running: ut_librepy_random.py                               [ FAIL ]
--------------------------------------------------------------------------------
Standard out :
..............................Produced..............................
FATAL ERROR: Unable to read the specified program file: 'dylink.repy'

..............................Expected..............................
None
--------------------------------------------------------------------------------
	Running: ut_librepy_recvmess-args.py                        [ FAIL ]
--------------------------------------------------------------------------------
Standard out :
..............................Produced..............................
FATAL ERROR: Unable to read the specified program file: 'dylink.repy'

..............................Expected..............................
None
--------------------------------------------------------------------------------
	Running: ut_librepy_recvmess-basic.py                       [ FAIL ]
--------------------------------------------------------------------------------
Standard out :
..............................Produced..............................
FATAL ERROR: Unable to read the specified program file: 'dylink.repy'

..............................Expected..............................
None
--------------------------------------------------------------------------------
	Running: ut_librepy_recvmess-basictheadpool.py              [ FAIL ]
--------------------------------------------------------------------------------
Standard out :
..............................Produced..............................
FATAL ERROR: Unable to read the specified program file: 'dylink.repy'

..............................Expected..............................
None
--------------------------------------------------------------------------------
	Running: ut_librepy_recvmess-dup.py                         [ FAIL ]
--------------------------------------------------------------------------------
Standard out :
..............................Produced..............................
FATAL ERROR: Unable to read the specified program file: 'dylink.repy'

..............................Expected..............................
None
--------------------------------------------------------------------------------
	Running: ut_librepy_recvmess-reuse.py                       [ FAIL ]
--------------------------------------------------------------------------------
Standard out :
..............................Produced..............................
FATAL ERROR: Unable to read the specified program file: 'dylink.repy'

..............................Expected..............................
None
--------------------------------------------------------------------------------
	Running: ut_librepy_recvmess-stop.py                        [ FAIL ]
--------------------------------------------------------------------------------
Standard out :
..............................Produced..............................
FATAL ERROR: Unable to read the specified program file: 'dylink.repy'

..............................Expected..............................
None
--------------------------------------------------------------------------------
	Running: ut_librepy_rlock.py                                [ FAIL ]
--------------------------------------------------------------------------------
Standard out :
..............................Produced..............................
FATAL ERROR: Unable to read the specified program file: 'dylink.repy'

..............................Expected..............................
None
--------------------------------------------------------------------------------
	Running: ut_librepy_runloop_basic.py                        [ FAIL ]
--------------------------------------------------------------------------------
Standard out :
..............................Produced..............................
FATAL ERROR: Unable to read the specified program file: 'dylink.repy'

..............................Expected..............................
None
--------------------------------------------------------------------------------
	Running: ut_librepy_runloop_cancel.py                       [ FAIL ]
--------------------------------------------------------------------------------
Standard out :
..............................Produced..............................
FATAL ERROR: Unable to read the specified program file: 'dylink.repy'

..............................Expected..............................
None
--------------------------------------------------------------------------------
	Running: ut_librepy_runloop_schedule.py                     [ FAIL ]
--------------------------------------------------------------------------------
Standard out :
..............................Produced..............................
FATAL ERROR: Unable to read the specified program file: 'dylink.repy'

..............................Expected..............................
None
--------------------------------------------------------------------------------
	Running: ut_librepy_runloop_terminate.py                    [ FAIL ]
--------------------------------------------------------------------------------
Standard out :
..............................Produced..............................
FATAL ERROR: Unable to read the specified program file: 'dylink.repy'

..............................Expected..............................
None
--------------------------------------------------------------------------------
	Running: ut_librepy_sendmess-args.py                        [ FAIL ]
--------------------------------------------------------------------------------
Standard out :
..............................Produced..............................
FATAL ERROR: Unable to read the specified program file: 'dylink.repy'

..............................Expected..............................
None
--------------------------------------------------------------------------------
	Running: ut_librepy_sendmess-basic.py                       [ FAIL ]
--------------------------------------------------------------------------------
Standard out :
..............................Produced..............................
FATAL ERROR: Unable to read the specified program file: 'dylink.repy'

..............................Expected..............................
None
--------------------------------------------------------------------------------
	Running: ut_librepy_socket-blockingrecv.py                  [ FAIL ]
--------------------------------------------------------------------------------
Standard out :
..............................Produced..............................
FATAL ERROR: Unable to read the specified program file: 'dylink.repy'

..............................Expected..............................
None
--------------------------------------------------------------------------------
	Running: ut_librepy_socket-blockingsend.py                  [ FAIL ]
--------------------------------------------------------------------------------
Standard out :
..............................Produced..............................
FATAL ERROR: Unable to read the specified program file: 'dylink.repy'

..............................Expected..............................
None
--------------------------------------------------------------------------------
	Running: ut_librepy_socket-largerecv.py                     [ FAIL ]
--------------------------------------------------------------------------------
Standard out :
..............................Produced..............................
FATAL ERROR: Unable to read the specified program file: 'dylink.repy'

..............................Expected..............................
None
--------------------------------------------------------------------------------
	Running: ut_librepy_socket-nonblockrecv.py                  [ FAIL ]
--------------------------------------------------------------------------------
Standard out :
..............................Produced..............................
FATAL ERROR: Unable to read the specified program file: 'dylink.repy'

..............................Expected..............................
None
--------------------------------------------------------------------------------
	Running: ut_librepy_socket-nonblocksend.py                  [ FAIL ]
--------------------------------------------------------------------------------
Standard out :
..............................Produced..............................
FATAL ERROR: Unable to read the specified program file: 'dylink.repy'

..............................Expected..............................
None
--------------------------------------------------------------------------------
	Running: ut_librepy_socket-sendrecvall.py                   [ FAIL ]
--------------------------------------------------------------------------------
Standard out :
..............................Produced..............................
FATAL ERROR: Unable to read the specified program file: 'dylink.repy'

..............................Expected..............................
None
--------------------------------------------------------------------------------
	Running: ut_librepy_socket-sockpeername.py                  [ FAIL ]
--------------------------------------------------------------------------------
Standard out :
..............................Produced..............................
FATAL ERROR: Unable to read the specified program file: 'dylink.repy'

..............................Expected..............................
None
--------------------------------------------------------------------------------
	Running: ut_librepy_socket-timeoutsend.py                   [ FAIL ]
--------------------------------------------------------------------------------
Standard out :
..............................Produced..............................
FATAL ERROR: Unable to read the specified program file: 'dylink.repy'

..............................Expected..............................
None
--------------------------------------------------------------------------------
	Running: ut_librepy_socket-timoutrecv.py                    [ FAIL ]
--------------------------------------------------------------------------------
Standard out :
..............................Produced..............................
FATAL ERROR: Unable to read the specified program file: 'dylink.repy'

..............................Expected..............................
None
--------------------------------------------------------------------------------
	Running: ut_librepy_subclassthread.py                       [ FAIL ]
--------------------------------------------------------------------------------
Standard out :
..............................Produced..............................
FATAL ERROR: Unable to read the specified program file: 'dylink.repy'

..............................Expected..............................
None
--------------------------------------------------------------------------------
	Running: ut_librepy_subclasstimer.py                        [ FAIL ]
--------------------------------------------------------------------------------
Standard out :
..............................Produced..............................
FATAL ERROR: Unable to read the specified program file: 'dylink.repy'

..............................Expected..............................
None
--------------------------------------------------------------------------------
	Running: ut_librepy_thread.py                               [ FAIL ]
--------------------------------------------------------------------------------
Standard out :
..............................Produced..............................
FATAL ERROR: Unable to read the specified program file: 'dylink.repy'

..............................Expected..............................
None
--------------------------------------------------------------------------------
	Running: ut_librepy_threadpool_destroy.py                   [ FAIL ]
--------------------------------------------------------------------------------
Standard out :
..............................Produced..............................
FATAL ERROR: Unable to read the specified program file: 'dylink.repy'

..............................Expected..............................
None
--------------------------------------------------------------------------------
	Running: ut_librepy_threadpool_downscaling.py               [ FAIL ]
--------------------------------------------------------------------------------
Standard out :
..............................Produced..............................
FATAL ERROR: Unable to read the specified program file: 'dylink.repy'

..............................Expected..............................
None
--------------------------------------------------------------------------------
	Running: ut_librepy_threadpool_maxthreads.py                [ FAIL ]
--------------------------------------------------------------------------------
Standard out :
..............................Produced..............................
FATAL ERROR: Unable to read the specified program file: 'dylink.repy'

..............................Expected..............................
None
--------------------------------------------------------------------------------
	Running: ut_librepy_threadpool_minthreads.py                [ FAIL ]
--------------------------------------------------------------------------------
Standard out :
..............................Produced..............................
FATAL ERROR: Unable to read the specified program file: 'dylink.repy'

..............................Expected..............................
None
--------------------------------------------------------------------------------
	Running: ut_librepy_threadpool_upscaling.py                 [ FAIL ]
--------------------------------------------------------------------------------
Standard out :
..............................Produced..............................
FATAL ERROR: Unable to read the specified program file: 'dylink.repy'

..............................Expected..............................
None
--------------------------------------------------------------------------------
	Running: ut_librepy_timer.py                                [ FAIL ]
--------------------------------------------------------------------------------
Standard out :
..............................Produced..............................
FATAL ERROR: Unable to read the specified program file: 'dylink.repy'

..............................Expected..............................
None
--------------------------------------------------------------------------------
	Running: ut_librepy_timerjoin.py                            [ FAIL ]
--------------------------------------------------------------------------------
Standard out :
..............................Produced..............................
FATAL ERROR: Unable to read the specified program file: 'dylink.repy'

..............................Expected..............................
None
--------------------------------------------------------------------------------
	Running: ut_librepy_waitforconn-args.py                     [ FAIL ]
--------------------------------------------------------------------------------
Standard out :
..............................Produced..............................
FATAL ERROR: Unable to read the specified program file: 'dylink.repy'

..............................Expected..............................
None
--------------------------------------------------------------------------------
	Running: ut_librepy_waitforconn-basic.py                    [ FAIL ]
--------------------------------------------------------------------------------
Standard out :
..............................Produced..............................
FATAL ERROR: Unable to read the specified program file: 'dylink.repy'

..............................Expected..............................
None
--------------------------------------------------------------------------------
	Running: ut_librepy_waitforconn-basictheadpool.py           [ FAIL ]
--------------------------------------------------------------------------------
Standard out :
..............................Produced..............................
FATAL ERROR: Unable to read the specified program file: 'dylink.repy'

..............................Expected..............................
None
--------------------------------------------------------------------------------
	Running: ut_librepy_waitforconn-dup.py                      [ FAIL ]
--------------------------------------------------------------------------------
Standard out :
..............................Produced..............................
FATAL ERROR: Unable to read the specified program file: 'dylink.repy'

..............................Expected..............................
None
--------------------------------------------------------------------------------
	Running: ut_librepy_waitforconn-reuse.py                    [ FAIL ]
--------------------------------------------------------------------------------
Standard out :
..............................Produced..............................
FATAL ERROR: Unable to read the specified program file: 'dylink.repy'

..............................Expected..............................
None
--------------------------------------------------------------------------------
	Running: ut_librepy_waitforconn-reusethreadpool.py          [ FAIL ]
--------------------------------------------------------------------------------
Standard out :
..............................Produced..............................
FATAL ERROR: Unable to read the specified program file: 'dylink.repy'

..............................Expected..............................
None
--------------------------------------------------------------------------------
	Running: ut_librepy_waitforconn-stop.py                     [ FAIL ]
--------------------------------------------------------------------------------
Standard out :
..............................Produced..............................
FATAL ERROR: Unable to read the specified program file: 'dylink.repy'

..............................Expected..............................
None
--------------------------------------------------------------------------------
sandeepermasmbp:test_target sandeepverma$ python utf.py -a








